#
# A fatal error has been detected by the Java Runtime Environment:
#
#  EXCEPTION_ACCESS_VIOLATION (0xc0000005) at pc=0x00007ffa83dde1f1, pid=17680, tid=10164
#
# JRE version: Java(TM) SE Runtime Environment (21.0.1+12) (build 21.0.1+12-LTS-29)
# Java VM: Java HotSpot(TM) 64-Bit Server VM (21.0.1+12-LTS-29, mixed mode, sharing, tiered, compressed oops, compressed class ptrs, g1 gc, windows-amd64)
# Problematic frame:
# V  [jvm.dll+0x13e1f1]
#
# No core dump will be written. Minidumps are not enabled by default on client versions of Windows
#
# If you would like to submit a bug report, please visit:
#   https://bugreport.java.com/bugreport/crash.jsp
#

---------------  S U M M A R Y ------------

Command Line: -ea -Didea.test.cyclic.buffer.size=1048576 -javaagent:C:\Program Files\JetBrains\IntelliJ IDEA 2023.3.2\lib\idea_rt.jar=65398:C:\Program Files\JetBrains\IntelliJ IDEA 2023.3.2\bin -Dfile.encoding=UTF-8 -Dsun.stdout.encoding=UTF-8 -Dsun.stderr.encoding=UTF-8 com.intellij.rt.junit.JUnitStarter -ideVersion5 -junit5 com.africa.semiclon.capStoneProject.service.AgentServiceImplementationTest,testThatAgentCanUpdateProfile

Host: Intel(R) Core(TM) i5-6300U CPU @ 2.40GHz, 4 cores, 7G,  Windows 11 , 64 bit Build 22621 (10.0.22621.3958)
Time: Tue Aug  6 16:16:03 2024 W. Central Africa Standard Time elapsed time: 18.028856 seconds (0d 0h 0m 18s)

---------------  T H R E A D  ---------------

Current thread (0x0000024d62c9eda0):  WorkerThread "GC Thread#1"    [id=10164, stack(0x000000ffbe300000,0x000000ffbe400000) (1024K)]

Stack: [0x000000ffbe300000,0x000000ffbe400000],  sp=0x000000ffbe3ff208,  free space=1020k
Native frames: (J=compiled Java code, j=interpreted, Vv=VM code, C=native code)
V  [jvm.dll+0x13e1f1]


siginfo: EXCEPTION_ACCESS_VIOLATION (0xc0000005), reading address 0x0000000000000100


Registers:
RAX=0x0000000000000000, RBX=0x0000000000000001, RCX=0x0000024d00000000, RDX=0x000000008388e9c0
RSP=0x000000ffbe3ff208, RBP=0x00000000000001cb, RSI=0x0000024d46199470, RDI=0x0000000000000000
R8 =0x0000024d00000000, R9 =0x0000000000000000, R10=0x000000008388e9c0, R11=0x0000000000000001
R12=0x0000000000000001, R13=0x0000024d00000000, R14=0x000000008388e9c0, R15=0x0000024d6875f900
RIP=0x00007ffa83dde1f1, EFLAGS=0x0000000000010246


Register to memory mapping:

RAX=0x0 is null
RBX=0x0000000000000001 is an unknown value
RCX=0x0000024d00000000 is pointing into metadata
RDX=
[error occurred during error reporting (printing register info), id 0xc0000005, EXCEPTION_ACCESS_VIOLATION (0xc0000005) at pc=0x00007ffa83dde1f1]
RSP=0x000000ffbe3ff208 points into unknown readable memory: 0x00007ffa83ff788b | 8b 78 ff 83 fa 7f 00 00
RBP=0x00000000000001cb is an unknown value
RSI=0x0000024d46199470 points into unknown readable memory: 0x0000000000000000 | 00 00 00 00 00 00 00 00
RDI=0x0 is null
R8 =0x0000024d00000000 is pointing into metadata
R9 =0x0 is null
R10=
[error occurred during error reporting (printing register info, attempt 2), id 0xc0000005, EXCEPTION_ACCESS_VIOLATION (0xc0000005) at pc=0x00007ffa83dde1f1]
R11=0x0000000000000001 is an unknown value
R12=0x0000000000000001 is an unknown value
R13=0x0000024d00000000 is pointing into metadata
R14=
[error occurred during error reporting (printing register info, attempt 3), id 0xc0000005, EXCEPTION_ACCESS_VIOLATION (0xc0000005) at pc=0x00007ffa83dde1f1]
Top of Stack: (sp=0x000000ffbe3ff208)
0x000000ffbe3ff208:   00007ffa83ff788b 0000000000000011
0x000000ffbe3ff218:   0000000000000011 0000000000000002
0x000000ffbe3ff228:   00007ffa83ffcd31 0000000000000000
0x000000ffbe3ff238:   00007ffa83ff5c39 0000000000000011
0x000000ffbe3ff248:   0000024d462090a0 0000000000003b06
0x000000ffbe3ff258:   000000ffbe3ff380 0000024d6875fa88
0x000000ffbe3ff268:   0000000000000000 0000000000000040
0x000000ffbe3ff278:   0000024d62bd0430 0000000000000001
0x000000ffbe3ff288:   0000000083409fcc 0000024d46199470
0x000000ffbe3ff298:   00000000000001cb 0000024d6875f900
0x000000ffbe3ff2a8:   00007ffa83ff8b1a 0000024d68750000
0x000000ffbe3ff2b8:   0000024d46190100 0000000000000000
0x000000ffbe3ff2c8:   0000000000000030 000000008218aa00
0x000000ffbe3ff2d8:   0000000000000007 000000ffbe3ff4d0
0x000000ffbe3ff2e8:   000000008218ac10 000000ffbe3ff4d0
0x000000ffbe3ff2f8:   00007ffa83ff51fe 000000008218ac00
0x000000ffbe3ff308:   0000024d6875f900 000000008217de00
0x000000ffbe3ff318:   0000000000000080 000000000abadbe1
0x000000ffbe3ff328:   0000000a7111280e 0000000000000001
0x000000ffbe3ff338:   000000ffbe3ff4d0 0000024d461f0d40
0x000000ffbe3ff348:   00007ffa840022cb 0000000000000007
0x000000ffbe3ff358:   0000024d461f0d40 000000ffbe3ff4d0
0x000000ffbe3ff368:   00007ffa84361c7f 000000008218aa00
0x000000ffbe3ff378:   0000000000000040 00007ffa84677618
0x000000ffbe3ff388:   0000000000000000 0000024d46190ff0
0x000000ffbe3ff398:   0000024d6875f900 000000ffbe3ff520
0x000000ffbe3ff3a8:   00007ffa844a85b7 0000024d6247c4d0
0x000000ffbe3ff3b8:   0000024d5d9a3c60 0000024d46197850
0x000000ffbe3ff3c8:   00007ffa84003f69 000000ffbe3ff450
0x000000ffbe3ff3d8:   00007ffa83febfc2 0000000000000000
0x000000ffbe3ff3e8:   0000024d5d9a3c56 0000000000000000
0x000000ffbe3ff3f8:   0000000000000000 0000024d46190730 

Instructions: (pc=0x00007ffa83dde1f1)
0x00007ffa83dde0f1:   08 8b 0d 80 be a7 00 49 d3 e0 4c 03 05 6e be a7
0x00007ffa83dde101:   00 eb 04 4c 8b 41 08 45 8b 48 08 45 85 c9 7e 0e
0x00007ffa83dde111:   41 f6 c1 01 75 53 41 c1 f9 03 49 63 c1 c3 79 49
0x00007ffa83dde121:   84 c0 41 b8 0c 00 00 00 8b 05 89 cf a7 00 b9 10
0x00007ffa83dde131:   00 00 00 41 0f 45 c8 ff c8 4c 63 c0 41 8b c1 48
0x00007ffa83dde141:   c1 f8 10 0f b6 c0 48 63 14 11 41 8b c9 83 e1 3f
0x00007ffa83dde151:   48 d3 e2 49 8d 0c 10 49 f7 d0 48 03 c1 49 c1 e8
0x00007ffa83dde161:   03 48 c1 e8 03 49 23 c0 c3 49 8b 00 49 8b c8 48
0x00007ffa83dde171:   ff a0 00 01 00 00 cc cc cc cc cc cc cc cc cc 4c
0x00007ffa83dde181:   8b c2 48 8b d1 45 8b 48 08 45 85 c9 7e 0e 41 f6
0x00007ffa83dde191:   c1 01 75 56 41 c1 f9 03 49 63 c1 c3 79 4c 80 3d
0x00007ffa83dde1a1:   78 d3 a7 00 00 b8 0c 00 00 00 b9 10 00 00 00 0f
0x00007ffa83dde1b1:   45 c8 8b 05 ff ce a7 00 ff c8 4c 63 c0 41 8b c1
0x00007ffa83dde1c1:   48 c1 f8 10 48 63 14 11 41 8b c9 83 e1 3f 0f b6
0x00007ffa83dde1d1:   c0 48 d3 e2 49 8d 0c 10 49 f7 d0 48 03 c1 49 c1
0x00007ffa83dde1e1:   e8 03 48 c1 e8 03 49 23 c0 c3 49 8b 00 49 8b c8
0x00007ffa83dde1f1:   48 ff a0 00 01 00 00 cc cc cc cc cc cc cc cc 48
0x00007ffa83dde201:   83 ec 28 ba 37 00 00 00 48 8d 0d 98 6b 85 00 e8
0x00007ffa83dde211:   db 28 14 00 cc cc cc cc cc cc cc cc cc cc cc 40
0x00007ffa83dde221:   53 48 83 ec 20 48 8b d9 49 8b c0 33 c9 45 0f b6
0x00007ffa83dde231:   c1 48 89 0b 48 89 4b 08 48 8b cb 48 89 53 10 48
0x00007ffa83dde241:   8b d0 e8 a8 09 00 00 48 8b c3 48 83 c4 20 5b c3
0x00007ffa83dde251:   cc cc cc cc cc cc cc cc cc cc cc cc cc cc cc 40
0x00007ffa83dde261:   53 48 83 ec 20 33 c0 44 88 41 10 45 0f b6 c1 48
0x00007ffa83dde271:   89 01 48 89 41 08 48 8b d9 e8 81 0a 00 00 48 8b
0x00007ffa83dde281:   c3 48 83 c4 20 5b c3 cc cc cc cc cc cc cc cc 40
0x00007ffa83dde291:   53 48 83 ec 20 33 c0 48 8b d9 48 89 01 48 89 41
0x00007ffa83dde2a1:   08 e8 09 0c 00 00 48 8b c3 48 83 c4 20 5b c3 48
0x00007ffa83dde2b1:   8b c1 48 8b 09 48 85 c9 74 3c 48 8b 40 08 48 83
0x00007ffa83dde2c1:   c0 3f 48 c1 e8 06 48 8d 14 c5 00 00 00 00 48 3b
0x00007ffa83dde2d1:   15 f2 d6 a7 00 0f 82 b4 07 f8 ff 48 8b 05 e5 d2
0x00007ffa83dde2e1:   af 00 48 ff ca 48 03 d0 48 ff c8 48 f7 d0 48 23 


Stack slot to memory mapping:

stack at sp + 0 slots: 0x00007ffa83ff788b jvm.dll
stack at sp + 1 slots: 0x0000000000000011 is an unknown value
stack at sp + 2 slots: 0x0000000000000011 is an unknown value
stack at sp + 3 slots: 0x0000000000000002 is an unknown value
stack at sp + 4 slots: 0x00007ffa83ffcd31 jvm.dll
stack at sp + 5 slots: 0x0 is null
stack at sp + 6 slots: 0x00007ffa83ff5c39 jvm.dll
stack at sp + 7 slots: 0x0000000000000011 is an unknown value


---------------  P R O C E S S  ---------------

Threads class SMR info:
_java_thread_list=0x0000024d6a9c4460, length=16, elements={
0x0000024d43edeca0, 0x0000024d62250a90, 0x0000024d622515f0, 0x0000024d62255de0,
0x0000024d62258850, 0x0000024d622592b0, 0x0000024d62259d10, 0x0000024d6225aaa0,
0x0000024d6225e420, 0x0000024d62220070, 0x0000024d62618ff0, 0x0000024d625b6540,
0x0000024d62bee970, 0x0000024d62d2de10, 0x0000024d684e7150, 0x0000024d6d3d73d0
}

Java Threads: ( => current thread )
  0x0000024d43edeca0 JavaThread "main"                              [_thread_blocked, id=12876, stack(0x000000ffbcf00000,0x000000ffbd000000) (1024K)]
  0x0000024d62250a90 JavaThread "Reference Handler"          daemon [_thread_blocked, id=17204, stack(0x000000ffbd700000,0x000000ffbd800000) (1024K)]
  0x0000024d622515f0 JavaThread "Finalizer"                  daemon [_thread_blocked, id=14572, stack(0x000000ffbd800000,0x000000ffbd900000) (1024K)]
  0x0000024d62255de0 JavaThread "Signal Dispatcher"          daemon [_thread_blocked, id=10204, stack(0x000000ffbd900000,0x000000ffbda00000) (1024K)]
  0x0000024d62258850 JavaThread "Attach Listener"            daemon [_thread_blocked, id=14072, stack(0x000000ffbda00000,0x000000ffbdb00000) (1024K)]
  0x0000024d622592b0 JavaThread "Service Thread"             daemon [_thread_blocked, id=16176, stack(0x000000ffbdb00000,0x000000ffbdc00000) (1024K)]
  0x0000024d62259d10 JavaThread "Monitor Deflation Thread"   daemon [_thread_blocked, id=11220, stack(0x000000ffbdc00000,0x000000ffbdd00000) (1024K)]
  0x0000024d6225aaa0 JavaThread "C2 CompilerThread0"         daemon [_thread_blocked, id=9048, stack(0x000000ffbdd00000,0x000000ffbde00000) (1024K)]
  0x0000024d6225e420 JavaThread "C1 CompilerThread0"         daemon [_thread_blocked, id=4036, stack(0x000000ffbde00000,0x000000ffbdf00000) (1024K)]
  0x0000024d62220070 JavaThread "Common-Cleaner"             daemon [_thread_blocked, id=5532, stack(0x000000ffbdf00000,0x000000ffbe000000) (1024K)]
  0x0000024d62618ff0 JavaThread "Monitor Ctrl-Break"         daemon [_thread_in_native, id=6528, stack(0x000000ffbe000000,0x000000ffbe100000) (1024K)]
  0x0000024d625b6540 JavaThread "Notification Thread"        daemon [_thread_blocked, id=10088, stack(0x000000ffbe100000,0x000000ffbe200000) (1024K)]
  0x0000024d62bee970 JavaThread "PostgreSQL-JDBC-Cleaner"    daemon [_thread_blocked, id=5820, stack(0x000000ffbe700000,0x000000ffbe800000) (1024K)]
  0x0000024d62d2de10 JavaThread "HikariPool-1 housekeeper"   daemon [_thread_blocked, id=16628, stack(0x000000ffbe800000,0x000000ffbe900000) (1024K)]
  0x0000024d684e7150 JavaThread "HikariPool-1 connection adder" daemon [_thread_blocked, id=17516, stack(0x000000ffbe900000,0x000000ffbea00000) (1024K)]
  0x0000024d6d3d73d0 JavaThread "C2 CompilerThread1"         daemon [_thread_blocked, id=12636, stack(0x000000ffbe200000,0x000000ffbe300000) (1024K)]
Total: 16

Other Threads:
  0x0000024d62236b90 VMThread "VM Thread"                           [id=4356, stack(0x000000ffbd600000,0x000000ffbd700000) (1024K)]
  0x0000024d6221f1f0 WatcherThread "VM Periodic Task Thread"        [id=14036, stack(0x000000ffbd500000,0x000000ffbd600000) (1024K)]
  0x0000024d461d5e90 WorkerThread "GC Thread#0"                     [id=17736, stack(0x000000ffbd000000,0x000000ffbd100000) (1024K)]
=>0x0000024d62c9eda0 WorkerThread "GC Thread#1"                     [id=10164, stack(0x000000ffbe300000,0x000000ffbe400000) (1024K)]
  0x0000024d62c9f140 WorkerThread "GC Thread#2"                     [id=18460, stack(0x000000ffbe400000,0x000000ffbe500000) (1024K)]
  0x0000024d62d60bb0 WorkerThread "GC Thread#3"                     [id=16700, stack(0x000000ffbe500000,0x000000ffbe600000) (1024K)]
  0x0000024d461e7b90 ConcurrentGCThread "G1 Main Marker"            [id=19172, stack(0x000000ffbd100000,0x000000ffbd200000) (1024K)]
  0x0000024d461e9ce0 WorkerThread "G1 Conc#0"                       [id=19048, stack(0x000000ffbd200000,0x000000ffbd300000) (1024K)]
  0x0000024d4620ea70 ConcurrentGCThread "G1 Refine#0"               [id=17884, stack(0x000000ffbd300000,0x000000ffbd400000) (1024K)]
  0x0000024d620df6a0 ConcurrentGCThread "G1 Service"                [id=15280, stack(0x000000ffbd400000,0x000000ffbd500000) (1024K)]
Total: 10

Threads with active compile tasks:
C2 CompilerThread0    18166 6388   !   4       org.springframework.util.ReflectionUtils::doWithMethods (186 bytes)
C1 CompilerThread0    18166 6504       2       java.lang.reflect.Modifier::toString (185 bytes)
C2 CompilerThread1    18166 6436   !   4       org.springframework.core.annotation.AnnotationsScanner::processMethodHierarchy (276 bytes)
Total: 3

VM state: at safepoint (normal execution)

VM Mutex/Monitor currently owned by a thread:  ([mutex/lock_event])
[0x00007ffa848da5f8] Threads_lock - owner thread: 0x0000024d62236b90
[0x00007ffa848da6f8] Heap_lock - owner thread: 0x0000024d43edeca0

Heap address: 0x0000000081a00000, size: 2022 MB, Compressed Oops mode: 32-bit

CDS archive(s) mapped at: [0x0000024d00000000-0x0000024d00c90000-0x0000024d00c90000), size 13172736, SharedBaseAddress: 0x0000024d00000000, ArchiveRelocationMode: 1.
Compressed class space mapped at: 0x0000024d01000000-0x0000024d41000000, reserved size: 1073741824
Narrow klass base: 0x0000024d00000000, Narrow klass shift: 0, Narrow klass range: 0x100000000

GC Precious Log:
 CardTable entry size: 512
 Card Set container configuration: InlinePtr #cards 5 size 8 Array Of Cards #cards 12 size 40 Howl #buckets 4 coarsen threshold 1843 Howl Bitmap #cards 512 size 80 coarsen threshold 460 Card regions per heap region 1 cards per card region 2048
 CPUs: 4 total, 4 available
 Memory: 8083M
 Large Page Support: Disabled
 NUMA Support: Disabled
 Compressed Oops: Enabled (32-bit)
 Heap Region Size: 1M
 Heap Min Capacity: 8M
 Heap Initial Capacity: 128M
 Heap Max Capacity: 2022M
 Pre-touch: Disabled
 Parallel Workers: 4
 Concurrent Workers: 1
 Concurrent Refinement Workers: 4
 Periodic GC: Disabled

Heap:
 garbage-first heap   total 58368K, used 49462K [0x0000000081a00000, 0x0000000100000000)
  region size 1024K, 24 young (24576K), 3 survivors (3072K)
 Metaspace       used 62338K, committed 63104K, reserved 1114112K
  class space    used 8611K, committed 8960K, reserved 1048576K

Heap Regions: E=young(eden), S=young(survivor), O=old, HS=humongous(starts), HC=humongous(continues), CS=collection set, F=free, TAMS=top-at-mark-start, PB=parsable bottom
|   0|0x0000000081a00000, 0x0000000081b00000, 0x0000000081b00000|100%|HS|  |TAMS 0x0000000081a00000| PB 0x0000000081a00000| Complete 
|   1|0x0000000081b00000, 0x0000000081c00000, 0x0000000081c00000|100%| O|  |TAMS 0x0000000081b00000| PB 0x0000000081b00000| Untracked 
|   2|0x0000000081c00000, 0x0000000081d00000, 0x0000000081d00000|100%| O|  |TAMS 0x0000000081c00000| PB 0x0000000081c00000| Untracked 
|   3|0x0000000081d00000, 0x0000000081e00000, 0x0000000081e00000|100%| O|  |TAMS 0x0000000081d00000| PB 0x0000000081d00000| Untracked 
|   4|0x0000000081e00000, 0x0000000081f00000, 0x0000000081f00000|100%| O|  |TAMS 0x0000000081e00000| PB 0x0000000081e00000| Untracked 
|   5|0x0000000081f00000, 0x0000000082000000, 0x0000000082000000|100%| O|  |TAMS 0x0000000081f00000| PB 0x0000000081f00000| Untracked 
|   6|0x0000000082000000, 0x0000000082100000, 0x0000000082100000|100%| O|  |TAMS 0x0000000082000000| PB 0x0000000082000000| Untracked 
|   7|0x0000000082100000, 0x0000000082200000, 0x0000000082200000|100%| O|  |TAMS 0x0000000082100000| PB 0x0000000082100000| Untracked 
|   8|0x0000000082200000, 0x0000000082300000, 0x0000000082300000|100%| O|  |TAMS 0x0000000082200000| PB 0x0000000082200000| Untracked 
|   9|0x0000000082300000, 0x0000000082400000, 0x0000000082400000|100%| O|  |TAMS 0x0000000082300000| PB 0x0000000082300000| Untracked 
|  10|0x0000000082400000, 0x0000000082500000, 0x0000000082500000|100%| O|  |TAMS 0x0000000082400000| PB 0x0000000082400000| Untracked 
|  11|0x0000000082500000, 0x0000000082600000, 0x0000000082600000|100%| O|  |TAMS 0x0000000082500000| PB 0x0000000082500000| Untracked 
|  12|0x0000000082600000, 0x0000000082700000, 0x0000000082700000|100%| O|  |TAMS 0x0000000082600000| PB 0x0000000082600000| Untracked 
|  13|0x0000000082700000, 0x0000000082800000, 0x0000000082800000|100%| O|  |TAMS 0x0000000082700000| PB 0x0000000082700000| Untracked 
|  14|0x0000000082800000, 0x0000000082900000, 0x0000000082900000|100%| O|  |TAMS 0x0000000082800000| PB 0x0000000082800000| Untracked 
|  15|0x0000000082900000, 0x0000000082a00000, 0x0000000082a00000|100%| O|  |TAMS 0x0000000082900000| PB 0x0000000082900000| Untracked 
|  16|0x0000000082a00000, 0x0000000082b00000, 0x0000000082b00000|100%| O|  |TAMS 0x0000000082a00000| PB 0x0000000082a00000| Untracked 
|  17|0x0000000082b00000, 0x0000000082c00000, 0x0000000082c00000|100%| O|  |TAMS 0x0000000082b00000| PB 0x0000000082b00000| Untracked 
|  18|0x0000000082c00000, 0x0000000082d00000, 0x0000000082d00000|100%| O|Cm|TAMS 0x0000000082c00000| PB 0x0000000082c00000| Complete 
|  19|0x0000000082d00000, 0x0000000082e00000, 0x0000000082e00000|100%| O|  |TAMS 0x0000000082d00000| PB 0x0000000082d00000| Untracked 
|  20|0x0000000082e00000, 0x0000000082f00000, 0x0000000082f00000|100%| O|  |TAMS 0x0000000082e00000| PB 0x0000000082e00000| Untracked 
|  21|0x0000000082f00000, 0x0000000083000000, 0x0000000083000000|100%| O|  |TAMS 0x0000000082f00000| PB 0x0000000082f00000| Untracked 
|  22|0x0000000083000000, 0x0000000083100000, 0x0000000083100000|100%| O|  |TAMS 0x0000000083000000| PB 0x0000000083000000| Untracked 
|  23|0x0000000083100000, 0x0000000083200000, 0x0000000083200000|100%| O|  |TAMS 0x0000000083100000| PB 0x0000000083100000| Untracked 
|  24|0x0000000083200000, 0x0000000083300000, 0x0000000083300000|100%| O|  |TAMS 0x0000000083200000| PB 0x0000000083200000| Untracked 
|  25|0x0000000083300000, 0x0000000083400000, 0x0000000083400000|100%| O|  |TAMS 0x0000000083300000| PB 0x0000000083300000| Untracked 
|  26|0x0000000083400000, 0x0000000083500000, 0x0000000083500000|100%| O|  |TAMS 0x0000000083400000| PB 0x0000000083400000| Untracked 
|  27|0x0000000083500000, 0x0000000083500000, 0x0000000083600000|  0%| F|  |TAMS 0x0000000083500000| PB 0x0000000083500000| Untracked 
|  28|0x0000000083600000, 0x0000000083600000, 0x0000000083700000|  0%| F|  |TAMS 0x0000000083600000| PB 0x0000000083600000| Untracked 
|  29|0x0000000083700000, 0x000000008374de10, 0x0000000083800000| 30%| S|  |TAMS 0x0000000083700000| PB 0x0000000083700000| Complete 
|  30|0x0000000083800000, 0x00000000838aa868, 0x0000000083900000| 66%| E|CS|TAMS 0x0000000083800000| PB 0x0000000083800000| Complete 
|  31|0x0000000083900000, 0x0000000083a00000, 0x0000000083a00000|100%| S|  |TAMS 0x0000000083900000| PB 0x0000000083900000| Complete 
|  32|0x0000000083a00000, 0x0000000083b00000, 0x0000000083b00000|100%| E|CS|TAMS 0x0000000083a00000| PB 0x0000000083a00000| Complete 
|  33|0x0000000083b00000, 0x0000000083c00000, 0x0000000083c00000|100%| E|CS|TAMS 0x0000000083b00000| PB 0x0000000083b00000| Complete 
|  34|0x0000000083c00000, 0x0000000083d00000, 0x0000000083d00000|100%| E|CS|TAMS 0x0000000083c00000| PB 0x0000000083c00000| Complete 
|  35|0x0000000083d00000, 0x0000000083e00000, 0x0000000083e00000|100%| S|  |TAMS 0x0000000083d00000| PB 0x0000000083d00000| Complete 
|  36|0x0000000083e00000, 0x0000000083f00000, 0x0000000083f00000|100%| E|CS|TAMS 0x0000000083e00000| PB 0x0000000083e00000| Complete 
|  37|0x0000000083f00000, 0x0000000084000000, 0x0000000084000000|100%| E|CS|TAMS 0x0000000083f00000| PB 0x0000000083f00000| Complete 
|  38|0x0000000084000000, 0x0000000084100000, 0x0000000084100000|100%| E|CS|TAMS 0x0000000084000000| PB 0x0000000084000000| Complete 
|  39|0x0000000084100000, 0x0000000084200000, 0x0000000084200000|100%| E|CS|TAMS 0x0000000084100000| PB 0x0000000084100000| Complete 
|  40|0x0000000084200000, 0x0000000084300000, 0x0000000084300000|100%| E|CS|TAMS 0x0000000084200000| PB 0x0000000084200000| Complete 
|  41|0x0000000084300000, 0x0000000084400000, 0x0000000084400000|100%| E|CS|TAMS 0x0000000084300000| PB 0x0000000084300000| Complete 
|  42|0x0000000084400000, 0x0000000084500000, 0x0000000084500000|100%| E|CS|TAMS 0x0000000084400000| PB 0x0000000084400000| Complete 
|  43|0x0000000084500000, 0x0000000084600000, 0x0000000084600000|100%| E|CS|TAMS 0x0000000084500000| PB 0x0000000084500000| Complete 
|  44|0x0000000084600000, 0x0000000084700000, 0x0000000084700000|100%| E|CS|TAMS 0x0000000084600000| PB 0x0000000084600000| Complete 
|  45|0x0000000084700000, 0x0000000084800000, 0x0000000084800000|100%| E|CS|TAMS 0x0000000084700000| PB 0x0000000084700000| Complete 
|  46|0x0000000084800000, 0x0000000084900000, 0x0000000084900000|100%| E|CS|TAMS 0x0000000084800000| PB 0x0000000084800000| Complete 
|  47|0x0000000084900000, 0x0000000084a00000, 0x0000000084a00000|100%| E|CS|TAMS 0x0000000084900000| PB 0x0000000084900000| Complete 
|  76|0x0000000086600000, 0x0000000086700000, 0x0000000086700000|100%| E|CS|TAMS 0x0000000086600000| PB 0x0000000086600000| Complete 
|  77|0x0000000086700000, 0x0000000086800000, 0x0000000086800000|100%| E|CS|TAMS 0x0000000086700000| PB 0x0000000086700000| Complete 
|  78|0x0000000086800000, 0x0000000086900000, 0x0000000086900000|100%| E|CS|TAMS 0x0000000086800000| PB 0x0000000086800000| Complete 
|  79|0x0000000086900000, 0x0000000086a00000, 0x0000000086a00000|100%| E|CS|TAMS 0x0000000086900000| PB 0x0000000086900000| Complete 
|  80|0x0000000086a00000, 0x0000000086b00000, 0x0000000086b00000|100%| E|CS|TAMS 0x0000000086a00000| PB 0x0000000086a00000| Complete 
|  81|0x0000000086b00000, 0x0000000086c00000, 0x0000000086c00000|100%| E|CS|TAMS 0x0000000086b00000| PB 0x0000000086b00000| Complete 
|  82|0x0000000086c00000, 0x0000000086d00000, 0x0000000086d00000|100%| E|CS|TAMS 0x0000000086c00000| PB 0x0000000086c00000| Complete 
| 126|0x0000000089800000, 0x0000000089900000, 0x0000000089900000|100%| E|CS|TAMS 0x0000000089800000| PB 0x0000000089800000| Complete 
| 127|0x0000000089900000, 0x0000000089a00000, 0x0000000089a00000|100%| E|CS|TAMS 0x0000000089900000| PB 0x0000000089900000| Complete 

Card table byte_map: [0x0000024d5d9a0000,0x0000024d5dda0000] _byte_map_base: 0x0000024d5d593000

Marking Bits: (CMBitMap*) 0x0000024d461d6430
 Bits: [0x0000024d5dda0000, 0x0000024d5fd38000)

Polling page: 0x0000024d44110000

Metaspace:

Usage:
  Non-class:     52.47 MB used.
      Class:      8.41 MB used.
       Both:     60.88 MB used.

Virtual space:
  Non-class space:       64.00 MB reserved,      52.88 MB ( 83%) committed,  1 nodes.
      Class space:        1.00 GB reserved,       8.75 MB ( <1%) committed,  1 nodes.
             Both:        1.06 GB reserved,      61.62 MB (  6%) committed. 

Chunk freelists:
   Non-Class:  10.40 MB
       Class:  7.25 MB
        Both:  17.65 MB

MaxMetaspaceSize: unlimited
CompressedClassSpaceSize: 1.00 GB
Initial GC threshold: 21.00 MB
Current GC threshold: 98.75 MB
CDS: on
 - commit_granule_bytes: 65536.
 - commit_granule_words: 8192.
 - virtual_space_node_default_size: 8388608.
 - enlarge_chunks_in_place: 1.
 - use_allocation_guard: 0.


Internal statistics:

num_allocs_failed_limit: 9.
num_arena_births: 952.
num_arena_deaths: 0.
num_vsnodes_births: 2.
num_vsnodes_deaths: 0.
num_space_committed: 986.
num_space_uncommitted: 0.
num_chunks_returned_to_freelist: 9.
num_chunks_taken_from_freelist: 3271.
num_chunk_merges: 9.
num_chunk_splits: 2316.
num_chunks_enlarged: 1764.
num_inconsistent_stats: 0.

CodeHeap 'non-profiled nmethods': size=120000Kb used=3306Kb max_used=3554Kb free=116693Kb
 bounds [0x0000024d56070000, 0x0000024d56400000, 0x0000024d5d5a0000]
CodeHeap 'profiled nmethods': size=120000Kb used=11050Kb max_used=11550Kb free=108949Kb
 bounds [0x0000024d4e5a0000, 0x0000024d4f0f0000, 0x0000024d55ad0000]
CodeHeap 'non-nmethods': size=5760Kb used=1657Kb max_used=1730Kb free=4102Kb
 bounds [0x0000024d55ad0000, 0x0000024d55d40000, 0x0000024d56070000]
 total_blobs=6502 nmethods=5803 adapters=602
 compilation: enabled
              stopped_count=0, restarted_count=0
 full_count=0

Compilation events (20 events):
Event: 17.979 Thread 0x0000024d6225e420 nmethod 6495 0x0000024d4e67e790 code [0x0000024d4e67e9c0, 0x0000024d4e67f0a8]
Event: 17.979 Thread 0x0000024d6225e420 6496       2       java.lang.reflect.Executable$$Lambda/0x0000024d012ff830::apply (13 bytes)
Event: 17.980 Thread 0x0000024d6225e420 nmethod 6496 0x0000024d4ee62e10 code [0x0000024d4ee62fc0, 0x0000024d4ee63120]
Event: 17.980 Thread 0x0000024d6225e420 6497       1       java.lang.reflect.Modifier::methodModifiers (4 bytes)
Event: 17.980 Thread 0x0000024d6225e420 nmethod 6497 0x0000024d56248e10 code [0x0000024d56248fa0, 0x0000024d56249048]
Event: 17.980 Thread 0x0000024d6225e420 6493       2       org.springframework.core.annotation.TypeMappedAnnotations$AggregatesCollector::doWithAnnotations (20 bytes)
Event: 17.980 Thread 0x0000024d6225e420 nmethod 6493 0x0000024d4e68f690 code [0x0000024d4e68f840, 0x0000024d4e68f9b0]
Event: 17.980 Thread 0x0000024d6225e420 6498       2       java.util.StringJoiner::<init> (10 bytes)
Event: 17.980 Thread 0x0000024d6225e420 nmethod 6498 0x0000024d4e99d010 code [0x0000024d4e99d1c0, 0x0000024d4e99d2f0]
Event: 17.980 Thread 0x0000024d6225e420 6500   !   2       java.lang.reflect.Executable::sharedToString (138 bytes)
Event: 17.982 Thread 0x0000024d6225e420 nmethod 6500 0x0000024d4e68e190 code [0x0000024d4e68e4a0, 0x0000024d4e68ed98]
Event: 17.982 Thread 0x0000024d6225e420 6501       2       java.util.stream.Collectors$$Lambda/0x800000047::get (16 bytes)
Event: 17.982 Thread 0x0000024d6225e420 nmethod 6501 0x0000024d4ea35f10 code [0x0000024d4ea360c0, 0x0000024d4ea361f8]
Event: 17.982 Thread 0x0000024d6225e420 6502       2       java.util.stream.Collectors::lambda$joining$11 (11 bytes)
Event: 17.982 Thread 0x0000024d6225e420 nmethod 6502 0x0000024d4e68dd90 code [0x0000024d4e68df40, 0x0000024d4e68e0c0]
Event: 17.982 Thread 0x0000024d6225e420 6499       2       java.lang.reflect.Method::toString (20 bytes)
Event: 17.982 Thread 0x0000024d6225e420 nmethod 6499 0x0000024d4eb6cf10 code [0x0000024d4eb6d0c0, 0x0000024d4eb6d270]
Event: 17.985 Thread 0x0000024d6225e420 6503       2       java.lang.reflect.Executable$$Lambda/0x0000024d017e9780::apply (13 bytes)
Event: 17.985 Thread 0x0000024d6225e420 nmethod 6503 0x0000024d4eb6cb10 code [0x0000024d4eb6ccc0, 0x0000024d4eb6ce20]
Event: 17.990 Thread 0x0000024d6225e420 6504       2       java.lang.reflect.Modifier::toString (185 bytes)

GC Heap History (20 events):
Event: 3.241 GC heap after
{Heap after GC invocations=3 (full 0):
 garbage-first heap   total 131072K, used 10722K [0x0000000081a00000, 0x0000000100000000)
  region size 1024K, 4 young (4096K), 4 survivors (4096K)
 Metaspace       used 12174K, committed 12416K, reserved 1114112K
  class space    used 1548K, committed 1664K, reserved 1048576K
}
Event: 4.772 GC heap before
{Heap before GC invocations=3 (full 0):
 garbage-first heap   total 131072K, used 51682K [0x0000000081a00000, 0x0000000100000000)
  region size 1024K, 45 young (46080K), 4 survivors (4096K)
 Metaspace       used 21166K, committed 21504K, reserved 1114112K
  class space    used 2674K, committed 2880K, reserved 1048576K
}
Event: 4.783 GC heap after
{Heap after GC invocations=4 (full 0):
 garbage-first heap   total 131072K, used 14232K [0x0000000081a00000, 0x0000000100000000)
  region size 1024K, 7 young (7168K), 7 survivors (7168K)
 Metaspace       used 21166K, committed 21504K, reserved 1114112K
  class space    used 2674K, committed 2880K, reserved 1048576K
}
Event: 6.150 GC heap before
{Heap before GC invocations=5 (full 0):
 garbage-first heap   total 58368K, used 40856K [0x0000000081a00000, 0x0000000100000000)
  region size 1024K, 34 young (34816K), 7 survivors (7168K)
 Metaspace       used 24451K, committed 24832K, reserved 1114112K
  class space    used 3085K, committed 3264K, reserved 1048576K
}
Event: 6.167 GC heap after
{Heap after GC invocations=6 (full 0):
 garbage-first heap   total 58368K, used 16542K [0x0000000081a00000, 0x0000000100000000)
  region size 1024K, 3 young (3072K), 3 survivors (3072K)
 Metaspace       used 24451K, committed 24832K, reserved 1114112K
  class space    used 3085K, committed 3264K, reserved 1048576K
}
Event: 8.113 GC heap before
{Heap before GC invocations=6 (full 0):
 garbage-first heap   total 58368K, used 44190K [0x0000000081a00000, 0x0000000100000000)
  region size 1024K, 30 young (30720K), 3 survivors (3072K)
 Metaspace       used 28502K, committed 28928K, reserved 1114112K
  class space    used 3656K, committed 3840K, reserved 1048576K
}
Event: 8.129 GC heap after
{Heap after GC invocations=7 (full 0):
 garbage-first heap   total 58368K, used 18938K [0x0000000081a00000, 0x0000000100000000)
  region size 1024K, 3 young (3072K), 3 survivors (3072K)
 Metaspace       used 28502K, committed 28928K, reserved 1114112K
  class space    used 3656K, committed 3840K, reserved 1048576K
}
Event: 9.713 GC heap before
{Heap before GC invocations=7 (full 0):
 garbage-first heap   total 58368K, used 45562K [0x0000000081a00000, 0x0000000100000000)
  region size 1024K, 30 young (30720K), 3 survivors (3072K)
 Metaspace       used 34848K, committed 35328K, reserved 1114112K
  class space    used 4606K, committed 4800K, reserved 1048576K
}
Event: 9.726 GC heap after
{Heap after GC invocations=8 (full 0):
 garbage-first heap   total 58368K, used 20812K [0x0000000081a00000, 0x0000000100000000)
  region size 1024K, 2 young (2048K), 2 survivors (2048K)
 Metaspace       used 34848K, committed 35328K, reserved 1114112K
  class space    used 4606K, committed 4800K, reserved 1048576K
}
Event: 9.896 GC heap before
{Heap before GC invocations=8 (full 0):
 garbage-first heap   total 58368K, used 23884K [0x0000000081a00000, 0x0000000100000000)
  region size 1024K, 6 young (6144K), 2 survivors (2048K)
 Metaspace       used 35573K, committed 36096K, reserved 1114112K
  class space    used 4745K, committed 4992K, reserved 1048576K
}
Event: 9.902 GC heap after
{Heap after GC invocations=9 (full 0):
 garbage-first heap   total 58368K, used 20977K [0x0000000081a00000, 0x0000000100000000)
  region size 1024K, 2 young (2048K), 2 survivors (2048K)
 Metaspace       used 35573K, committed 36096K, reserved 1114112K
  class space    used 4745K, committed 4992K, reserved 1048576K
}
Event: 11.914 GC heap before
{Heap before GC invocations=10 (full 0):
 garbage-first heap   total 58368K, used 47601K [0x0000000081a00000, 0x0000000100000000)
  region size 1024K, 29 young (29696K), 2 survivors (2048K)
 Metaspace       used 43330K, committed 43840K, reserved 1114112K
  class space    used 5805K, committed 6016K, reserved 1048576K
}
Event: 11.926 GC heap after
{Heap after GC invocations=11 (full 0):
 garbage-first heap   total 58368K, used 23107K [0x0000000081a00000, 0x0000000100000000)
  region size 1024K, 4 young (4096K), 4 survivors (4096K)
 Metaspace       used 43330K, committed 43840K, reserved 1114112K
  class space    used 5805K, committed 6016K, reserved 1048576K
}
Event: 13.668 GC heap before
{Heap before GC invocations=11 (full 0):
 garbage-first heap   total 58368K, used 48707K [0x0000000081a00000, 0x0000000100000000)
  region size 1024K, 30 young (30720K), 4 survivors (4096K)
 Metaspace       used 51132K, committed 51712K, reserved 1114112K
  class space    used 7001K, committed 7232K, reserved 1048576K
}
Event: 13.687 GC heap after
{Heap after GC invocations=12 (full 0):
 garbage-first heap   total 58368K, used 24471K [0x0000000081a00000, 0x0000000100000000)
  region size 1024K, 2 young (2048K), 2 survivors (2048K)
 Metaspace       used 51132K, committed 51712K, reserved 1114112K
  class space    used 7001K, committed 7232K, reserved 1048576K
}
Event: 15.383 GC heap before
{Heap before GC invocations=12 (full 0):
 garbage-first heap   total 58368K, used 50071K [0x0000000081a00000, 0x0000000100000000)
  region size 1024K, 27 young (27648K), 2 survivors (2048K)
 Metaspace       used 55604K, committed 56192K, reserved 1114112K
  class space    used 7651K, committed 7872K, reserved 1048576K
}
Event: 15.393 GC heap after
{Heap after GC invocations=13 (full 0):
 garbage-first heap   total 58368K, used 25369K [0x0000000081a00000, 0x0000000100000000)
  region size 1024K, 3 young (3072K), 3 survivors (3072K)
 Metaspace       used 55604K, committed 56192K, reserved 1114112K
  class space    used 7651K, committed 7872K, reserved 1048576K
}
Event: 16.599 GC heap before
{Heap before GC invocations=13 (full 0):
 garbage-first heap   total 58368K, used 45849K [0x0000000081a00000, 0x0000000100000000)
  region size 1024K, 25 young (25600K), 3 survivors (3072K)
 Metaspace       used 59836K, committed 60480K, reserved 1114112K
  class space    used 8196K, committed 8512K, reserved 1048576K
}
Event: 16.615 GC heap after
{Heap after GC invocations=14 (full 0):
 garbage-first heap   total 58368K, used 27958K [0x0000000081a00000, 0x0000000100000000)
  region size 1024K, 4 young (4096K), 4 survivors (4096K)
 Metaspace       used 59836K, committed 60480K, reserved 1114112K
  class space    used 8196K, committed 8512K, reserved 1048576K
}
Event: 17.990 GC heap before
{Heap before GC invocations=15 (full 0):
 garbage-first heap   total 58368K, used 49462K [0x0000000081a00000, 0x0000000100000000)
  region size 1024K, 25 young (25600K), 4 survivors (4096K)
 Metaspace       used 62338K, committed 63104K, reserved 1114112K
  class space    used 8611K, committed 8960K, reserved 1048576K
}

Dll operation events (14 events):
Event: 0.032 Loaded shared library C:\Program Files\Java\jdk-21\bin\java.dll
Event: 0.095 Loaded shared library C:\Program Files\Java\jdk-21\bin\jsvml.dll
Event: 0.365 Loaded shared library C:\Program Files\Java\jdk-21\bin\zip.dll
Event: 0.370 Loaded shared library C:\Program Files\Java\jdk-21\bin\instrument.dll
Event: 0.378 Loaded shared library C:\Program Files\Java\jdk-21\bin\net.dll
Event: 0.381 Loaded shared library C:\Program Files\Java\jdk-21\bin\nio.dll
Event: 0.387 Loaded shared library C:\Program Files\Java\jdk-21\bin\zip.dll
Event: 0.418 Loaded shared library C:\Program Files\JetBrains\IntelliJ IDEA 2023.3.2\bin\breakgen64.dll
Event: 0.436 Loaded shared library C:\Program Files\Java\jdk-21\bin\extnet.dll
Event: 0.768 Loaded shared library C:\Program Files\Java\jdk-21\bin\jimage.dll
Event: 4.881 Loaded shared library C:\Program Files\Java\jdk-21\bin\sunmscapi.dll
Event: 9.443 Loaded shared library C:\Program Files\Java\jdk-21\bin\verify.dll
Event: 10.314 Loaded shared library C:\Program Files\Java\jdk-21\bin\management.dll
Event: 10.317 Loaded shared library C:\Program Files\Java\jdk-21\bin\management_ext.dll

Deoptimization events (20 events):
Event: 17.633 Thread 0x0000024d43edeca0 Uncommon trap: trap_request=0xffffffde fr.pc=0x0000024d5625b688 relative=0x00000000000000e8
Event: 17.633 Thread 0x0000024d43edeca0 Uncommon trap: reason=class_check action=maybe_recompile pc=0x0000024d5625b688 method=org.springframework.util.ObjectUtils.nullSafeHashCode(Ljava/lang/Object;)I @ 17 c2
Event: 17.633 Thread 0x0000024d43edeca0 DEOPT PACKING pc=0x0000024d5625b688 sp=0x000000ffbcff8a40
Event: 17.633 Thread 0x0000024d43edeca0 DEOPT UNPACKING pc=0x0000024d55b246a2 sp=0x000000ffbcff89d8 mode 2
Event: 17.633 Thread 0x0000024d43edeca0 Uncommon trap: trap_request=0xffffffde fr.pc=0x0000024d5625b688 relative=0x00000000000000e8
Event: 17.634 Thread 0x0000024d43edeca0 Uncommon trap: reason=class_check action=maybe_recompile pc=0x0000024d5625b688 method=org.springframework.util.ObjectUtils.nullSafeHashCode(Ljava/lang/Object;)I @ 17 c2
Event: 17.634 Thread 0x0000024d43edeca0 DEOPT PACKING pc=0x0000024d5625b688 sp=0x000000ffbcff8a40
Event: 17.634 Thread 0x0000024d43edeca0 DEOPT UNPACKING pc=0x0000024d55b246a2 sp=0x000000ffbcff89d8 mode 2
Event: 17.635 Thread 0x0000024d43edeca0 Uncommon trap: trap_request=0xffffffde fr.pc=0x0000024d5625b688 relative=0x00000000000000e8
Event: 17.635 Thread 0x0000024d43edeca0 Uncommon trap: reason=class_check action=maybe_recompile pc=0x0000024d5625b688 method=org.springframework.util.ObjectUtils.nullSafeHashCode(Ljava/lang/Object;)I @ 17 c2
Event: 17.635 Thread 0x0000024d43edeca0 DEOPT PACKING pc=0x0000024d5625b688 sp=0x000000ffbcff8a40
Event: 17.635 Thread 0x0000024d43edeca0 DEOPT UNPACKING pc=0x0000024d55b246a2 sp=0x000000ffbcff89d8 mode 2
Event: 17.635 Thread 0x0000024d43edeca0 Uncommon trap: trap_request=0xffffffde fr.pc=0x0000024d5625b688 relative=0x00000000000000e8
Event: 17.635 Thread 0x0000024d43edeca0 Uncommon trap: reason=class_check action=maybe_recompile pc=0x0000024d5625b688 method=org.springframework.util.ObjectUtils.nullSafeHashCode(Ljava/lang/Object;)I @ 17 c2
Event: 17.635 Thread 0x0000024d43edeca0 DEOPT PACKING pc=0x0000024d5625b688 sp=0x000000ffbcff8a40
Event: 17.635 Thread 0x0000024d43edeca0 DEOPT UNPACKING pc=0x0000024d55b246a2 sp=0x000000ffbcff89d8 mode 2
Event: 17.752 Thread 0x0000024d43edeca0 Uncommon trap: trap_request=0xffffff45 fr.pc=0x0000024d563d5c30 relative=0x0000000000003dd0
Event: 17.752 Thread 0x0000024d43edeca0 Uncommon trap: reason=unstable_if action=reinterpret pc=0x0000024d563d5c30 method=org.springframework.beans.factory.support.AbstractBeanFactory.isTypeMatch(Ljava/lang/String;Lorg/springframework/core/ResolvableType;Z)Z @ 35 c2
Event: 17.752 Thread 0x0000024d43edeca0 DEOPT PACKING pc=0x0000024d563d5c30 sp=0x000000ffbcff90c0
Event: 17.752 Thread 0x0000024d43edeca0 DEOPT UNPACKING pc=0x0000024d55b246a2 sp=0x000000ffbcff9080 mode 2

Classes loaded (20 events):
Event: 16.922 Loading class java/security/interfaces/RSAPrivateCrtKey done
Event: 16.922 Loading class sun/security/pkcs/PKCS8Key
Event: 16.922 Loading class sun/security/util/InternalPrivateKey
Event: 16.923 Loading class sun/security/util/InternalPrivateKey done
Event: 16.923 Loading class sun/security/pkcs/PKCS8Key done
Event: 16.923 Loading class sun/security/rsa/RSAPrivateCrtKeyImpl done
Event: 17.510 Loading class java/nio/charset/UnsupportedCharsetException
Event: 17.510 Loading class java/nio/charset/UnsupportedCharsetException done
Event: 17.642 Loading class java/util/regex/PatternSyntaxException
Event: 17.642 Loading class java/util/regex/PatternSyntaxException done
Event: 17.650 Loading class java/util/Comparators$NullComparator
Event: 17.650 Loading class java/util/Comparators$NullComparator done
Event: 17.732 Loading class java/util/HashMap$EntrySpliterator
Event: 17.732 Loading class java/util/HashMap$EntrySpliterator done
Event: 17.942 Loading class java/util/EnumMap$EntrySet
Event: 17.942 Loading class java/util/EnumMap$EntrySet done
Event: 17.942 Loading class java/util/EnumMap$EntryIterator
Event: 17.943 Loading class java/util/EnumMap$EnumMapIterator
Event: 17.943 Loading class java/util/EnumMap$EnumMapIterator done
Event: 17.943 Loading class java/util/EnumMap$EntryIterator done

Classes unloaded (0 events):
No events

Classes redefined (0 events):
No events

Internal exceptions (20 events):
Event: 14.397 Thread 0x0000024d43edeca0 Exception <a 'java/lang/NoSuchMethodError'{0x00000000842825f8}: 'java.lang.Object java.lang.invoke.DirectMethodHandle$Holder.newInvokeSpecial(java.lang.Object, java.lang.Object, java.lang.Object, java.lang.Object, java.lang.Object, java.lang.Object, java.lang.Object, java.lang.Object, java.lang.Object, java.lang.Object, java.lang.Object, java.lang.Object)'> (0x00000000842825f8) 
thrown [s\open\src\hotspot\share\interpreter\linkResolver.cpp, line 773]
Event: 14.398 Thread 0x0000024d43edeca0 Exception <a 'java/lang/NoSuchMethodError'{0x00000000842876a0}: 'java.lang.Object java.lang.invoke.DirectMethodHandle$Holder.invokeSpecial(java.lang.Object, java.lang.Object, java.lang.Object, java.lang.Object, java.lang.Object, java.lang.Object, java.lang.Object, java.lang.Object, java.lang.Object, java.lang.Object, java.lang.Object, java.lang.Object, java.lang.Object)'> (0x00000000842876a0) 
thrown [s\open\src\hotspot\share\interpreter\linkResolver.cpp, line 773]
Event: 14.399 Thread 0x0000024d43edeca0 Exception <a 'java/lang/NoSuchMethodError'{0x000000008428c5a8}: 'java.lang.Object java.lang.invoke.Invokers$Holder.linkToTargetMethod(java.lang.Object, java.lang.Object, java.lang.Object, java.lang.Object, java.lang.Object, java.lang.Object, java.lang.Object, java.lang.Object, java.lang.Object, java.lang.Object, java.lang.Object, java.lang.Object)'> (0x000000008428c5a8) 
thrown [s\open\src\hotspot\share\interpreter\linkResolver.cpp, line 773]
Event: 14.523 Thread 0x0000024d43edeca0 Exception <a 'java/lang/NoSuchMethodError'{0x00000000840d6d78}: 'java.lang.Object java.lang.invoke.DirectMethodHandle$Holder.newInvokeSpecial(java.lang.Object, java.lang.Object, java.lang.Object, java.lang.Object, java.lang.Object, java.lang.Object, java.lang.Object, int)'> (0x00000000840d6d78) 
thrown [s\open\src\hotspot\share\interpreter\linkResolver.cpp, line 773]
Event: 14.525 Thread 0x0000024d43edeca0 Exception <a 'java/lang/NoSuchMethodError'{0x00000000840dbaa0}: 'java.lang.Object java.lang.invoke.DirectMethodHandle$Holder.invokeSpecial(java.lang.Object, java.lang.Object, java.lang.Object, java.lang.Object, java.lang.Object, java.lang.Object, java.lang.Object, java.lang.Object, int)'> (0x00000000840dbaa0) 
thrown [s\open\src\hotspot\share\interpreter\linkResolver.cpp, line 773]
Event: 14.525 Thread 0x0000024d43edeca0 Exception <a 'java/lang/NoSuchMethodError'{0x00000000840e0280}: 'java.lang.Object java.lang.invoke.Invokers$Holder.linkToTargetMethod(java.lang.Object, java.lang.Object, java.lang.Object, java.lang.Object, java.lang.Object, java.lang.Object, int, java.lang.Object)'> (0x00000000840e0280) 
thrown [s\open\src\hotspot\share\interpreter\linkResolver.cpp, line 773]
Event: 14.591 Thread 0x0000024d43edeca0 Exception <a 'java/lang/NoSuchMethodError'{0x0000000083fee180}: 'java.lang.Object java.lang.invoke.DirectMethodHandle$Holder.newInvokeSpecial(java.lang.Object, java.lang.Object, int, java.lang.Object, int, java.lang.Object, java.lang.Object)'> (0x0000000083fee180) 
thrown [s\open\src\hotspot\share\interpreter\linkResolver.cpp, line 773]
Event: 15.364 Thread 0x0000024d43edeca0 Exception <a 'java/lang/NoSuchMethodError'{0x0000000083a8bfb0}: 'void java.lang.invoke.Invokers$Holder.invokeExact_MT(java.lang.Object, java.lang.Object, java.lang.Object, java.lang.Object)'> (0x0000000083a8bfb0) 
thrown [s\open\src\hotspot\share\interpreter\linkResolver.cpp, line 773]
Event: 15.424 Thread 0x0000024d43edeca0 Implicit null exception at 0x0000024d56387117 to 0x0000024d56387390
Event: 15.444 Thread 0x0000024d43edeca0 Implicit null exception at 0x0000024d5636e801 to 0x0000024d5636eb68
Event: 15.444 Thread 0x0000024d43edeca0 Implicit null exception at 0x0000024d563594c0 to 0x0000024d563594f8
Event: 15.499 Thread 0x0000024d43edeca0 Exception <a 'java/lang/IncompatibleClassChangeError'{0x0000000086b83be0}: Found class java.lang.Object, but interface was expected> (0x0000000086b83be0) 
thrown [s\open\src\hotspot\share\interpreter\linkResolver.cpp, line 840]
Event: 15.522 Thread 0x0000024d43edeca0 Exception <a 'java/lang/IncompatibleClassChangeError'{0x0000000086bf1f80}: Found class java.lang.Object, but interface was expected> (0x0000000086bf1f80) 
thrown [s\open\src\hotspot\share\interpreter\linkResolver.cpp, line 840]
Event: 15.618 Thread 0x0000024d43edeca0 Exception <a 'java/lang/IncompatibleClassChangeError'{0x0000000086957548}: Found class java.lang.Object, but interface was expected> (0x0000000086957548) 
thrown [s\open\src\hotspot\share\interpreter\linkResolver.cpp, line 840]
Event: 16.019 Thread 0x0000024d43edeca0 Exception <a 'java/lang/IncompatibleClassChangeError'{0x00000000846dee60}: Found class java.lang.Object, but interface was expected> (0x00000000846dee60) 
thrown [s\open\src\hotspot\share\interpreter\linkResolver.cpp, line 840]
Event: 16.283 Thread 0x0000024d43edeca0 Exception <a 'java/lang/IncompatibleClassChangeError'{0x00000000843a3ee0}: Found class java.lang.Object, but interface was expected> (0x00000000843a3ee0) 
thrown [s\open\src\hotspot\share\interpreter\linkResolver.cpp, line 840]
Event: 16.542 Thread 0x0000024d43edeca0 Exception <a 'java/io/FileNotFoundException'{0x0000000083ee4a70}> (0x0000000083ee4a70) 
thrown [s\open\src\hotspot\share\prims\jni.cpp, line 520]
Event: 16.543 Thread 0x0000024d43edeca0 Exception <a 'java/io/FileNotFoundException'{0x0000000083ef00e0}> (0x0000000083ef00e0) 
thrown [s\open\src\hotspot\share\prims\jni.cpp, line 520]
Event: 16.926 Thread 0x0000024d43edeca0 Exception <a 'java/lang/NoSuchMethodError'{0x0000000086bd1998}: 'java.lang.Object java.lang.invoke.Invokers$Holder.invoke_MT(java.lang.Object, java.lang.Object, java.lang.Object, java.lang.Object, java.lang.Object, java.lang.Object, java.lang.Object, java.lang.Object, java.lang.Object)'> (0x0000000086bd1998) 
thrown [s\open\src\hotspot\share\interpreter\linkResolver.cpp, line 773]
Event: 17.078 Thread 0x0000024d43edeca0 Exception <a 'java/lang/NoSuchMethodError'{0x0000000086883da8}: 'java.lang.Object java.lang.invoke.DirectMethodHandle$Holder.newInvokeSpecial(java.lang.Object, java.lang.Object, java.lang.Object, java.lang.Object, java.lang.Object, java.lang.Object, java.lang.Object, java.lang.Object)'> (0x0000000086883da8) 
thrown [s\open\src\hotspot\share\interpreter\linkResolver.cpp, line 773]

ZGC Phase Switch (0 events):
No events

VM Operations (20 events):
Event: 15.393 Executing VM operation: G1CollectForAllocation (G1 Evacuation Pause) done
Event: 15.825 Executing VM operation: HandshakeAllThreads (Deoptimize)
Event: 15.825 Executing VM operation: HandshakeAllThreads (Deoptimize) done
Event: 16.051 Executing VM operation: HandshakeAllThreads (Deoptimize)
Event: 16.051 Executing VM operation: HandshakeAllThreads (Deoptimize) done
Event: 16.283 Executing VM operation: ICBufferFull
Event: 16.284 Executing VM operation: ICBufferFull done
Event: 16.599 Executing VM operation: CollectForMetadataAllocation (Metadata GC Threshold)
Event: 16.615 Executing VM operation: CollectForMetadataAllocation (Metadata GC Threshold) done
Event: 16.689 Executing VM operation: G1PauseRemark
Event: 16.706 Executing VM operation: G1PauseRemark done
Event: 16.732 Executing VM operation: G1PauseCleanup
Event: 16.732 Executing VM operation: G1PauseCleanup done
Event: 17.611 Executing VM operation: HandshakeAllThreads (Deoptimize)
Event: 17.611 Executing VM operation: HandshakeAllThreads (Deoptimize) done
Event: 17.679 Executing VM operation: HandshakeAllThreads (Deoptimize)
Event: 17.679 Executing VM operation: HandshakeAllThreads (Deoptimize) done
Event: 17.681 Executing VM operation: HandshakeAllThreads (Deoptimize)
Event: 17.681 Executing VM operation: HandshakeAllThreads (Deoptimize) done
Event: 17.990 Executing VM operation: G1CollectForAllocation (G1 Evacuation Pause)

Events (20 events):
Event: 16.704 Thread 0x0000024d62236b90 flushing nmethod 0x0000024d56192d10
Event: 16.704 Thread 0x0000024d62236b90 flushing nmethod 0x0000024d56182210
Event: 16.704 Thread 0x0000024d62236b90 flushing nmethod 0x0000024d56180390
Event: 16.704 Thread 0x0000024d62236b90 flushing nmethod 0x0000024d5617c510
Event: 16.704 Thread 0x0000024d62236b90 flushing nmethod 0x0000024d5617b090
Event: 16.704 Thread 0x0000024d62236b90 flushing nmethod 0x0000024d56175d10
Event: 16.704 Thread 0x0000024d62236b90 flushing nmethod 0x0000024d56122c90
Event: 16.704 Thread 0x0000024d62236b90 flushing nmethod 0x0000024d56157710
Event: 16.704 Thread 0x0000024d62236b90 flushing nmethod 0x0000024d56155390
Event: 16.704 Thread 0x0000024d62236b90 flushing nmethod 0x0000024d56153c90
Event: 16.704 Thread 0x0000024d62236b90 flushing nmethod 0x0000024d56101790
Event: 16.704 Thread 0x0000024d62236b90 flushing nmethod 0x0000024d56111910
Event: 16.704 Thread 0x0000024d62236b90 flushing nmethod 0x0000024d56111110
Event: 16.704 Thread 0x0000024d62236b90 flushing nmethod 0x0000024d56110b10
Event: 16.704 Thread 0x0000024d62236b90 flushing nmethod 0x0000024d5610fb90
Event: 16.704 Thread 0x0000024d62236b90 flushing nmethod 0x0000024d5610b810
Event: 16.704 Thread 0x0000024d62236b90 flushing nmethod 0x0000024d560cff90
Event: 16.704 Thread 0x0000024d62236b90 flushing nmethod 0x0000024d560c0590
Event: 16.704 Thread 0x0000024d62236b90 flushing nmethod 0x0000024d5608ce90
Event: 16.704 Thread 0x0000024d62236b90 flushing nmethod 0x0000024d56070a10


Dynamic libraries:
0x00007ff73f880000 - 0x00007ff73f890000 	C:\Program Files\Java\jdk-21\bin\java.exe
0x00007ffb2de90000 - 0x00007ffb2e0a7000 	C:\Windows\SYSTEM32\ntdll.dll
0x00007ffb2cce0000 - 0x00007ffb2cda4000 	C:\Windows\System32\KERNEL32.DLL
0x00007ffb2b650000 - 0x00007ffb2b9fd000 	C:\Windows\System32\KERNELBASE.dll
0x00007ffb2b2a0000 - 0x00007ffb2b3b1000 	C:\Windows\System32\ucrtbase.dll
0x00007ffae98f0000 - 0x00007ffae9909000 	C:\Program Files\Java\jdk-21\bin\jli.dll
0x00007ffb0de60000 - 0x00007ffb0de7b000 	C:\Program Files\Java\jdk-21\bin\VCRUNTIME140.dll
0x00007ffb2d370000 - 0x00007ffb2d422000 	C:\Windows\System32\ADVAPI32.dll
0x00007ffb2bbc0000 - 0x00007ffb2bc67000 	C:\Windows\System32\msvcrt.dll
0x00007ffb2c630000 - 0x00007ffb2c6d9000 	C:\Windows\System32\sechost.dll
0x00007ffb2bad0000 - 0x00007ffb2baf8000 	C:\Windows\System32\bcrypt.dll
0x00007ffb2cee0000 - 0x00007ffb2cff4000 	C:\Windows\System32\RPCRT4.dll
0x00007ffb2c2c0000 - 0x00007ffb2c46e000 	C:\Windows\System32\USER32.dll
0x00007ffb2ba00000 - 0x00007ffb2ba26000 	C:\Windows\System32\win32u.dll
0x00007ffb2ceb0000 - 0x00007ffb2ced9000 	C:\Windows\System32\GDI32.dll
0x00007ffb2b3c0000 - 0x00007ffb2b4d9000 	C:\Windows\System32\gdi32full.dll
0x00007ffb16ae0000 - 0x00007ffb16d73000 	C:\Windows\WinSxS\amd64_microsoft.windows.common-controls_6595b64144ccf1df_6.0.22621.3672_none_2713b9d173822955\COMCTL32.dll
0x00007ffb2ba30000 - 0x00007ffb2baca000 	C:\Windows\System32\msvcp_win.dll
0x00007ffb2ad10000 - 0x00007ffb2ad1a000 	C:\Windows\SYSTEM32\VERSION.dll
0x00007ffb2d330000 - 0x00007ffb2d361000 	C:\Windows\System32\IMM32.DLL
0x0000000052dd0000 - 0x0000000052ddc000 	C:\Program Files (x86)\360\Total Security\safemon\SafeWrapper.dll
0x00007ffae2330000 - 0x00007ffae23dc000 	C:\Program Files (x86)\360\Total Security\safemon\libzdtp64.dll
0x00007ffb2d490000 - 0x00007ffb2dcf7000 	C:\Windows\System32\SHELL32.dll
0x00007ffb2d430000 - 0x00007ffb2d48e000 	C:\Windows\System32\SHLWAPI.dll
0x00007ffb27bc0000 - 0x00007ffb27bcc000 	C:\Program Files\Java\jdk-21\bin\vcruntime140_1.dll
0x00007ffacb540000 - 0x00007ffacb5ce000 	C:\Program Files\Java\jdk-21\bin\msvcp140.dll
0x00007ffa83ca0000 - 0x00007ffa849b5000 	C:\Program Files\Java\jdk-21\bin\server\jvm.dll
0x00007ffb2be30000 - 0x00007ffb2bea1000 	C:\Windows\System32\WS2_32.dll
0x00007ffb2ae70000 - 0x00007ffb2aebd000 	C:\Windows\SYSTEM32\POWRPROF.dll
0x00007ffb214a0000 - 0x00007ffb214d4000 	C:\Windows\SYSTEM32\WINMM.dll
0x00007ffb2ae50000 - 0x00007ffb2ae63000 	C:\Windows\SYSTEM32\UMPDC.dll
0x00007ffb2a130000 - 0x00007ffb2a148000 	C:\Windows\SYSTEM32\kernel.appcore.dll
0x00007ffb261d0000 - 0x00007ffb261da000 	C:\Program Files\Java\jdk-21\bin\jimage.dll
0x00007ffb28a80000 - 0x00007ffb28cb2000 	C:\Windows\SYSTEM32\DBGHELP.DLL
0x00007ffb2bf30000 - 0x00007ffb2c2bd000 	C:\Windows\System32\combase.dll
0x00007ffb2bca0000 - 0x00007ffb2bd77000 	C:\Windows\System32\OLEAUT32.dll
0x00007ffb0e810000 - 0x00007ffb0e842000 	C:\Windows\SYSTEM32\dbgcore.DLL
0x00007ffb2b1b0000 - 0x00007ffb2b22b000 	C:\Windows\System32\bcryptPrimitives.dll
0x00007ffb256b0000 - 0x00007ffb256bf000 	C:\Program Files\Java\jdk-21\bin\instrument.dll
0x00007ffae1f60000 - 0x00007ffae1f7f000 	C:\Program Files\Java\jdk-21\bin\java.dll
0x00007ffb29040000 - 0x00007ffb2993e000 	C:\Windows\SYSTEM32\windows.storage.dll
0x00007ffb28f00000 - 0x00007ffb2903f000 	C:\Windows\SYSTEM32\wintypes.dll
0x00007ffb2cb90000 - 0x00007ffb2cc89000 	C:\Windows\System32\SHCORE.dll
0x00007ffb2b0e0000 - 0x00007ffb2b101000 	C:\Windows\SYSTEM32\profapi.dll
0x00007ffa8c5e0000 - 0x00007ffa8c6b7000 	C:\Program Files\Java\jdk-21\bin\jsvml.dll
0x00007ffadc0b0000 - 0x00007ffadc0c8000 	C:\Program Files\Java\jdk-21\bin\zip.dll
0x00007ffae1ff0000 - 0x00007ffae2000000 	C:\Program Files\Java\jdk-21\bin\net.dll
0x00007ffb23060000 - 0x00007ffb23196000 	C:\Windows\SYSTEM32\WINHTTP.dll
0x00007ffb2a590000 - 0x00007ffb2a5f9000 	C:\Windows\system32\mswsock.dll
0x00007ffae1930000 - 0x00007ffae1946000 	C:\Program Files\Java\jdk-21\bin\nio.dll
0x00007ffacb990000 - 0x00007ffacb9aa000 	C:\Program Files\JetBrains\IntelliJ IDEA 2023.3.2\bin\breakgen64.dll
0x00007ffae1de0000 - 0x00007ffae1de7000 	C:\Program Files\Java\jdk-21\bin\extnet.dll
0x00007ffb256a0000 - 0x00007ffb256ae000 	C:\Program Files\Java\jdk-21\bin\sunmscapi.dll
0x00007ffb2b4e0000 - 0x00007ffb2b647000 	C:\Windows\System32\CRYPT32.dll
0x00007ffb2aa00000 - 0x00007ffb2aa2e000 	C:\Windows\SYSTEM32\ncrypt.dll
0x00007ffb2a9c0000 - 0x00007ffb2a9f7000 	C:\Windows\SYSTEM32\NTASN1.dll
0x00007ffb2a8e0000 - 0x00007ffb2a8fb000 	C:\Windows\SYSTEM32\CRYPTSP.dll
0x00007ffb2a090000 - 0x00007ffb2a0c5000 	C:\Windows\system32\rsaenh.dll
0x00007ffb2a630000 - 0x00007ffb2a658000 	C:\Windows\SYSTEM32\USERENV.dll
0x00007ffb2a8c0000 - 0x00007ffb2a8cc000 	C:\Windows\SYSTEM32\CRYPTBASE.dll
0x00007ffb29ba0000 - 0x00007ffb29bcd000 	C:\Windows\SYSTEM32\IPHLPAPI.DLL
0x00007ffb2d160000 - 0x00007ffb2d169000 	C:\Windows\System32\NSI.dll
0x00007ffb16660000 - 0x00007ffb16670000 	C:\Program Files\Java\jdk-21\bin\verify.dll
0x00007ffb29c10000 - 0x00007ffb29d08000 	C:\Windows\SYSTEM32\DNSAPI.dll
0x00007ffb248c0000 - 0x00007ffb248ca000 	C:\Windows\System32\rasadhlp.dll
0x00007ffb1b9a0000 - 0x00007ffb1ba23000 	C:\Windows\System32\fwpuclnt.dll
0x00007ffae14c0000 - 0x00007ffae14ca000 	C:\Program Files\Java\jdk-21\bin\management.dll
0x00007ffadc0a0000 - 0x00007ffadc0ab000 	C:\Program Files\Java\jdk-21\bin\management_ext.dll
0x00007ffb2bc90000 - 0x00007ffb2bc98000 	C:\Windows\System32\PSAPI.DLL

dbghelp: loaded successfully - version: 4.0.5 - missing functions: none
symbol engine: initialized successfully - sym options: 0x614 - pdb path: .;C:\Program Files\Java\jdk-21\bin;C:\Windows\SYSTEM32;C:\Windows\WinSxS\amd64_microsoft.windows.common-controls_6595b64144ccf1df_6.0.22621.3672_none_2713b9d173822955;C:\Program Files (x86)\360\Total Security\safemon;C:\Program Files\Java\jdk-21\bin\server;C:\Program Files\JetBrains\IntelliJ IDEA 2023.3.2\bin

VM Arguments:
jvm_args: -ea -Didea.test.cyclic.buffer.size=1048576 -javaagent:C:\Program Files\JetBrains\IntelliJ IDEA 2023.3.2\lib\idea_rt.jar=65398:C:\Program Files\JetBrains\IntelliJ IDEA 2023.3.2\bin -Dfile.encoding=UTF-8 -Dsun.stdout.encoding=UTF-8 -Dsun.stderr.encoding=UTF-8 
java_command: com.intellij.rt.junit.JUnitStarter -ideVersion5 -junit5 com.africa.semiclon.capStoneProject.service.AgentServiceImplementationTest,testThatAgentCanUpdateProfile
java_class_path (initial): C:\Users\DELL\.m2\repository\org\junit\platform\junit-platform-launcher\1.10.3\junit-platform-launcher-1.10.3.jar;C:\Program Files\JetBrains\IntelliJ IDEA 2023.3.2\lib\idea_rt.jar;C:\Program Files\JetBrains\IntelliJ IDEA 2023.3.2\plugins\junit\lib\junit5-rt.jar;C:\Program Files\JetBrains\IntelliJ IDEA 2023.3.2\plugins\junit\lib\junit-rt.jar;C:\Users\DELL\Desktop\CapStoneProject\target\test-classes;C:\Users\DELL\Desktop\CapStoneProject\target\classes;C:\Users\DELL\.m2\repository\org\springframework\boot\spring-boot-starter-data-jpa\3.3.2\spring-boot-starter-data-jpa-3.3.2.jar;C:\Users\DELL\.m2\repository\org\springframework\boot\spring-boot-starter-aop\3.3.2\spring-boot-starter-aop-3.3.2.jar;C:\Users\DELL\.m2\repository\org\aspectj\aspectjweaver\1.9.22.1\aspectjweaver-1.9.22.1.jar;C:\Users\DELL\.m2\repository\org\springframework\boot\spring-boot-starter-jdbc\3.3.2\spring-boot-starter-jdbc-3.3.2.jar;C:\Users\DELL\.m2\repository\com\zaxxer\HikariCP\5.1.0\HikariCP-5.1.0.jar;C:\Users\DELL\.m2\repository\org\springframework\spring-jdbc\6.1.11\spring-jdbc-6.1.11.jar;C:\Users\DELL\.m2\repository\org\hibernate\orm\hibernate-core\6.5.2.Final\hibernate-core-6.5.2.Final.jar;C:\Users\DELL\.m2\repository\jakarta\persistence\jakarta.persistence-api\3.1.0\jakarta.persistence-api-3.1.0.jar;C:\Users\DELL\.m2\repository\jakarta\transaction\jakarta.transaction-api\2.0.1\jakarta.transaction-api-2.0.1.jar;C:\Users\DELL\.m2\repository\org\jboss\logging\jboss-logging\3.5.3.Final\jboss-logging-3.5.3.Final.jar;C:\Users\DELL\.m2\repository\org\hibernate\common\hibernate-commons-annotations\6.0.6.Final\hibernate-commons-annotations-6.0.6.Final.jar;C:\Users\DELL\.m2\repository\io\smallrye\jandex\3.1.2\jandex-3.1.2.jar;C:\Users\DELL\.m2\repository\com\fasterxml\classmate\1.7.0\classmate-1.7.0.jar;C:\Users\DELL\.m2\repository\net\bytebuddy\byte-buddy\1.14.18\byte-buddy-1.14.18.jar;C:\Users\DELL\.m2\repository\org\glassfish\jaxb\jaxb-runtime\4.0.5\jaxb-runtime-4.0.5.jar;C:\Users\DELL\.m2\repository\org\glassfish\jaxb\jaxb-core\4.0.5\jaxb-core-4.0.5.jar;C:\Users\DELL\.m2\repository\org\glassfish\jaxb\txw2\4.0.5\txw2-4.0.5.jar;C:\Users\DELL\.m2\repository\com\sun\istack\istack-commons-runtime\4.1.2\istack-commons-runtime-4.1.2.jar;C:\Users\DELL\.m2\repository\jakarta\inject\jakarta.inject-api\2.0.1\jakarta.inject-api-2.0.1.jar;C:\Users\DELL\.m2\repository\org\antlr\antlr4-runtime\4.13.0\antlr4-runtime-4.13.0.jar;C:\Users\DELL\.m2\repository\org\springframework\data\spring-data-jpa\3.3.2\spring-data-jpa-3.3.2.jar;C:\Users\DELL\.m2\repository\org\springframework\data\spring-data-commons\3.3.2\spring-data-commons-3.3.2.jar;C:\Users\DELL\.m2\repository\org\springframework\spring-orm\6.1.11\spring-orm-6.1.11.jar;C:\Users\DELL\.m2\repository\org\springframework\spring-context\6.1.11\spring-context-6.1.11.jar;C:\Users\DELL\.m2\repository\org\springframework\spring-tx\6.1.11\spring-tx-6.1.11.jar;C:\Users\DELL\.m2\repository\org\springframework\spring-beans\6.1.11\spring-beans-6.1.11.jar;C:\Users\DELL\.m2\repository\jakarta\annotation\jakarta.annotation-api\2.1.1\jakarta.annotation-api-2.1.1.jar;C:\Users\DELL\.m2\repository\org\slf4j\slf4j-api\2.0.13\slf4j-api-2.0.13.jar;C:\Users\DELL\.m2\repository\org\springframework\spring-aspects\6.1.11\spring-aspects-6.1.11.jar;C:\Users\DELL\.m2\repository\org\springframework\boot\spring-boot-starter-web\3.3.2\spring-boot-starter-web-3.3.2.jar;C:\Users\DELL\.m2\repository\org\springframework\boot\spring-boot-starter\3.3.2\spring-boot-starter-3.3.2.jar;C:\Users\DELL\.m2\repository\org\springframework\boot\spring-boot\3.3.2\spring-boot-3.3.2.jar;C:\Users\DELL\.m2\repository\org\springframework\boot\spring-boot-autoconfigure\3.3.2\spring-boot-autoconfigure-3.3.2.jar;C:\Users\DELL\.m2\repository\org\springframework\boot\spring-boot-starter-logging\3.3.2\spring-boot-starter-logging-3.3.2.jar;C:\Users\DELL\.m2\repository\ch\qos\logback\logback-classic\1.5.6\logback-classic-1.5.6.jar;C:\Users\DELL\.m2\repository\ch\qos\logback\logback-core\1.5.6\logback-core-1.5.6.jar;C:\Users\DELL\.m2\repository\org\apache\logging\log4j\log4j-to-slf4j\2.23.1\log4j-to-slf4j-2.23.1.jar;C:\Users\DELL\.m2\repository\org\apache\logging\log4j\log4j-api\2.23.1\log4j-api-2.23.1.jar;C:\Users\DELL\.m2\repository\org\slf4j\jul-to-slf4j\2.0.13\jul-to-slf4j-2.0.13.jar;C:\Users\DELL\.m2\repository\org\yaml\snakeyaml\2.2\snakeyaml-2.2.jar;C:\Users\DELL\.m2\repository\org\springframework\boot\spring-boot-starter-json\3.3.2\spring-boot-starter-json-3.3.2.jar;C:\Users\DELL\.m2\repository\com\fasterxml\jackson\datatype\jackson-datatype-jdk8\2.17.2\jackson-datatype-jdk8-2.17.2.jar;C:\Users\DELL\.m2\repository\com\fasterxml\jackson\datatype\jackson-datatype-jsr310\2.17.2\jackson-datatype-jsr310-2.17.2.jar;C:\Users\DELL\.m2\repository\com\fasterxml\jackson\module\jackson-module-parameter-names\2.17.2\jackson-module-parameter-names-2.17.2.jar;C:\Users\DELL\.m2\repository\org\springframework\boot\spring-boot-starter-tomcat\3.3.2\spring-boot-starter-tomcat-3.3.2.jar;C:\Users\DELL\.m2\repository\org\apache\tomcat\embed\tomcat-embed-core\10.1.26\tomcat-embed-core-10.1.26.jar;C:\Users\DELL\.m2\repository\org\apache\tomcat\embed\tomcat-embed-el\10.1.26\tomcat-embed-el-10.1.26.jar;C:\Users\DELL\.m2\repository\org\apache\tomcat\embed\tomcat-embed-websocket\10.1.26\tomcat-embed-websocket-10.1.26.jar;C:\Users\DELL\.m2\repository\org\springframework\spring-web\6.1.11\spring-web-6.1.11.jar;C:\Users\DELL\.m2\repository\io\micrometer\micrometer-observation\1.13.2\micrometer-observation-1.13.2.jar;C:\Users\DELL\.m2\repository\io\micrometer\micrometer-commons\1.13.2\micrometer-commons-1.13.2.jar;C:\Users\DELL\.m2\repository\org\springframework\spring-webmvc\6.1.11\spring-webmvc-6.1.11.jar;C:\Users\DELL\.m2\repository\org\springframework\spring-expression\6.1.11\spring-expression-6.1.11.jar;C:\Users\DELL\.m2\repository\org\springframework\boot\spring-boot-starter-mail\3.3.2\spring-boot-starter-mail-3.3.2.jar;C:\Users\DELL\.m2\repository\org\springframework\spring-context-support\6.1.11\spring-context-support-6.1.11.jar;C:\Users\DELL\.m2\repository\org\eclipse\angus\jakarta.mail\2.0.3\jakarta.mail-2.0.3.jar;C:\Users\DELL\.m2\repository\jakarta\activation\jakarta.activation-api\2.1.3\jakarta.activation-api-2.1.3.jar;C:\Users\DELL\.m2\repository\org\eclipse\angus\angus-activation\2.0.2\angus-activation-2.0.2.jar;C:\Users\DELL\.m2\repository\org\springframework\security\spring-security-test\6.3.1\spring-security-test-6.3.1.jar;C:\Users\DELL\.m2\repository\org\springframework\security\spring-security-core\6.3.1\spring-security-core-6.3.1.jar;C:\Users\DELL\.m2\repository\org\springframework\security\spring-security-crypto\6.3.1\spring-security-crypto-6.3.1.jar;C:\Users\DELL\.m2\repository\org\springframework\security\spring-security-web\6.3.1\spring-security-web-6.3.1.jar;C:\Users\DELL\.m2\repository\org\springframework\spring-core\6.1.11\spring-core-6.1.11.jar;C:\Users\DELL\.m2\repository\org\springframework\spring-jcl\6.1.11\spring-jcl-6.1.11.jar;C:\Users\DELL\.m2\repository\org\springframework\spring-test\6.1.11\spring-test-6.1.11.jar;C:\Users\DELL\.m2\repository\com\cloudinary\cloudinary-http44\1.32.2\cloudinary-http44-1.32.2.jar;C:\Users\DELL\.m2\repository\com\cloudinary\cloudinary-core\1.32.2\cloudinary-core-1.32.2.jar;C:\Users\DELL\.m2\repository\org\apache\commons\commons-lang3\3.14.0\commons-lang3-3.14.0.jar;C:\Users\DELL\.m2\repository\org\apache\httpcomponents\httpclient\4.4\httpclient-4.4.jar;C:\Users\DELL\.m2\repository\org\apache\httpcomponents\httpcore\4.4.16\httpcore-4.4.16.jar;C:\Users\DELL\.m2\repository\commons-logging\commons-logging\1.2\commons-logging-1.2.jar;C:\Users\DELL\.m2\repository\commons-codec\commons-codec\1.16.1\commons-codec-1.16.1.jar;C:\Users\DELL\.m2\repository\org\apache\httpcomponents\httpmime\4.4\httpmime-4.4.jar;C:\Users\DELL\.m2\repository\org\postgresql\postgresql\42.7.3\postgresql-42.7.3.jar;C:\Users\DELL\.m2\repository\org\checkerframework\checker-qual\3.42.0\checker-qual-3.42.0.jar;C:\Users\DELL\.m2\repository\org\projectlombok\lombok\1.18.34\lombok-1.18.34.jar;C:\Users\DELL\.m2\repository\org\springframework\boot\spring-boot-starter-test\3.3.2\spring-boot-starter-test-3.3.2.jar;C:\Users\DELL\.m2\repository\org\springframework\boot\spring-boot-test\3.3.2\spring-boot-test-3.3.2.jar;C:\Users\DELL\.m2\repository\org\springframework\boot\spring-boot-test-autoconfigure\3.3.2\spring-boot-test-autoconfigure-3.3.2.jar;C:\Users\DELL\.m2\repository\com\jayway\jsonpath\json-path\2.9.0\json-path-2.9.0.jar;C:\Users\DELL\.m2\repository\jakarta\xml\bind\jakarta.xml.bind-api\4.0.2\jakarta.xml.bind-api-4.0.2.jar;C:\Users\DELL\.m2\repository\net\minidev\json-smart\2.5.1\json-smart-2.5.1.jar;C:\Users\DELL\.m2\repository\net\minidev\accessors-smart\2.5.1\accessors-smart-2.5.1.jar;C:\Users\DELL\.m2\repository\org\ow2\asm\asm\9.6\asm-9.6.jar;C:\Users\DELL\.m2\repository\org\assertj\assertj-core\3.25.3\assertj-core-3.25.3.jar;C:\Users\DELL\.m2\repository\org\awaitility\awaitility\4.2.1\awaitility-4.2.1.jar;C:\Users\DELL\.m2\repository\org\hamcrest\hamcrest\2.2\hamcrest-2.2.jar;C:\Users\DELL\.m2\repository\org\junit\jupiter\junit-jupiter\5.10.3\junit-jupiter-5.10.3.jar;C:\Users\DELL\.m2\repository\org\junit\jupiter\junit-jupiter-params\5.10.3\junit-jupiter-params-5.10.3.jar;C:\Users\DELL\.m2\repository\org\junit\jupiter\junit-jupiter-engine\5.10.3\junit-jupiter-engine-5.10.3.jar;C:\Users\DELL\.m2\repository\org\junit\platform\junit-platform-engine\1.10.3\junit-platform-engine-1.10.3.jar;C:\Users\DELL\.m2\repository\org\mockito\mockito-core\5.11.0\mockito-core-5.11.0.jar;C:\Users\DELL\.m2\repository\net\bytebuddy\byte-buddy-agent\1.14.18\byte-buddy-agent-1.14.18.jar;C:\Users\DELL\.m2\repository\org\objenesis\objenesis\3.3\objenesis-3.3.jar;C:\Users\DELL\.m2\repository\org\mockito\mockito-junit-jupiter\5.11.0\mockito-junit-jupiter-5.11.0.jar;C:\Users\DELL\.m2\repository\org\skyscreamer\jsonassert\1.5.3\jsonassert-1.5.3.jar;C:\Users\DELL\.m2\repository\com\vaadin\external\google\android-json\0.0.20131108.vaadin1\android-json-0.0.20131108.vaadin1.jar;C:\Users\DELL\.m2\repository\org\xmlunit\xmlunit-core\2.9.1\xmlunit-core-2.9.1.jar;C:\Users\DELL\.m2\repository\org\modelmapper\modelmapper\3.1.1\modelmapper-3.1.1.jar;C:\Users\DELL\.m2\repository\com\auth0\java-jwt\4.4.0\java-jwt-4.4.0.jar;C:\Users\DELL\.m2\repository\com\fasterxml\jackson\core\jackson-databind\2.17.2\jackson-databind-2.17.2.jar;C:\Users\DELL\.m2\repository\com\fasterxml\jackson\core\jackson-annotations\2.17.2\jackson-annotations-2.17.2.jar;C:\Users\DELL\.m2\repository\com\fasterxml\jackson\core\jackson-core\2.17.2\jackson-core-2.17.2.jar;C:\Users\DELL\.m2\repository\com\github\java-json-tools\json-patch\1.13\json-patch-1.13.jar;C:\Users\DELL\.m2\repository\com\github\java-json-tools\msg-simple\1.2\msg-simple-1.2.jar;C:\Users\DELL\.m2\repository\com\github\java-json-tools\btf\1.3\btf-1.3.jar;C:\Users\DELL\.m2\repository\com\google\code\findbugs\jsr305\2.0.1\jsr305-2.0.1.jar;C:\Users\DELL\.m2\repository\com\github\java-json-tools\jackson-coreutils\2.0\jackson-coreutils-2.0.jar;C:\Users\DELL\.m2\repository\javax\mail\javax.mail-api\1.6.2\javax.mail-api-1.6.2.jar;C:\Users\DELL\.m2\repository\org\springframework\boot\spring-boot-starter-security\3.3.2\spring-boot-starter-security-3.3.2.jar;C:\Users\DELL\.m2\repository\org\springframework\spring-aop\6.1.11\spring-aop-6.1.11.jar;C:\Users\DELL\.m2\repository\org\springframework\security\spring-security-config\6.3.1\spring-security-config-6.3.1.jar;C:\Users\DELL\.m2\repository\org\junit\jupiter\junit-jupiter-api\5.10.3\junit-jupiter-api-5.10.3.jar;C:\Users\DELL\.m2\repository\org\opentest4j\opentest4j\1.3.0\opentest4j-1.3.0.jar;C:\Users\DELL\.m2\repository\org\junit\platform\junit-platform-commons\1.10.3\junit-platform-commons-1.10.3.jar;C:\Users\DELL\.m2\repository\org\apiguardian\apiguardian-api\1.1.2\apiguardian-api-1.1.2.jar
Launcher Type: SUN_STANDARD

[Global flags]
     intx CICompilerCount                          = 3                                         {product} {ergonomic}
     uint ConcGCThreads                            = 1                                         {product} {ergonomic}
     uint G1ConcRefinementThreads                  = 4                                         {product} {ergonomic}
   size_t G1HeapRegionSize                         = 1048576                                   {product} {ergonomic}
    uintx GCDrainStackTargetSize                   = 64                                        {product} {ergonomic}
   size_t InitialHeapSize                          = 134217728                                 {product} {ergonomic}
   size_t MarkStackSize                            = 4194304                                   {product} {ergonomic}
   size_t MaxHeapSize                              = 2120220672                                {product} {ergonomic}
   size_t MaxNewSize                               = 1271922688                                {product} {ergonomic}
   size_t MinHeapDeltaBytes                        = 1048576                                   {product} {ergonomic}
   size_t MinHeapSize                              = 8388608                                   {product} {ergonomic}
    uintx NonNMethodCodeHeapSize                   = 5832780                                {pd product} {ergonomic}
    uintx NonProfiledCodeHeapSize                  = 122912730                              {pd product} {ergonomic}
    uintx ProfiledCodeHeapSize                     = 122912730                              {pd product} {ergonomic}
    uintx ReservedCodeCacheSize                    = 251658240                              {pd product} {ergonomic}
     bool SegmentedCodeCache                       = true                                      {product} {ergonomic}
   size_t SoftMaxHeapSize                          = 2120220672                             {manageable} {ergonomic}
     bool UseCompressedOops                        = true                           {product lp64_product} {ergonomic}
     bool UseG1GC                                  = true                                      {product} {ergonomic}
     bool UseLargePagesIndividualAllocation        = false                                  {pd product} {ergonomic}

Logging:
Log output configuration:
 #0: stdout all=warning uptime,level,tags foldmultilines=false
 #1: stderr all=off uptime,level,tags foldmultilines=false

Environment Variables:
PATH=C:\Program Files (x86)\Common Files\Oracle\Java\javapath;C:\Program Files\Common Files\Oracle\Java\javapath;C:\Windows\system32;C:\Windows;C:\Windows\System32\Wbem;C:\Windows\System32\WindowsPowerShell\v1.0\;C:\Windows\System32\OpenSSH\;C:\Program Files\Git\cmd;C:\Program Files (x86)\Microsoft SQL Server\150\DTS\Binn\;C:\Program Files\Microsoft SQL Server\Client SDK\ODBC\130\Tools\Binn\;C:\Program Files (x86)\Microsoft SQL Server\140\Tools\Binn\;C:\Program Files\Microsoft SQL Server\140\Tools\Binn\;C:\Program Files\Microsoft SQL Server\140\DTS\Binn\;C:\Program Files\nodejs\;C:\Program Files\Go\bin;C:\Program Files\Docker\Docker\resources\bin;C:\Program Files\MySQL\MySQL Shell 8.0\bin\;C:\Users\DELL\AppData\Local\Programs\Python\Python312\Scripts\;C:\Users\DELL\AppData\Local\Programs\Python\Python312\;C:\Users\DELL\AppData\Local\Microsoft\WindowsApps;;C:\Program Files\JetBrains\IntelliJ IDEA 2023.3.2\bin;;C:\Users\DELL\AppData\Local\Programs\Microsoft VS Code\bin;C:\Users\DELL\AppData\Roaming\npm;C:\Users\DELL\go\bin
USERNAME=DELL
OS=Windows_NT
PROCESSOR_IDENTIFIER=Intel64 Family 6 Model 78 Stepping 3, GenuineIntel
TMP=C:\Users\DELL\AppData\Local\Temp
TEMP=C:\Users\DELL\AppData\Local\Temp




Periodic native trim disabled

---------------  S Y S T E M  ---------------

OS:
 Windows 11 , 64 bit Build 22621 (10.0.22621.3958)
OS uptime: 0 days 21:46 hours
Hyper-V role detected

CPU: total 4 (initial active 4) (2 cores per cpu, 2 threads per core) family 6 model 78 stepping 3 microcode 0xf0, cx8, cmov, fxsr, ht, mmx, 3dnowpref, sse, sse2, sse3, ssse3, sse4.1, sse4.2, popcnt, lzcnt, tsc, tscinvbit, avx, avx2, aes, erms, clmul, bmi1, bmi2, rtm, adx, fma, vzeroupper, clflush, clflushopt, hv, rdtscp, f16c
Processor Information for processor 0
  Max Mhz: 2501, Current Mhz: 1500, Mhz Limit: 2501
Processor Information for processor 1
  Max Mhz: 2501, Current Mhz: 1500, Mhz Limit: 2501
Processor Information for processor 2
  Max Mhz: 2501, Current Mhz: 2501, Mhz Limit: 2501
Processor Information for processor 3
  Max Mhz: 2501, Current Mhz: 2501, Mhz Limit: 2501

Memory: 4k page, system-wide physical 8083M (403M free)
TotalPageFile size 25284M (AvailPageFile size 9251M)
current process WorkingSet (physical memory assigned to process): 257M, peak: 261M
current process commit charge ("private bytes"): 286M, peak: 291M

vm_info: Java HotSpot(TM) 64-Bit Server VM (21.0.1+12-LTS-29) for windows-amd64 JRE (21.0.1+12-LTS-29), built on 2023-10-05T13:27:09Z by "mach5one" with MS VC++ 17.1 (VS2022)

END.
