#
# A fatal error has been detected by the Java Runtime Environment:
#
#  EXCEPTION_ACCESS_VIOLATION (0xc0000005) at pc=0x00007fffce01af25, pid=3600, tid=1360
#
# JRE version: Java(TM) SE Runtime Environment (21.0.1+12) (build 21.0.1+12-LTS-29)
# Java VM: Java HotSpot(TM) 64-Bit Server VM (21.0.1+12-LTS-29, mixed mode, sharing, tiered, compressed oops, compressed class ptrs, g1 gc, windows-amd64)
# Problematic frame:
# V  [jvm.dll+0x31af25]
#
# No core dump will be written. Minidumps are not enabled by default on client versions of Windows
#
# If you would like to submit a bug report, please visit:
#   https://bugreport.java.com/bugreport/crash.jsp
#

---------------  S U M M A R Y ------------

Command Line: -ea -Didea.test.cyclic.buffer.size=1048576 -javaagent:C:\Users\DELL\Desktop\IntelliJ IDEA 2024.2\lib\idea_rt.jar=51258:C:\Users\DELL\Desktop\IntelliJ IDEA 2024.2\bin -Dfile.encoding=UTF-8 -Dsun.stdout.encoding=UTF-8 -Dsun.stderr.encoding=UTF-8 com.intellij.rt.junit.JUnitStarter -ideVersion5 -junit5 com.africa.semiclon.capStoneProject.service.AgentServiceImplementationTest,testWasteCanBeCollectedByAgent

Host: Intel(R) Core(TM) i5-6300U CPU @ 2.40GHz, 4 cores, 7G,  Windows 11 , 64 bit Build 22621 (10.0.22621.3958)
Time: Thu Aug 15 16:29:33 2024 W. Central Africa Standard Time elapsed time: 7.984846 seconds (0d 0h 0m 7s)

---------------  T H R E A D  ---------------

Current thread (0x000002366d5d9c30):  WorkerThread "G1 Conc#0"      [id=1360, stack(0x000000942d500000,0x000000942d600000) (1024K)]

Stack: [0x000000942d500000,0x000000942d600000],  sp=0x000000942d5ffae0,  free space=1022k
Native frames: (J=compiled Java code, j=interpreted, Vv=VM code, C=native code)
V  [jvm.dll+0x31af25]
V  [jvm.dll+0x31adbf]
V  [jvm.dll+0x318e7d]
V  [jvm.dll+0x318372]
V  [jvm.dll+0x335fa0]
V  [jvm.dll+0x332791]
V  [jvm.dll+0x33433c]
V  [jvm.dll+0x333069]
V  [jvm.dll+0x336ae6]
V  [jvm.dll+0x881f77]
V  [jvm.dll+0x7fd728]
V  [jvm.dll+0x6c777d]
C  [ucrtbase.dll+0x29333]
C  [KERNEL32.DLL+0x1257d]
C  [ntdll.dll+0x5af28]


siginfo: EXCEPTION_ACCESS_VIOLATION (0xc0000005), reading address 0x0000023e6d5991c0


Registers:
RAX=0x000002366d59d280, RBX=0x000002366d5db9b0, RCX=0x0000000000000014, RDX=0x0000000000000000
RSP=0x000000942d5ffae0, RBP=0x0000000000000000, RSI=0x000002366d5c89d0, RDI=0x0000000000200000
R8 =0x0000000000200000, R9 =0x00000000fffff7e8, R10=0x000002366d584790, R11=0x0000000000000003
R12=0x0000000000000000, R13=0xaaaaaaaaaaaaaaab, R14=0x0000000000000001, R15=0x000000942d5ffc60
RIP=0x00007fffce01af25, EFLAGS=0x0000000000010a06


Register to memory mapping:

RAX=0x000002366d59d280 points into unknown readable memory: 0x000002366b28f150 | 50 f1 28 6b 36 02 00 00
RBX=0x000002366d5db9b0 points into unknown readable memory: 0x00007fffce6d09a8 | a8 09 6d ce ff 7f 00 00
RCX=0x0000000000000014 is an unknown value
RDX=0x0 is null
RSP=0x000000942d5ffae0 points into unknown readable memory: 0x0000d962b24c8dc1 | c1 8d 4c b2 62 d9 00 00
RBP=0x0 is null
RSI=0x000002366d5c89d0 points into unknown readable memory: 0x000002366d5d8f80 | 80 8f 5d 6d 36 02 00 00
RDI=0x0000000000200000 is an unknown value
R8 =0x0000000000200000 is an unknown value
R9 =0x00000000fffff7e8 is an unallocated location in the heap
R10=0x000002366d584790 points into unknown readable memory: 0x00007fffce6cf0b0 | b0 f0 6c ce ff 7f 00 00
R11=0x0000000000000003 is an unknown value
R12=0x0 is null
R13=0xaaaaaaaaaaaaaaab is an unknown value
R14=0x0000000000000001 is an unknown value
R15=0x000000942d5ffc60 points into unknown readable memory: 0x000002366d5c89d0 | d0 89 5c 6d 36 02 00 00

Top of Stack: (sp=0x000000942d5ffae0)
0x000000942d5ffae0:   0000d962b24c8dc1 000000942d5ffb80
0x000000942d5ffaf0:   0000000082997a10 00007fffce01adbf
0x000000942d5ffb00:   0000000000200000 00007fffce01adbf
0x000000942d5ffb10:   000002360f0ff5a8 000000942d5ffca0
0x000000942d5ffb20:   0000000082997a10 00007fffce01872d
0x000000942d5ffb30:   000000942d5ffca0 00007fffce018e7d
0x000000942d5ffb40:   00000000829979fc 0000000000000001
0x000000942d5ffb50:   000000942d5ffc60 0000000000000001
0x000000942d5ffb60:   000002360f1a28e8 00007fffce018372
0x000000942d5ffb70:   000000000000000a 00000000829979c0
0x000000942d5ffb80:   000000942d5ffca0 0000000000000000
0x000000942d5ffb90:   000002366d5db9b0 00007fffce035fa0
0x000000942d5ffba0:   00000000829979c0 000002366d5c89e0
0x000000942d5ffbb0:   000000942d5ffc60 000002366d5c89e0
0x000000942d5ffbc0:   00000000829979c0 00007fffce032791
0x000000942d5ffbd0:   00000000001f2f38 000000942d4ff880
0x000000942d5ffbe0:   0000000000000001 00007fffce033df4
0x000000942d5ffbf0:   0000000000200000 00007fffce03433c
0x000000942d5ffc00:   0000000082997980 00000000001f2f38
0x000000942d5ffc10:   0000000000000001 000002366d5db9b0
0x000000942d5ffc20:   000002366d5d9fe0 0000000000000001
0x000000942d5ffc30:   000002366d5db9b0 00007fffce033069
0x000000942d5ffc40:   000002366d5dba48 0000000000000000
0x000000942d5ffc50:   000000942d4ff801 0000000000000000
0x000000942d5ffc60:   000002366d5c89d0 000002366d5db9b0
0x000000942d5ffc70:   0000000082955090 00000000000155ee
0x000000942d5ffc80:   0000000082955090 00000000000155ee
0x000000942d5ffc90:   0000000000000000 000000000002625a
0x000000942d5ffca0:   00007fffce6d09c8 000002366d5dfde0
0x000000942d5ffcb0:   0000009400000003 000002366d584790
0x000000942d5ffcc0:   000002366d5db9b0 00007fffce398863
0x000000942d5ffcd0:   c215b08487ffef9e 0000000000000000 

Instructions: (pc=0x00007fffce01af25)
0x00007fffce01ae25:   05 75 35 48 8b 83 a8 00 00 00 48 39 83 a0 00 00
0x00007fffce01ae35:   00 73 10 48 8b 83 c0 00 00 00 48 39 83 b8 00 00
0x00007fffce01ae45:   00 72 7f 48 8b cb e8 20 a3 01 00 b0 01 48 8b 5c
0x00007fffce01ae55:   24 30 48 83 c4 20 5f c3 48 8b 53 30 44 8b 82 80
0x00007fffce01ae65:   00 00 00 8b 82 00 01 00 00 41 8b c8 2b c8 81 e1
0x00007fffce01ae75:   ff ff 01 00 81 f9 fe ff 01 00 72 2c 48 8b cb e8
0x00007fffce01ae85:   a7 96 01 00 48 8b 53 30 44 8b 82 80 00 00 00 8b
0x00007fffce01ae95:   82 00 01 00 00 41 8b c8 2b c8 81 e1 ff ff 01 00
0x00007fffce01aea5:   81 f9 fe ff 01 00 73 1a 48 8b 82 80 01 00 00 4a
0x00007fffce01aeb5:   89 3c c0 41 8d 40 01 25 ff ff 01 00 89 82 80 00
0x00007fffce01aec5:   00 00 48 8b 5c 24 30 b0 01 48 83 c4 20 5f c3 cc
0x00007fffce01aed5:   cc cc cc cc cc cc cc cc cc cc cc 48 89 6c 24 10
0x00007fffce01aee5:   48 89 74 24 18 57 48 83 ec 20 4c 8b 51 08 48 8b
0x00007fffce01aef5:   f1 4d 8b c8 8b ea 49 8b f8 41 8b 8a 18 02 00 00
0x00007fffce01af05:   49 8b 82 10 02 00 00 48 d3 e0 8b 0d cb 7e 90 00
0x00007fffce01af15:   4c 2b c8 49 8b 82 f8 01 00 00 49 d3 e9 45 8b c9
0x00007fffce01af25:   4a 8b 04 c8 48 8b 40 60 4c 3b c0 72 12 32 c0 48
0x00007fffce01af35:   8b 6c 24 38 48 8b 74 24 40 48 83 c4 20 5f c3 48
0x00007fffce01af45:   8b 46 10 48 8d 4e 10 48 8b d7 48 89 5c 24 30 ff
0x00007fffce01af55:   10 8b 4e 28 48 8b d7 48 2b 56 18 48 8b 46 30 48
0x00007fffce01af65:   c1 ea 03 48 d3 ea 48 8b ca 48 c1 e9 06 4c 8d 04
0x00007fffce01af75:   c8 0f b6 ca 49 8b 00 80 e1 3f ba 01 00 00 00 48
0x00007fffce01af85:   d3 e2 48 8b c8 48 0b ca 48 3b c8 74 12 f0 49 0f
0x00007fffce01af95:   b1 08 74 25 48 8b c8 48 0b ca 48 3b c8 75 ee 32
0x00007fffce01afa5:   db 48 8b 6c 24 38 0f b6 c3 48 8b 5c 24 30 48 8b
0x00007fffce01afb5:   74 24 40 48 83 c4 20 5f c3 80 3d 59 05 8a 00 00
0x00007fffce01afc5:   b3 01 74 15 8b 57 08 8b 0d a6 ef 89 00 48 d3 e2
0x00007fffce01afd5:   48 03 15 94 ef 89 00 eb 04 48 8b 57 08 48 8b cf
0x00007fffce01afe5:   e8 96 31 e2 ff 48 8b 8e b8 02 00 00 4c 8b d8 4c
0x00007fffce01aff5:   8b 0c e9 49 8b 51 18 8b 8a 18 02 00 00 4c 8b 82
0x00007fffce01b005:   10 02 00 00 41 8b 51 60 49 d3 e0 8b 0d ca 7d 90
0x00007fffce01b015:   00 49 2b f8 48 d3 ef 44 8b d7 49 23 d2 48 c1 e2 


Stack slot to memory mapping:

stack at sp + 0 slots: 0x0000d962b24c8dc1 is an unknown value
stack at sp + 1 slots: 0x000000942d5ffb80 points into unknown readable memory: 0x000000942d5ffca0 | a0 fc 5f 2d 94 00 00 00
stack at sp + 2 slots: 0x0000000082997a10 is an oop: java.util.LinkedHashMap$Entry 
{0x0000000082997a10} - klass: 'java/util/LinkedHashMap$Entry'
 - ---- fields (total size 5 words):
 - final 'hash' 'I' @12  369347116 (0x1603ca2c)
 - final 'key' 'Ljava/lang/Object;' @16  a 'org/springframework/boot/context/properties/EnableConfigurationPropertiesRegistrar'{0x0000000082997a38} (0x82997a38)
 - 'value' 'Ljava/lang/Object;' @20  a 'org/springframework/core/type/classreading/SimpleAnnotationMetadata'{0x00000000829967a0} (0x829967a0)
 - 'next' 'Ljava/util/HashMap$Node;' @24  null (0x00000000)
 - 'before' 'Ljava/util/LinkedHashMap$Entry;' @28  null (0x00000000)
 - 'after' 'Ljava/util/LinkedHashMap$Entry;' @32  null (0x00000000)
stack at sp + 3 slots: 0x00007fffce01adbf jvm.dll
stack at sp + 4 slots: 0x0000000000200000 is an unknown value
stack at sp + 5 slots: 0x00007fffce01adbf jvm.dll
stack at sp + 6 slots: 0x000002360f0ff5a8 is pointing into metadata
stack at sp + 7 slots: 0x000000942d5ffca0 points into unknown readable memory: 0x00007fffce6d09c8 | c8 09 6d ce ff 7f 00 00


---------------  P R O C E S S  ---------------

Threads class SMR info:
_java_thread_list=0x0000023651a225e0, length=13, elements={
0x000002366b2ac460, 0x000002367a62ecc0, 0x000002367a62fd90, 0x000002367a630e60,
0x000002367a6349e0, 0x000002367a635440, 0x000002367a635ea0, 0x000002367a636c30,
0x000002367a7a2eb0, 0x000002367a854670, 0x000002367a936210, 0x000002367a959330,
0x000002365067ffb0
}

Java Threads: ( => current thread )
  0x000002366b2ac460 JavaThread "main"                              [_thread_in_vm, id=8708, stack(0x000000942d200000,0x000000942d300000) (1024K)]
  0x000002367a62ecc0 JavaThread "Reference Handler"          daemon [_thread_blocked, id=6408, stack(0x000000942da00000,0x000000942db00000) (1024K)]
  0x000002367a62fd90 JavaThread "Finalizer"                  daemon [_thread_blocked, id=13872, stack(0x000000942db00000,0x000000942dc00000) (1024K)]
  0x000002367a630e60 JavaThread "Signal Dispatcher"          daemon [_thread_blocked, id=2888, stack(0x000000942dc00000,0x000000942dd00000) (1024K)]
  0x000002367a6349e0 JavaThread "Attach Listener"            daemon [_thread_blocked, id=14068, stack(0x000000942dd00000,0x000000942de00000) (1024K)]
  0x000002367a635440 JavaThread "Service Thread"             daemon [_thread_blocked, id=8956, stack(0x000000942de00000,0x000000942df00000) (1024K)]
  0x000002367a635ea0 JavaThread "Monitor Deflation Thread"   daemon [_thread_blocked, id=11980, stack(0x000000942df00000,0x000000942e000000) (1024K)]
  0x000002367a636c30 JavaThread "C2 CompilerThread0"         daemon [_thread_in_native, id=8940, stack(0x000000942e000000,0x000000942e100000) (1024K)]
  0x000002367a7a2eb0 JavaThread "C1 CompilerThread0"         daemon [_thread_blocked, id=11204, stack(0x000000942e100000,0x000000942e200000) (1024K)]
  0x000002367a854670 JavaThread "Common-Cleaner"             daemon [_thread_blocked, id=9740, stack(0x000000942e200000,0x000000942e300000) (1024K)]
  0x000002367a936210 JavaThread "Monitor Ctrl-Break"         daemon [_thread_in_native, id=11368, stack(0x000000942e300000,0x000000942e400000) (1024K)]
  0x000002367a959330 JavaThread "Notification Thread"        daemon [_thread_blocked, id=3352, stack(0x000000942e400000,0x000000942e500000) (1024K)]
  0x000002365067ffb0 JavaThread "C2 CompilerThread1"         daemon [_thread_in_native, id=8248, stack(0x000000942e500000,0x000000942e600000) (1024K)]
Total: 13

Other Threads:
  0x000002367a611f90 VMThread "VM Thread"                           [id=7072, stack(0x000000942d900000,0x000000942da00000) (1024K)]
  0x000002367a5fac70 WatcherThread "VM Periodic Task Thread"        [id=1476, stack(0x000000942d800000,0x000000942d900000) (1024K)]
  0x000002366d5c82e0 WorkerThread "GC Thread#0"                     [id=6636, stack(0x000000942d300000,0x000000942d400000) (1024K)]
  0x000002367f4b56b0 WorkerThread "GC Thread#1"                     [id=9444, stack(0x000000942e600000,0x000000942e700000) (1024K)]
  0x000002367f4b9a80 WorkerThread "GC Thread#2"                     [id=11360, stack(0x000000942e700000,0x000000942e800000) (1024K)]
  0x000002367f4ce1b0 WorkerThread "GC Thread#3"                     [id=2452, stack(0x000000942e800000,0x000000942e900000) (1024K)]
  0x000002366d5d8f80 ConcurrentGCThread "G1 Main Marker"            [id=13168, stack(0x000000942d400000,0x000000942d500000) (1024K)]
=>0x000002366d5d9c30 WorkerThread "G1 Conc#0"                       [id=1360, stack(0x000000942d500000,0x000000942d600000) (1024K)]
  0x000002366d5fe820 ConcurrentGCThread "G1 Refine#0"               [id=11684, stack(0x000000942d600000,0x000000942d700000) (1024K)]
  0x000002367a4bc740 ConcurrentGCThread "G1 Service"                [id=4708, stack(0x000000942d700000,0x000000942d800000) (1024K)]
Total: 10

Threads with active compile tasks:
C2 CompilerThread0     8203 4431       4       jdk.internal.loader.ClassLoaders$AppClassLoader::loadClass (40 bytes)
C2 CompilerThread1     8203 4433       4       jdk.internal.jimage.ImageLocation::verify (218 bytes)
Total: 2

VM state: not at safepoint (normal execution)

VM Mutex/Monitor currently owned by a thread: None

Heap address: 0x0000000081a00000, size: 2022 MB, Compressed Oops mode: 32-bit

CDS archive(s) mapped at: [0x000002360f000000-0x000002360fc90000-0x000002360fc90000), size 13172736, SharedBaseAddress: 0x000002360f000000, ArchiveRelocationMode: 1.
Compressed class space mapped at: 0x0000023610000000-0x0000023650000000, reserved size: 1073741824
Narrow klass base: 0x000002360f000000, Narrow klass shift: 0, Narrow klass range: 0x100000000

GC Precious Log:
 CardTable entry size: 512
 Card Set container configuration: InlinePtr #cards 5 size 8 Array Of Cards #cards 12 size 40 Howl #buckets 4 coarsen threshold 1843 Howl Bitmap #cards 512 size 80 coarsen threshold 460 Card regions per heap region 1 cards per card region 2048
 CPUs: 4 total, 4 available
 Memory: 8083M
 Large Page Support: Disabled
 NUMA Support: Disabled
 Compressed Oops: Enabled (32-bit)
 Heap Region Size: 1M
 Heap Min Capacity: 8M
 Heap Initial Capacity: 128M
 Heap Max Capacity: 2022M
 Pre-touch: Disabled
 Parallel Workers: 4
 Concurrent Workers: 1
 Concurrent Refinement Workers: 4
 Periodic GC: Disabled

Heap:
 garbage-first heap   total 58368K, used 22839K [0x0000000081a00000, 0x0000000100000000)
  region size 1024K, 3 young (3072K), 1 survivors (1024K)
 Metaspace       used 35918K, committed 36352K, reserved 1114112K
  class space    used 4796K, committed 4992K, reserved 1048576K

Heap Regions: E=young(eden), S=young(survivor), O=old, HS=humongous(starts), HC=humongous(continues), CS=collection set, F=free, TAMS=top-at-mark-start, PB=parsable bottom
|   0|0x0000000081a00000, 0x0000000081b00000, 0x0000000081b00000|100%|HS|  |TAMS 0x0000000081b00000| PB 0x0000000081a00000| Complete 
|   1|0x0000000081b00000, 0x0000000081c00000, 0x0000000081c00000|100%| O|  |TAMS 0x0000000081c00000| PB 0x0000000081b00000| Untracked 
|   2|0x0000000081c00000, 0x0000000081d00000, 0x0000000081d00000|100%| O|  |TAMS 0x0000000081d00000| PB 0x0000000081c00000| Untracked 
|   3|0x0000000081d00000, 0x0000000081e00000, 0x0000000081e00000|100%| O|  |TAMS 0x0000000081e00000| PB 0x0000000081d00000| Untracked 
|   4|0x0000000081e00000, 0x0000000081f00000, 0x0000000081f00000|100%| O|  |TAMS 0x0000000081f00000| PB 0x0000000081e00000| Untracked 
|   5|0x0000000081f00000, 0x0000000082000000, 0x0000000082000000|100%| O|  |TAMS 0x0000000082000000| PB 0x0000000081f00000| Untracked 
|   6|0x0000000082000000, 0x0000000082100000, 0x0000000082100000|100%| O|  |TAMS 0x0000000082100000| PB 0x0000000082000000| Untracked 
|   7|0x0000000082100000, 0x0000000082200000, 0x0000000082200000|100%| O|  |TAMS 0x0000000082100000| PB 0x0000000082100000| Untracked 
|   8|0x0000000082200000, 0x0000000082300000, 0x0000000082300000|100%| O|  |TAMS 0x0000000082300000| PB 0x0000000082200000| Untracked 
|   9|0x0000000082300000, 0x0000000082400000, 0x0000000082400000|100%| O|  |TAMS 0x0000000082400000| PB 0x0000000082300000| Untracked 
|  10|0x0000000082400000, 0x0000000082500000, 0x0000000082500000|100%| O|  |TAMS 0x0000000082500000| PB 0x0000000082400000| Untracked 
|  11|0x0000000082500000, 0x0000000082600000, 0x0000000082600000|100%| O|  |TAMS 0x0000000082600000| PB 0x0000000082500000| Untracked 
|  12|0x0000000082600000, 0x0000000082700000, 0x0000000082700000|100%| O|  |TAMS 0x0000000082700000| PB 0x0000000082600000| Untracked 
|  13|0x0000000082700000, 0x0000000082800000, 0x0000000082800000|100%| O|  |TAMS 0x0000000082800000| PB 0x0000000082700000| Untracked 
|  14|0x0000000082800000, 0x0000000082900000, 0x0000000082900000|100%| O|  |TAMS 0x0000000082900000| PB 0x0000000082800000| Untracked 
|  15|0x0000000082900000, 0x0000000082a00000, 0x0000000082a00000|100%| O|  |TAMS 0x0000000082a00000| PB 0x0000000082900000| Untracked 
|  16|0x0000000082a00000, 0x0000000082b00000, 0x0000000082b00000|100%| O|  |TAMS 0x0000000082b00000| PB 0x0000000082a00000| Untracked 
|  17|0x0000000082b00000, 0x0000000082c00000, 0x0000000082c00000|100%| O|  |TAMS 0x0000000082b793f0| PB 0x0000000082b00000| Untracked 
|  18|0x0000000082c00000, 0x0000000082d00000, 0x0000000082d00000|100%| O|  |TAMS 0x0000000082c00000| PB 0x0000000082c00000| Untracked 
|  19|0x0000000082d00000, 0x0000000082e00000, 0x0000000082e00000|100%| O|  |TAMS 0x0000000082d00000| PB 0x0000000082d00000| Untracked 
|  20|0x0000000082e00000, 0x0000000082e9d640, 0x0000000082f00000| 61%| O|  |TAMS 0x0000000082e00000| PB 0x0000000082e00000| Untracked 
|  21|0x0000000082f00000, 0x0000000082f00000, 0x0000000083000000|  0%| F|  |TAMS 0x0000000082f00000| PB 0x0000000082f00000| Untracked 
|  22|0x0000000083000000, 0x0000000083000000, 0x0000000083100000|  0%| F|  |TAMS 0x0000000083000000| PB 0x0000000083000000| Untracked 
|  23|0x0000000083100000, 0x0000000083100000, 0x0000000083200000|  0%| F|  |TAMS 0x0000000083100000| PB 0x0000000083100000| Untracked 
|  24|0x0000000083200000, 0x0000000083200000, 0x0000000083300000|  0%| F|  |TAMS 0x0000000083200000| PB 0x0000000083200000| Untracked 
|  25|0x0000000083300000, 0x0000000083300000, 0x0000000083400000|  0%| F|  |TAMS 0x0000000083300000| PB 0x0000000083300000| Untracked 
|  26|0x0000000083400000, 0x0000000083400000, 0x0000000083500000|  0%| F|  |TAMS 0x0000000083400000| PB 0x0000000083400000| Untracked 
|  27|0x0000000083500000, 0x0000000083500000, 0x0000000083600000|  0%| F|  |TAMS 0x0000000083500000| PB 0x0000000083500000| Untracked 
|  28|0x0000000083600000, 0x0000000083600000, 0x0000000083700000|  0%| F|  |TAMS 0x0000000083600000| PB 0x0000000083600000| Untracked 
|  29|0x0000000083700000, 0x0000000083700000, 0x0000000083800000|  0%| F|  |TAMS 0x0000000083700000| PB 0x0000000083700000| Untracked 
|  30|0x0000000083800000, 0x0000000083800000, 0x0000000083900000|  0%| F|  |TAMS 0x0000000083800000| PB 0x0000000083800000| Untracked 
|  31|0x0000000083900000, 0x0000000083900000, 0x0000000083a00000|  0%| F|  |TAMS 0x0000000083900000| PB 0x0000000083900000| Untracked 
|  32|0x0000000083a00000, 0x0000000083a00000, 0x0000000083b00000|  0%| F|  |TAMS 0x0000000083a00000| PB 0x0000000083a00000| Untracked 
|  33|0x0000000083b00000, 0x0000000083b00000, 0x0000000083c00000|  0%| F|  |TAMS 0x0000000083b00000| PB 0x0000000083b00000| Untracked 
|  34|0x0000000083c00000, 0x0000000083c00000, 0x0000000083d00000|  0%| F|  |TAMS 0x0000000083c00000| PB 0x0000000083c00000| Untracked 
|  35|0x0000000083d00000, 0x0000000083d00000, 0x0000000083e00000|  0%| F|  |TAMS 0x0000000083d00000| PB 0x0000000083d00000| Untracked 
|  36|0x0000000083e00000, 0x0000000083e00000, 0x0000000083f00000|  0%| F|  |TAMS 0x0000000083e00000| PB 0x0000000083e00000| Untracked 
|  37|0x0000000083f00000, 0x0000000083f00000, 0x0000000084000000|  0%| F|  |TAMS 0x0000000083f00000| PB 0x0000000083f00000| Untracked 
|  38|0x0000000084000000, 0x0000000084000000, 0x0000000084100000|  0%| F|  |TAMS 0x0000000084000000| PB 0x0000000084000000| Untracked 
|  39|0x0000000084100000, 0x0000000084100000, 0x0000000084200000|  0%| F|  |TAMS 0x0000000084100000| PB 0x0000000084100000| Untracked 
|  40|0x0000000084200000, 0x0000000084200000, 0x0000000084300000|  0%| F|  |TAMS 0x0000000084200000| PB 0x0000000084200000| Untracked 
|  41|0x0000000084300000, 0x0000000084300000, 0x0000000084400000|  0%| F|  |TAMS 0x0000000084300000| PB 0x0000000084300000| Untracked 
|  42|0x0000000084400000, 0x0000000084400000, 0x0000000084500000|  0%| F|  |TAMS 0x0000000084400000| PB 0x0000000084400000| Untracked 
|  43|0x0000000084500000, 0x0000000084500000, 0x0000000084600000|  0%| F|  |TAMS 0x0000000084500000| PB 0x0000000084500000| Untracked 
|  44|0x0000000084600000, 0x0000000084600000, 0x0000000084700000|  0%| F|  |TAMS 0x0000000084600000| PB 0x0000000084600000| Untracked 
|  45|0x0000000084700000, 0x0000000084700000, 0x0000000084800000|  0%| F|  |TAMS 0x0000000084700000| PB 0x0000000084700000| Untracked 
|  46|0x0000000084800000, 0x0000000084800000, 0x0000000084900000|  0%| F|  |TAMS 0x0000000084800000| PB 0x0000000084800000| Untracked 
|  47|0x0000000084900000, 0x0000000084900000, 0x0000000084a00000|  0%| F|  |TAMS 0x0000000084900000| PB 0x0000000084900000| Untracked 
|  78|0x0000000086800000, 0x0000000086800000, 0x0000000086900000|  0%| F|  |TAMS 0x0000000086800000| PB 0x0000000086800000| Untracked 
|  79|0x0000000086900000, 0x00000000869b05e0, 0x0000000086a00000| 68%| S|CS|TAMS 0x0000000086900000| PB 0x0000000086900000| Complete 
|  80|0x0000000086a00000, 0x0000000086a00000, 0x0000000086b00000|  0%| F|  |TAMS 0x0000000086a00000| PB 0x0000000086a00000| Untracked 
|  81|0x0000000086b00000, 0x0000000086b00000, 0x0000000086c00000|  0%| F|  |TAMS 0x0000000086b00000| PB 0x0000000086b00000| Untracked 
|  82|0x0000000086c00000, 0x0000000086c00000, 0x0000000086d00000|  0%| F|  |TAMS 0x0000000086c00000| PB 0x0000000086c00000| Untracked 
|  83|0x0000000086d00000, 0x0000000086d00000, 0x0000000086e00000|  0%| F|  |TAMS 0x0000000086d00000| PB 0x0000000086d00000| Untracked 
|  84|0x0000000086e00000, 0x0000000086e00000, 0x0000000086f00000|  0%| F|  |TAMS 0x0000000086e00000| PB 0x0000000086e00000| Untracked 
| 126|0x0000000089800000, 0x0000000089880800, 0x0000000089900000| 50%| E|  |TAMS 0x0000000089800000| PB 0x0000000089800000| Complete 
| 127|0x0000000089900000, 0x0000000089a00000, 0x0000000089a00000|100%| E|CS|TAMS 0x0000000089900000| PB 0x0000000089900000| Complete 

Card table byte_map: [0x0000023675d90000,0x0000023676190000] _byte_map_base: 0x0000023675983000

Marking Bits: (CMBitMap*) 0x000002366d5c89e0
 Bits: [0x0000023676190000, 0x0000023678128000)

Polling page: 0x000002366ccc0000

Metaspace:

Usage:
  Non-class:     30.39 MB used.
      Class:      4.68 MB used.
       Both:     35.08 MB used.

Virtual space:
  Non-class space:       64.00 MB reserved,      30.62 MB ( 48%) committed,  1 nodes.
      Class space:        1.00 GB reserved,       4.88 MB ( <1%) committed,  1 nodes.
             Both:        1.06 GB reserved,      35.50 MB (  3%) committed. 

Chunk freelists:
   Non-Class:  1.14 MB
       Class:  11.12 MB
        Both:  12.27 MB

MaxMetaspaceSize: unlimited
CompressedClassSpaceSize: 1.00 GB
Initial GC threshold: 21.00 MB
Current GC threshold: 35.56 MB
CDS: on
 - commit_granule_bytes: 65536.
 - commit_granule_words: 8192.
 - virtual_space_node_default_size: 8388608.
 - enlarge_chunks_in_place: 1.
 - use_allocation_guard: 0.


Internal statistics:

num_allocs_failed_limit: 6.
num_arena_births: 606.
num_arena_deaths: 0.
num_vsnodes_births: 2.
num_vsnodes_deaths: 0.
num_space_committed: 568.
num_space_uncommitted: 0.
num_chunks_returned_to_freelist: 6.
num_chunks_taken_from_freelist: 1906.
num_chunk_merges: 3.
num_chunk_splits: 1324.
num_chunks_enlarged: 977.
num_inconsistent_stats: 0.

CodeHeap 'non-profiled nmethods': size=120000Kb used=2355Kb max_used=2355Kb free=117644Kb
 bounds [0x0000023607ad0000, 0x0000023607d40000, 0x000002360f000000]
CodeHeap 'profiled nmethods': size=120000Kb used=9452Kb max_used=9452Kb free=110547Kb
 bounds [0x0000023600000000, 0x0000023600940000, 0x0000023607530000]
CodeHeap 'non-nmethods': size=5760Kb used=1573Kb max_used=1573Kb free=4186Kb
 bounds [0x0000023607530000, 0x00000236077a0000, 0x0000023607ad0000]
 total_blobs=5020 nmethods=4453 adapters=468
 compilation: enabled
              stopped_count=0, restarted_count=0
 full_count=0

Compilation events (20 events):
Event: 7.828 Thread 0x000002367a7a2eb0 4445       3       java.util.AbstractList$Itr::hasNext (20 bytes)
Event: 7.828 Thread 0x000002367a7a2eb0 nmethod 4445 0x0000023600931d90 code [0x0000023600931f40, 0x0000023600932178]
Event: 7.833 Thread 0x000002367a7a2eb0 4446       3       net.bytebuddy.matcher.ElementMatcher$Junction$AbstractBase::<init> (5 bytes)
Event: 7.833 Thread 0x000002367a7a2eb0 nmethod 4446 0x0000023600932290 code [0x0000023600932440, 0x00000236009325a8]
Event: 7.877 Thread 0x000002367a7a2eb0 4447   !   3       jdk.internal.reflect.DirectMethodHandleAccessor::invoke (92 bytes)
Event: 7.880 Thread 0x000002367a7a2eb0 nmethod 4447 0x0000023600932690 code [0x0000023600932ba0, 0x00000236009352b0]
Event: 7.880 Thread 0x000002367a7a2eb0 4448       3       jdk.internal.reflect.DirectMethodHandleAccessor::isStatic (20 bytes)
Event: 7.881 Thread 0x000002367a7a2eb0 nmethod 4448 0x0000023600936910 code [0x0000023600936aa0, 0x0000023600936c18]
Event: 7.881 Thread 0x000002367a7a2eb0 4449       3       jdk.internal.reflect.DirectMethodHandleAccessor::checkArgumentCount (53 bytes)
Event: 7.881 Thread 0x000002367a7a2eb0 nmethod 4449 0x0000023600936c90 code [0x0000023600936f00, 0x0000023600937670]
Event: 7.898 Thread 0x000002367a7a2eb0 4450       3       java.lang.System::checkKey (34 bytes)
Event: 7.898 Thread 0x000002367a7a2eb0 nmethod 4450 0x0000023600937990 code [0x0000023600937b80, 0x0000023600937f50]
Event: 7.903 Thread 0x000002367a7a2eb0 4452       3       java.lang.Class::getMethods (26 bytes)
Event: 7.904 Thread 0x000002367a7a2eb0 nmethod 4452 0x0000023600938090 code [0x0000023600938260, 0x00000236009384b8]
Event: 7.907 Thread 0x000002367a7a2eb0 4453   !   3       java.util.AbstractList$Itr::next (46 bytes)
Event: 7.908 Thread 0x000002367a7a2eb0 nmethod 4453 0x0000023600938590 code [0x00000236009387a0, 0x0000023600938dc8]
Event: 7.908 Thread 0x000002367a7a2eb0 4454       3       java.util.AbstractList$Itr::checkForComodification (23 bytes)
Event: 7.908 Thread 0x000002367a7a2eb0 nmethod 4454 0x0000023600939090 code [0x0000023600939240, 0x0000023600939470]
Event: 7.908 Thread 0x000002367a7a2eb0 4455       3       java.util.Arrays$ArrayList::get (7 bytes)
Event: 7.908 Thread 0x000002367a7a2eb0 nmethod 4455 0x0000023600939590 code [0x0000023600939740, 0x0000023600939878]

GC Heap History (16 events):
Event: 0.874 GC heap before
{Heap before GC invocations=0 (full 0):
 garbage-first heap   total 131072K, used 13312K [0x0000000081a00000, 0x0000000100000000)
  region size 1024K, 13 young (13312K), 0 survivors (0K)
 Metaspace       used 2595K, committed 2752K, reserved 1114112K
  class space    used 245K, committed 320K, reserved 1048576K
}
Event: 0.880 GC heap after
{Heap after GC invocations=1 (full 0):
 garbage-first heap   total 131072K, used 7570K [0x0000000081a00000, 0x0000000100000000)
  region size 1024K, 2 young (2048K), 2 survivors (2048K)
 Metaspace       used 2595K, committed 2752K, reserved 1114112K
  class space    used 245K, committed 320K, reserved 1048576K
}
Event: 1.499 GC heap before
{Heap before GC invocations=1 (full 0):
 garbage-first heap   total 131072K, used 17810K [0x0000000081a00000, 0x0000000100000000)
  region size 1024K, 12 young (12288K), 2 survivors (2048K)
 Metaspace       used 5139K, committed 5312K, reserved 1114112K
  class space    used 602K, committed 704K, reserved 1048576K
}
Event: 1.504 GC heap after
{Heap after GC invocations=2 (full 0):
 garbage-first heap   total 131072K, used 8960K [0x0000000081a00000, 0x0000000100000000)
  region size 1024K, 2 young (2048K), 2 survivors (2048K)
 Metaspace       used 5139K, committed 5312K, reserved 1114112K
  class space    used 602K, committed 704K, reserved 1048576K
}
Event: 3.080 GC heap before
{Heap before GC invocations=2 (full 0):
 garbage-first heap   total 131072K, used 38656K [0x0000000081a00000, 0x0000000100000000)
  region size 1024K, 32 young (32768K), 2 survivors (2048K)
 Metaspace       used 13074K, committed 13376K, reserved 1114112K
  class space    used 1693K, committed 1856K, reserved 1048576K
}
Event: 3.088 GC heap after
{Heap after GC invocations=3 (full 0):
 garbage-first heap   total 131072K, used 11440K [0x0000000081a00000, 0x0000000100000000)
  region size 1024K, 4 young (4096K), 4 survivors (4096K)
 Metaspace       used 13074K, committed 13376K, reserved 1114112K
  class space    used 1693K, committed 1856K, reserved 1048576K
}
Event: 4.106 GC heap before
{Heap before GC invocations=3 (full 0):
 garbage-first heap   total 131072K, used 49328K [0x0000000081a00000, 0x0000000100000000)
  region size 1024K, 43 young (44032K), 4 survivors (4096K)
 Metaspace       used 21282K, committed 21504K, reserved 1114112K
  class space    used 2701K, committed 2816K, reserved 1048576K
}
Event: 4.115 GC heap after
{Heap after GC invocations=4 (full 0):
 garbage-first heap   total 131072K, used 14731K [0x0000000081a00000, 0x0000000100000000)
  region size 1024K, 7 young (7168K), 7 survivors (7168K)
 Metaspace       used 21282K, committed 21504K, reserved 1114112K
  class space    used 2701K, committed 2816K, reserved 1048576K
}
Event: 5.116 GC heap before
{Heap before GC invocations=5 (full 0):
 garbage-first heap   total 58368K, used 41355K [0x0000000081a00000, 0x0000000100000000)
  region size 1024K, 34 young (34816K), 7 survivors (7168K)
 Metaspace       used 24412K, committed 24768K, reserved 1114112K
  class space    used 3098K, committed 3264K, reserved 1048576K
}
Event: 5.131 GC heap after
{Heap after GC invocations=6 (full 0):
 garbage-first heap   total 58368K, used 17110K [0x0000000081a00000, 0x0000000100000000)
  region size 1024K, 3 young (3072K), 3 survivors (3072K)
 Metaspace       used 24412K, committed 24768K, reserved 1114112K
  class space    used 3098K, committed 3264K, reserved 1048576K
}
Event: 6.303 GC heap before
{Heap before GC invocations=6 (full 0):
 garbage-first heap   total 58368K, used 44758K [0x0000000081a00000, 0x0000000100000000)
  region size 1024K, 30 young (30720K), 3 survivors (3072K)
 Metaspace       used 28118K, committed 28544K, reserved 1114112K
  class space    used 3593K, committed 3776K, reserved 1048576K
}
Event: 6.318 GC heap after
{Heap after GC invocations=7 (full 0):
 garbage-first heap   total 58368K, used 19248K [0x0000000081a00000, 0x0000000100000000)
  region size 1024K, 3 young (3072K), 3 survivors (3072K)
 Metaspace       used 28118K, committed 28544K, reserved 1114112K
  class space    used 3593K, committed 3776K, reserved 1048576K
}
Event: 7.602 GC heap before
{Heap before GC invocations=7 (full 0):
 garbage-first heap   total 58368K, used 45872K [0x0000000081a00000, 0x0000000100000000)
  region size 1024K, 30 young (30720K), 3 survivors (3072K)
 Metaspace       used 33975K, committed 34432K, reserved 1114112K
  class space    used 4456K, committed 4672K, reserved 1048576K
}
Event: 7.613 GC heap after
{Heap after GC invocations=8 (full 0):
 garbage-first heap   total 58368K, used 20964K [0x0000000081a00000, 0x0000000100000000)
  region size 1024K, 4 young (4096K), 4 survivors (4096K)
 Metaspace       used 33975K, committed 34432K, reserved 1114112K
  class space    used 4456K, committed 4672K, reserved 1048576K
}
Event: 7.922 GC heap before
{Heap before GC invocations=8 (full 0):
 garbage-first heap   total 58368K, used 27108K [0x0000000081a00000, 0x0000000100000000)
  region size 1024K, 11 young (11264K), 4 survivors (4096K)
 Metaspace       used 35638K, committed 36096K, reserved 1114112K
  class space    used 4737K, committed 4928K, reserved 1048576K
}
Event: 7.935 GC heap after
{Heap after GC invocations=9 (full 0):
 garbage-first heap   total 58368K, used 21815K [0x0000000081a00000, 0x0000000100000000)
  region size 1024K, 1 young (1024K), 1 survivors (1024K)
 Metaspace       used 35638K, committed 36096K, reserved 1114112K
  class space    used 4737K, committed 4928K, reserved 1048576K
}

Dll operation events (12 events):
Event: 0.021 Loaded shared library C:\Program Files\Java\jdk-21\bin\java.dll
Event: 0.101 Loaded shared library C:\Program Files\Java\jdk-21\bin\jsvml.dll
Event: 0.381 Loaded shared library C:\Program Files\Java\jdk-21\bin\zip.dll
Event: 0.385 Loaded shared library C:\Program Files\Java\jdk-21\bin\instrument.dll
Event: 0.402 Loaded shared library C:\Program Files\Java\jdk-21\bin\net.dll
Event: 0.405 Loaded shared library C:\Program Files\Java\jdk-21\bin\nio.dll
Event: 0.412 Loaded shared library C:\Program Files\Java\jdk-21\bin\zip.dll
Event: 0.439 Loaded shared library C:\Users\DELL\Desktop\IntelliJ IDEA 2024.2\bin\breakgen64.dll
Event: 0.457 Loaded shared library C:\Program Files\Java\jdk-21\bin\extnet.dll
Event: 0.634 Loaded shared library C:\Program Files\Java\jdk-21\bin\jimage.dll
Event: 0.859 Loaded shared library C:\Program Files\Java\jdk-21\bin\verify.dll
Event: 4.144 Loaded shared library C:\Program Files\Java\jdk-21\bin\sunmscapi.dll

Deoptimization events (20 events):
Event: 7.380 Thread 0x000002366b2ac460 Uncommon trap: trap_request=0xffffff45 fr.pc=0x0000023607c7b014 relative=0x0000000000000074
Event: 7.380 Thread 0x000002366b2ac460 Uncommon trap: reason=unstable_if action=reinterpret pc=0x0000023607c7b014 method=java.lang.invoke.VarHandle.checkAccessModeThenIsDirect(Ljava/lang/invoke/VarHandle$AccessDescriptor;)Z @ 4 c2
Event: 7.380 Thread 0x000002366b2ac460 DEOPT PACKING pc=0x0000023607c7b014 sp=0x000000942d2f9dd0
Event: 7.380 Thread 0x000002366b2ac460 DEOPT UNPACKING pc=0x00000236075846a2 sp=0x000000942d2f9d70 mode 2
Event: 7.567 Thread 0x000002366b2ac460 Uncommon trap: trap_request=0xffffffde fr.pc=0x0000023607cc2348 relative=0x0000000000000268
Event: 7.567 Thread 0x000002366b2ac460 Uncommon trap: reason=class_check action=maybe_recompile pc=0x0000023607cc2348 method=java.util.Collections$SetFromMap.contains(Ljava/lang/Object;)Z @ 5 c2
Event: 7.567 Thread 0x000002366b2ac460 DEOPT PACKING pc=0x0000023607cc2348 sp=0x000000942d2fa870
Event: 7.567 Thread 0x000002366b2ac460 DEOPT UNPACKING pc=0x00000236075846a2 sp=0x000000942d2fa818 mode 2
Event: 7.568 Thread 0x000002366b2ac460 Uncommon trap: trap_request=0xffffffde fr.pc=0x0000023607cc2348 relative=0x0000000000000268
Event: 7.568 Thread 0x000002366b2ac460 Uncommon trap: reason=class_check action=maybe_recompile pc=0x0000023607cc2348 method=java.util.Collections$SetFromMap.contains(Ljava/lang/Object;)Z @ 5 c2
Event: 7.568 Thread 0x000002366b2ac460 DEOPT PACKING pc=0x0000023607cc2348 sp=0x000000942d2faa50
Event: 7.568 Thread 0x000002366b2ac460 DEOPT UNPACKING pc=0x00000236075846a2 sp=0x000000942d2fa9f8 mode 2
Event: 7.568 Thread 0x000002366b2ac460 Uncommon trap: trap_request=0xffffffde fr.pc=0x0000023607cc2348 relative=0x0000000000000268
Event: 7.568 Thread 0x000002366b2ac460 Uncommon trap: reason=class_check action=maybe_recompile pc=0x0000023607cc2348 method=java.util.Collections$SetFromMap.contains(Ljava/lang/Object;)Z @ 5 c2
Event: 7.568 Thread 0x000002366b2ac460 DEOPT PACKING pc=0x0000023607cc2348 sp=0x000000942d2fac30
Event: 7.568 Thread 0x000002366b2ac460 DEOPT UNPACKING pc=0x00000236075846a2 sp=0x000000942d2fabd8 mode 2
Event: 7.624 Thread 0x000002366b2ac460 Uncommon trap: trap_request=0xffffff45 fr.pc=0x0000023607bd6a68 relative=0x00000000000017c8
Event: 7.624 Thread 0x000002366b2ac460 Uncommon trap: reason=unstable_if action=reinterpret pc=0x0000023607bd6a68 method=java.util.zip.InflaterInputStream.read([BII)I @ 25 c2
Event: 7.624 Thread 0x000002366b2ac460 DEOPT PACKING pc=0x0000023607bd6a68 sp=0x000000942d2facc0
Event: 7.624 Thread 0x000002366b2ac460 DEOPT UNPACKING pc=0x00000236075846a2 sp=0x000000942d2fad20 mode 2

Classes loaded (20 events):
Event: 7.396 Loading class sun/security/provider/SHA2 done
Event: 7.396 Loading class sun/security/provider/SHA2$SHA256 done
Event: 7.590 Loading class javax/xml/stream/XMLStreamException
Event: 7.590 Loading class javax/xml/stream/XMLStreamException done
Event: 7.591 Loading class javax/xml/stream/XMLEventReader
Event: 7.592 Loading class javax/xml/stream/XMLEventReader done
Event: 7.593 Loading class javax/xml/stream/XMLResolver
Event: 7.593 Loading class javax/xml/stream/XMLResolver done
Event: 7.600 Loading class javax/xml/stream/XMLEventFactory
Event: 7.600 Loading class javax/xml/stream/XMLEventFactory done
Event: 7.600 Loading class javax/xml/stream/FactoryFinder
Event: 7.600 Loading class javax/xml/stream/FactoryFinder done
Event: 7.601 Loading class javax/xml/stream/FactoryFinder$1
Event: 7.601 Loading class javax/xml/stream/FactoryFinder$1 done
Event: 7.602 Loading class com/sun/xml/internal/stream/events/XMLEventFactoryImpl
Event: 7.602 Loading class com/sun/xml/internal/stream/events/XMLEventFactoryImpl done
Event: 7.677 Loading class java/lang/Process
Event: 7.677 Loading class java/lang/Process done
Event: 7.705 Loading class java/lang/reflect/GenericSignatureFormatError
Event: 7.705 Loading class java/lang/reflect/GenericSignatureFormatError done

Classes unloaded (0 events):
No events

Classes redefined (0 events):
No events

Internal exceptions (20 events):
Event: 6.090 Thread 0x000002366b2ac460 Exception <a 'java/lang/NoSuchMethodError'{0x0000000083de0890}: 'java.lang.Object java.lang.invoke.DirectMethodHandle$Holder.invokeSpecial(java.lang.Object, java.lang.Object, int, java.lang.Object, java.lang.Object)'> (0x0000000083de0890) 
thrown [s\open\src\hotspot\share\interpreter\linkResolver.cpp, line 773]
Event: 6.090 Thread 0x000002366b2ac460 Exception <a 'java/lang/NoSuchMethodError'{0x0000000083de4820}: 'java.lang.Object java.lang.invoke.DelegatingMethodHandle$Holder.delegate(java.lang.Object, int, java.lang.Object, java.lang.Object)'> (0x0000000083de4820) 
thrown [s\open\src\hotspot\share\interpreter\linkResolver.cpp, line 773]
Event: 6.093 Thread 0x000002366b2ac460 Exception <a 'java/lang/NoSuchMethodError'{0x0000000083df4358}: 'int java.lang.invoke.Invokers$Holder.linkToTargetMethod(java.lang.Object, java.lang.Object, java.lang.Object)'> (0x0000000083df4358) 
thrown [s\open\src\hotspot\share\interpreter\linkResolver.cpp, line 773]
Event: 6.130 Thread 0x000002366b2ac460 Exception <a 'java/lang/NoSuchMethodError'{0x0000000083c96098}: 'void java.lang.invoke.Invokers$Holder.invokeExact_MT(java.lang.Object, java.lang.Object, java.lang.Object)'> (0x0000000083c96098) 
thrown [s\open\src\hotspot\share\interpreter\linkResolver.cpp, line 773]
Event: 6.252 Thread 0x000002366b2ac460 Exception <a 'java/lang/NoClassDefFoundError'{0x0000000083944238}: org/flywaydb/core/Flyway> (0x0000000083944238) 
thrown [s\open\src\hotspot\share\classfile\systemDictionary.cpp, line 301]
Event: 6.252 Thread 0x000002366b2ac460 Exception <a 'java/lang/NoClassDefFoundError'{0x0000000083946438}: liquibase/integration/spring/SpringLiquibase> (0x0000000083946438) 
thrown [s\open\src\hotspot\share\classfile\systemDictionary.cpp, line 301]
Event: 6.324 Thread 0x000002366b2ac460 Exception <a 'java/lang/NoClassDefFoundError'{0x0000000089948060}: org/jooq/DSLContext> (0x0000000089948060) 
thrown [s\open\src\hotspot\share\classfile\systemDictionary.cpp, line 301]
Event: 6.327 Thread 0x000002366b2ac460 Exception <a 'java/lang/NoClassDefFoundError'{0x000000008995cfc8}: org/springframework/batch/core/repository/JobRepository> (0x000000008995cfc8) 
thrown [s\open\src\hotspot\share\classfile\systemDictionary.cpp, line 301]
Event: 6.327 Thread 0x000002366b2ac460 Exception <a 'java/lang/NoClassDefFoundError'{0x000000008995ee30}: org/quartz/Scheduler> (0x000000008995ee30) 
thrown [s\open\src\hotspot\share\classfile\systemDictionary.cpp, line 301]
Event: 6.327 Thread 0x000002366b2ac460 Exception <a 'java/lang/NoClassDefFoundError'{0x0000000089961280}: org/springframework/session/jdbc/JdbcIndexedSessionRepository> (0x0000000089961280) 
thrown [s\open\src\hotspot\share\classfile\systemDictionary.cpp, line 301]
Event: 6.462 Thread 0x000002366b2ac460 Exception <a 'java/lang/NoSuchMethodError'{0x0000000086eec8b0}: 'void java.lang.invoke.DirectMethodHandle$Holder.invokeVirtual(java.lang.Object, java.lang.Object, int)'> (0x0000000086eec8b0) 
thrown [s\open\src\hotspot\share\interpreter\linkResolver.cpp, line 773]
Event: 6.463 Thread 0x000002366b2ac460 Exception <a 'java/lang/NoSuchMethodError'{0x0000000086ef0d48}: 'int java.lang.invoke.DirectMethodHandle$Holder.invokeSpecial(java.lang.Object, java.lang.Object, java.lang.Object, int)'> (0x0000000086ef0d48) 
thrown [s\open\src\hotspot\share\interpreter\linkResolver.cpp, line 773]
Event: 6.466 Thread 0x000002366b2ac460 Exception <a 'java/lang/NoSuchMethodError'{0x0000000086d03610}: 'java.lang.Object java.lang.invoke.DirectMethodHandle$Holder.invokeStatic(java.lang.Object, java.lang.Object, java.lang.Object, java.lang.Object, int)'> (0x0000000086d03610) 
thrown [s\open\src\hotspot\share\interpreter\linkResolver.cpp, line 773]
Event: 6.467 Thread 0x000002366b2ac460 Exception <a 'java/lang/NoSuchMethodError'{0x0000000086d0dd88}: 'void java.lang.invoke.DelegatingMethodHandle$Holder.reinvoke_L(java.lang.Object, java.lang.Object, int)'> (0x0000000086d0dd88) 
thrown [s\open\src\hotspot\share\interpreter\linkResolver.cpp, line 773]
Event: 6.654 Thread 0x000002366b2ac460 Exception <a 'java/lang/NoSuchMethodError'{0x0000000086907978}: 'java.lang.reflect.Field[] java.lang.Class.getDeclaredFields(java.lang.Class)'> (0x0000000086907978) 
thrown [s\open\src\hotspot\share\interpreter\linkResolver.cpp, line 773]
Event: 6.770 Thread 0x000002366b2ac460 Exception <a 'java/lang/NoSuchMethodError'{0x00000000847309e8}: 'java.lang.Object java.lang.invoke.DirectMethodHandle$Holder.newInvokeSpecial(java.lang.Object, java.lang.Object, java.lang.Object, java.lang.Object, java.lang.Object, java.lang.Object, java.lang.Object, java.lang.Object, java.lang.Object, java.lang.Object, java.lang.Object)'> (0x00000000847309e8) 
thrown [s\open\src\hotspot\share\interpreter\linkResolver.cpp, line 773]
Event: 6.827 Thread 0x000002366b2ac460 Exception <a 'java/lang/NoSuchMethodError'{0x000000008464c2a0}: 'java.lang.Object java.lang.invoke.DirectMethodHandle$Holder.invokeVirtual(java.lang.Object, java.lang.Object, java.lang.Object, java.lang.Object, java.lang.Object)'> (0x000000008464c2a0) 
thrown [s\open\src\hotspot\share\interpreter\linkResolver.cpp, line 773]
Event: 7.006 Thread 0x000002366b2ac460 Exception <a 'java/lang/NoSuchMethodError'{0x00000000843726a8}: 'void java.lang.invoke.DelegatingMethodHandle$Holder.reinvoke_L(java.lang.Object, java.lang.Object, java.lang.Object, java.lang.Object, int, java.lang.Object, java.lang.Object, java.lang.Object)'> (0x00000000843726a8) 
thrown [s\open\src\hotspot\share\interpreter\linkResolver.cpp, line 773]
Event: 7.360 Thread 0x000002366b2ac460 Exception <a 'java/lang/NoSuchMethodError'{0x0000000083c3f210}: 'java.lang.Object java.lang.invoke.DirectMethodHandle$Holder.invokeStaticInit(java.lang.Object, int, int, int, int)'> (0x0000000083c3f210) 
thrown [s\open\src\hotspot\share\interpreter\linkResolver.cpp, line 773]
Event: 7.393 Thread 0x000002366b2ac460 Exception <a 'java/lang/NoSuchMethodError'{0x0000000083b088b0}: 'java.lang.Object java.lang.invoke.DirectMethodHandle$Holder.invokeStaticInit(java.lang.Object, java.lang.Object, int, int, int, int)'> (0x0000000083b088b0) 
thrown [s\open\src\hotspot\share\interpreter\linkResolver.cpp, line 773]

ZGC Phase Switch (0 events):
No events

VM Operations (20 events):
Event: 5.703 Executing VM operation: ICBufferFull
Event: 5.703 Executing VM operation: ICBufferFull done
Event: 6.064 Executing VM operation: HandshakeAllThreads (Deoptimize)
Event: 6.064 Executing VM operation: HandshakeAllThreads (Deoptimize) done
Event: 6.069 Executing VM operation: HandshakeAllThreads (Deoptimize)
Event: 6.069 Executing VM operation: HandshakeAllThreads (Deoptimize) done
Event: 6.302 Executing VM operation: G1CollectForAllocation (G1 Evacuation Pause)
Event: 6.318 Executing VM operation: G1CollectForAllocation (G1 Evacuation Pause) done
Event: 6.506 Executing VM operation: HandshakeAllThreads (Deoptimize)
Event: 6.507 Executing VM operation: HandshakeAllThreads (Deoptimize) done
Event: 6.510 Executing VM operation: HandshakeAllThreads (Deoptimize)
Event: 6.510 Executing VM operation: HandshakeAllThreads (Deoptimize) done
Event: 6.777 Executing VM operation: ICBufferFull
Event: 6.777 Executing VM operation: ICBufferFull done
Event: 7.145 Executing VM operation: HandshakeAllThreads (Deoptimize)
Event: 7.145 Executing VM operation: HandshakeAllThreads (Deoptimize) done
Event: 7.602 Executing VM operation: G1CollectForAllocation (G1 Evacuation Pause)
Event: 7.613 Executing VM operation: G1CollectForAllocation (G1 Evacuation Pause) done
Event: 7.922 Executing VM operation: CollectForMetadataAllocation (Metadata GC Threshold)
Event: 7.936 Executing VM operation: CollectForMetadataAllocation (Metadata GC Threshold) done

Events (19 events):
Event: 0.057 Thread 0x000002366b2ac460 Thread added: 0x000002366b2ac460
Event: 0.095 Thread 0x000002367a62ecc0 Thread added: 0x000002367a62ecc0
Event: 0.095 Thread 0x000002367a62fd90 Thread added: 0x000002367a62fd90
Event: 0.096 Thread 0x000002367a630e60 Thread added: 0x000002367a630e60
Event: 0.096 Thread 0x000002367a6349e0 Thread added: 0x000002367a6349e0
Event: 0.096 Thread 0x000002367a635440 Thread added: 0x000002367a635440
Event: 0.096 Thread 0x000002367a635ea0 Thread added: 0x000002367a635ea0
Event: 0.096 Thread 0x000002367a636c30 Thread added: 0x000002367a636c30
Event: 0.110 Thread 0x000002367a7a2eb0 Thread added: 0x000002367a7a2eb0
Event: 0.346 Thread 0x000002367a854670 Thread added: 0x000002367a854670
Event: 0.440 Thread 0x000002367a936210 Thread added: 0x000002367a936210
Event: 0.440 Thread 0x000002367a959330 Thread added: 0x000002367a959330
Event: 0.470 Thread 0x000002367a9141b0 Thread added: 0x000002367a9141b0
Event: 1.832 Thread 0x000002367a9141b0 Thread exited: 0x000002367a9141b0
Event: 2.188 Thread 0x000002365067ffb0 Thread added: 0x000002365067ffb0
Event: 3.256 Thread 0x00000236508fbf40 Thread added: 0x00000236508fbf40
Event: 4.172 Thread 0x0000023651b7c7f0 Thread added: 0x0000023651b7c7f0
Event: 4.217 Thread 0x00000236508fbf40 Thread exited: 0x00000236508fbf40
Event: 4.247 Thread 0x0000023651b7c7f0 Thread exited: 0x0000023651b7c7f0


Dynamic libraries:
0x00007ff6350c0000 - 0x00007ff6350d0000 	C:\Program Files\Java\jdk-21\bin\java.exe
0x00007ff85b230000 - 0x00007ff85b447000 	C:\Windows\SYSTEM32\ntdll.dll
0x00007ff859170000 - 0x00007ff859234000 	C:\Windows\System32\KERNEL32.DLL
0x00007ff8588b0000 - 0x00007ff858c5d000 	C:\Windows\System32\KERNELBASE.dll
0x00007ff858dd0000 - 0x00007ff858ee1000 	C:\Windows\System32\ucrtbase.dll
0x00007ff852570000 - 0x00007ff852589000 	C:\Program Files\Java\jdk-21\bin\jli.dll
0x00007ff85aa20000 - 0x00007ff85aad2000 	C:\Windows\System32\ADVAPI32.dll
0x00007ff85a090000 - 0x00007ff85a137000 	C:\Windows\System32\msvcrt.dll
0x00007ff859b10000 - 0x00007ff859bb9000 	C:\Windows\System32\sechost.dll
0x00007ff852460000 - 0x00007ff85247b000 	C:\Program Files\Java\jdk-21\bin\VCRUNTIME140.dll
0x00007ff858610000 - 0x00007ff858638000 	C:\Windows\System32\bcrypt.dll
0x00007ff85a140000 - 0x00007ff85a254000 	C:\Windows\System32\RPCRT4.dll
0x00007ff85abc0000 - 0x00007ff85ad6e000 	C:\Windows\System32\USER32.dll
0x00007ff858640000 - 0x00007ff858666000 	C:\Windows\System32\win32u.dll
0x00007ff842490000 - 0x00007ff842723000 	C:\Windows\WinSxS\amd64_microsoft.windows.common-controls_6595b64144ccf1df_6.0.22621.3672_none_2713b9d173822955\COMCTL32.dll
0x00007ff85a9f0000 - 0x00007ff85aa19000 	C:\Windows\System32\GDI32.dll
0x00007ff858670000 - 0x00007ff858789000 	C:\Windows\System32\gdi32full.dll
0x00007ff858790000 - 0x00007ff85882a000 	C:\Windows\System32\msvcp_win.dll
0x00007ff8580b0000 - 0x00007ff8580ba000 	C:\Windows\SYSTEM32\VERSION.dll
0x00007ff859260000 - 0x00007ff859291000 	C:\Windows\System32\IMM32.DLL
0x000000006d3d0000 - 0x000000006d3dc000 	C:\Program Files (x86)\360\Total Security\safemon\SafeWrapper.dll
0x00007ff849170000 - 0x00007ff84921c000 	C:\Program Files (x86)\360\Total Security\safemon\libzdtp64.dll
0x00007ff8592a0000 - 0x00007ff859b07000 	C:\Windows\System32\SHELL32.dll
0x00007ff85a990000 - 0x00007ff85a9ee000 	C:\Windows\System32\SHLWAPI.dll
0x00007ff854d80000 - 0x00007ff854d8c000 	C:\Program Files\Java\jdk-21\bin\vcruntime140_1.dll
0x00007ff8523d0000 - 0x00007ff85245e000 	C:\Program Files\Java\jdk-21\bin\msvcp140.dll
0x00007fffcdd00000 - 0x00007fffcea15000 	C:\Program Files\Java\jdk-21\bin\server\jvm.dll
0x00007ff85a260000 - 0x00007ff85a2d1000 	C:\Windows\System32\WS2_32.dll
0x00007ff858410000 - 0x00007ff85845d000 	C:\Windows\SYSTEM32\POWRPROF.dll
0x00007ff849020000 - 0x00007ff849054000 	C:\Windows\SYSTEM32\WINMM.dll
0x00007ff8582f0000 - 0x00007ff858303000 	C:\Windows\SYSTEM32\UMPDC.dll
0x00007ff8574d0000 - 0x00007ff8574e8000 	C:\Windows\SYSTEM32\kernel.appcore.dll
0x00007ff852560000 - 0x00007ff85256a000 	C:\Program Files\Java\jdk-21\bin\jimage.dll
0x00007ff855f80000 - 0x00007ff8561b2000 	C:\Windows\SYSTEM32\DBGHELP.DLL
0x00007ff85a600000 - 0x00007ff85a98d000 	C:\Windows\System32\combase.dll
0x00007ff858f90000 - 0x00007ff859067000 	C:\Windows\System32\OLEAUT32.dll
0x00007ff854d10000 - 0x00007ff854d42000 	C:\Windows\SYSTEM32\dbgcore.DLL
0x00007ff858830000 - 0x00007ff8588ab000 	C:\Windows\System32\bcryptPrimitives.dll
0x00007ff8523a0000 - 0x00007ff8523af000 	C:\Program Files\Java\jdk-21\bin\instrument.dll
0x00007ff8523b0000 - 0x00007ff8523cf000 	C:\Program Files\Java\jdk-21\bin\java.dll
0x00007ff8563e0000 - 0x00007ff856cde000 	C:\Windows\SYSTEM32\windows.storage.dll
0x00007ff8562a0000 - 0x00007ff8563df000 	C:\Windows\SYSTEM32\wintypes.dll
0x00007ff859ee0000 - 0x00007ff859fd9000 	C:\Windows\System32\SHCORE.dll
0x00007ff858480000 - 0x00007ff8584a1000 	C:\Windows\SYSTEM32\profapi.dll
0x00007ff800b80000 - 0x00007ff800c57000 	C:\Program Files\Java\jdk-21\bin\jsvml.dll
0x00007ff852330000 - 0x00007ff852348000 	C:\Program Files\Java\jdk-21\bin\zip.dll
0x00007ff852390000 - 0x00007ff8523a0000 	C:\Program Files\Java\jdk-21\bin\net.dll
0x00007ff848e30000 - 0x00007ff848f66000 	C:\Windows\SYSTEM32\WINHTTP.dll
0x00007ff857930000 - 0x00007ff857999000 	C:\Windows\system32\mswsock.dll
0x00007ff852370000 - 0x00007ff852386000 	C:\Program Files\Java\jdk-21\bin\nio.dll
0x00007ff84ab30000 - 0x00007ff84ab4a000 	C:\Users\DELL\Desktop\IntelliJ IDEA 2024.2\bin\breakgen64.dll
0x00007ff852360000 - 0x00007ff852367000 	C:\Program Files\Java\jdk-21\bin\extnet.dll
0x00007ff84ab20000 - 0x00007ff84ab30000 	C:\Program Files\Java\jdk-21\bin\verify.dll
0x00007ff817b50000 - 0x00007ff817b5e000 	C:\Program Files\Java\jdk-21\bin\sunmscapi.dll
0x00007ff858c60000 - 0x00007ff858dc7000 	C:\Windows\System32\CRYPT32.dll
0x00007ff857da0000 - 0x00007ff857dce000 	C:\Windows\SYSTEM32\ncrypt.dll
0x00007ff857d60000 - 0x00007ff857d97000 	C:\Windows\SYSTEM32\NTASN1.dll
0x00007ff857c80000 - 0x00007ff857c9b000 	C:\Windows\SYSTEM32\CRYPTSP.dll
0x00007ff857430000 - 0x00007ff857465000 	C:\Windows\system32\rsaenh.dll
0x00007ff8579d0000 - 0x00007ff8579f8000 	C:\Windows\SYSTEM32\USERENV.dll
0x00007ff857c60000 - 0x00007ff857c6c000 	C:\Windows\SYSTEM32\CRYPTBASE.dll
0x00007ff856f40000 - 0x00007ff856f6d000 	C:\Windows\SYSTEM32\IPHLPAPI.DLL
0x00007ff85a2e0000 - 0x00007ff85a2e9000 	C:\Windows\System32\NSI.dll

dbghelp: loaded successfully - version: 4.0.5 - missing functions: none
symbol engine: initialized successfully - sym options: 0x614 - pdb path: .;C:\Program Files\Java\jdk-21\bin;C:\Windows\SYSTEM32;C:\Windows\WinSxS\amd64_microsoft.windows.common-controls_6595b64144ccf1df_6.0.22621.3672_none_2713b9d173822955;C:\Program Files (x86)\360\Total Security\safemon;C:\Program Files\Java\jdk-21\bin\server;C:\Users\DELL\Desktop\IntelliJ IDEA 2024.2\bin

VM Arguments:
jvm_args: -ea -Didea.test.cyclic.buffer.size=1048576 -javaagent:C:\Users\DELL\Desktop\IntelliJ IDEA 2024.2\lib\idea_rt.jar=51258:C:\Users\DELL\Desktop\IntelliJ IDEA 2024.2\bin -Dfile.encoding=UTF-8 -Dsun.stdout.encoding=UTF-8 -Dsun.stderr.encoding=UTF-8 
java_command: com.intellij.rt.junit.JUnitStarter -ideVersion5 -junit5 com.africa.semiclon.capStoneProject.service.AgentServiceImplementationTest,testWasteCanBeCollectedByAgent
java_class_path (initial): C:\Users\DELL\.m2\repository\org\junit\platform\junit-platform-launcher\1.10.3\junit-platform-launcher-1.10.3.jar;C:\Users\DELL\.m2\repository\org\junit\vintage\junit-vintage-engine\5.10.3\junit-vintage-engine-5.10.3.jar;C:\Users\DELL\Desktop\IntelliJ IDEA 2024.2\lib\idea_rt.jar;C:\Users\DELL\Desktop\IntelliJ IDEA 2024.2\plugins\junit\lib\junit5-rt.jar;C:\Users\DELL\Desktop\IntelliJ IDEA 2024.2\plugins\junit\lib\junit-rt.jar;C:\Users\DELL\Desktop\CapStoneProject\target\test-classes;C:\Users\DELL\Desktop\CapStoneProject\target\classes;C:\Users\DELL\.m2\repository\org\springframework\boot\spring-boot-starter-data-jpa\3.3.2\spring-boot-starter-data-jpa-3.3.2.jar;C:\Users\DELL\.m2\repository\org\springframework\boot\spring-boot-starter-aop\3.3.2\spring-boot-starter-aop-3.3.2.jar;C:\Users\DELL\.m2\repository\org\aspectj\aspectjweaver\1.9.22.1\aspectjweaver-1.9.22.1.jar;C:\Users\DELL\.m2\repository\org\springframework\boot\spring-boot-starter-jdbc\3.3.2\spring-boot-starter-jdbc-3.3.2.jar;C:\Users\DELL\.m2\repository\com\zaxxer\HikariCP\5.1.0\HikariCP-5.1.0.jar;C:\Users\DELL\.m2\repository\org\springframework\spring-jdbc\6.1.11\spring-jdbc-6.1.11.jar;C:\Users\DELL\.m2\repository\org\hibernate\orm\hibernate-core\6.5.2.Final\hibernate-core-6.5.2.Final.jar;C:\Users\DELL\.m2\repository\jakarta\persistence\jakarta.persistence-api\3.1.0\jakarta.persistence-api-3.1.0.jar;C:\Users\DELL\.m2\repository\jakarta\transaction\jakarta.transaction-api\2.0.1\jakarta.transaction-api-2.0.1.jar;C:\Users\DELL\.m2\repository\org\jboss\logging\jboss-logging\3.5.3.Final\jboss-logging-3.5.3.Final.jar;C:\Users\DELL\.m2\repository\org\hibernate\common\hibernate-commons-annotations\6.0.6.Final\hibernate-commons-annotations-6.0.6.Final.jar;C:\Users\DELL\.m2\repository\io\smallrye\jandex\3.1.2\jandex-3.1.2.jar;C:\Users\DELL\.m2\repository\com\fasterxml\classmate\1.7.0\classmate-1.7.0.jar;C:\Users\DELL\.m2\repository\net\bytebuddy\byte-buddy\1.14.18\byte-buddy-1.14.18.jar;C:\Users\DELL\.m2\repository\org\glassfish\jaxb\jaxb-runtime\4.0.5\jaxb-runtime-4.0.5.jar;C:\Users\DELL\.m2\repository\org\glassfish\jaxb\jaxb-core\4.0.5\jaxb-core-4.0.5.jar;C:\Users\DELL\.m2\repository\org\glassfish\jaxb\txw2\4.0.5\txw2-4.0.5.jar;C:\Users\DELL\.m2\repository\com\sun\istack\istack-commons-runtime\4.1.2\istack-commons-runtime-4.1.2.jar;C:\Users\DELL\.m2\repository\jakarta\inject\jakarta.inject-api\2.0.1\jakarta.inject-api-2.0.1.jar;C:\Users\DELL\.m2\repository\org\antlr\antlr4-runtime\4.13.0\antlr4-runtime-4.13.0.jar;C:\Users\DELL\.m2\repository\org\springframework\data\spring-data-jpa\3.3.2\spring-data-jpa-3.3.2.jar;C:\Users\DELL\.m2\repository\org\springframework\data\spring-data-commons\3.3.2\spring-data-commons-3.3.2.jar;C:\Users\DELL\.m2\repository\org\springframework\spring-orm\6.1.11\spring-orm-6.1.11.jar;C:\Users\DELL\.m2\repository\org\springframework\spring-tx\6.1.11\spring-tx-6.1.11.jar;C:\Users\DELL\.m2\repository\jakarta\annotation\jakarta.annotation-api\2.1.1\jakarta.annotation-api-2.1.1.jar;C:\Users\DELL\.m2\repository\org\slf4j\slf4j-api\2.0.13\slf4j-api-2.0.13.jar;C:\Users\DELL\.m2\repository\org\springframework\spring-aspects\6.1.11\spring-aspects-6.1.11.jar;C:\Users\DELL\.m2\repository\org\springframework\boot\spring-boot-starter-web\3.3.2\spring-boot-starter-web-3.3.2.jar;C:\Users\DELL\.m2\repository\org\springframework\boot\spring-boot-starter\3.3.2\spring-boot-starter-3.3.2.jar;C:\Users\DELL\.m2\repository\org\springframework\boot\spring-boot\3.3.2\spring-boot-3.3.2.jar;C:\Users\DELL\.m2\repository\org\springframework\boot\spring-boot-autoconfigure\3.3.2\spring-boot-autoconfigure-3.3.2.jar;C:\Users\DELL\.m2\repository\org\springframework\boot\spring-boot-starter-logging\3.3.2\spring-boot-starter-logging-3.3.2.jar;C:\Users\DELL\.m2\repository\ch\qos\logback\logback-classic\1.5.6\logback-classic-1.5.6.jar;C:\Users\DELL\.m2\repository\ch\qos\logback\logback-core\1.5.6\logback-core-1.5.6.jar;C:\Users\DELL\.m2\repository\org\apache\logging\log4j\log4j-to-slf4j\2.23.1\log4j-to-slf4j-2.23.1.jar;C:\Users\DELL\.m2\repository\org\apache\logging\log4j\log4j-api\2.23.1\log4j-api-2.23.1.jar;C:\Users\DELL\.m2\repository\org\slf4j\jul-to-slf4j\2.0.13\jul-to-slf4j-2.0.13.jar;C:\Users\DELL\.m2\repository\org\yaml\snakeyaml\2.2\snakeyaml-2.2.jar;C:\Users\DELL\.m2\repository\org\springframework\boot\spring-boot-starter-json\3.3.2\spring-boot-starter-json-3.3.2.jar;C:\Users\DELL\.m2\repository\com\fasterxml\jackson\datatype\jackson-datatype-jdk8\2.17.2\jackson-datatype-jdk8-2.17.2.jar;C:\Users\DELL\.m2\repository\com\fasterxml\jackson\datatype\jackson-datatype-jsr310\2.17.2\jackson-datatype-jsr310-2.17.2.jar;C:\Users\DELL\.m2\repository\com\fasterxml\jackson\module\jackson-module-parameter-names\2.17.2\jackson-module-parameter-names-2.17.2.jar;C:\Users\DELL\.m2\repository\org\springframework\boot\spring-boot-starter-tomcat\3.3.2\spring-boot-starter-tomcat-3.3.2.jar;C:\Users\DELL\.m2\repository\org\apache\tomcat\embed\tomcat-embed-core\10.1.26\tomcat-embed-core-10.1.26.jar;C:\Users\DELL\.m2\repository\org\apache\tomcat\embed\tomcat-embed-el\10.1.26\tomcat-embed-el-10.1.26.jar;C:\Users\DELL\.m2\repository\org\apache\tomcat\embed\tomcat-embed-websocket\10.1.26\tomcat-embed-websocket-10.1.26.jar;C:\Users\DELL\.m2\repository\org\springframework\spring-web\6.1.11\spring-web-6.1.11.jar;C:\Users\DELL\.m2\repository\io\micrometer\micrometer-observation\1.13.2\micrometer-observation-1.13.2.jar;C:\Users\DELL\.m2\repository\io\micrometer\micrometer-commons\1.13.2\micrometer-commons-1.13.2.jar;C:\Users\DELL\.m2\repository\org\springframework\spring-webmvc\6.1.11\spring-webmvc-6.1.11.jar;C:\Users\DELL\.m2\repository\org\springframework\boot\spring-boot-starter-mail\3.3.2\spring-boot-starter-mail-3.3.2.jar;C:\Users\DELL\.m2\repository\org\springframework\spring-context-support\6.1.11\spring-context-support-6.1.11.jar;C:\Users\DELL\.m2\repository\org\eclipse\angus\jakarta.mail\2.0.3\jakarta.mail-2.0.3.jar;C:\Users\DELL\.m2\repository\jakarta\activation\jakarta.activation-api\2.1.3\jakarta.activation-api-2.1.3.jar;C:\Users\DELL\.m2\repository\org\eclipse\angus\angus-activation\2.0.2\angus-activation-2.0.2.jar;C:\Users\DELL\.m2\repository\org\springframework\boot\spring-boot-starter-websocket\3.3.2\spring-boot-starter-websocket-3.3.2.jar;C:\Users\DELL\.m2\repository\org\springframework\spring-messaging\6.1.11\spring-messaging-6.1.11.jar;C:\Users\DELL\.m2\repository\org\springframework\spring-websocket\6.1.11\spring-websocket-6.1.11.jar;C:\Users\DELL\.m2\repository\org\springframework\security\spring-security-test\6.3.1\spring-security-test-6.3.1.jar;C:\Users\DELL\.m2\repository\org\springframework\security\spring-security-core\6.3.1\spring-security-core-6.3.1.jar;C:\Users\DELL\.m2\repository\org\springframework\security\spring-security-crypto\6.3.1\spring-security-crypto-6.3.1.jar;C:\Users\DELL\.m2\repository\org\springframework\spring-core\6.1.11\spring-core-6.1.11.jar;C:\Users\DELL\.m2\repository\org\springframework\spring-jcl\6.1.11\spring-jcl-6.1.11.jar;C:\Users\DELL\.m2\repository\org\springframework\spring-test\6.1.11\spring-test-6.1.11.jar;C:\Users\DELL\.m2\repository\com\cloudinary\cloudinary-http44\1.32.2\cloudinary-http44-1.32.2.jar;C:\Users\DELL\.m2\repository\com\cloudinary\cloudinary-core\1.32.2\cloudinary-core-1.32.2.jar;C:\Users\DELL\.m2\repository\org\apache\commons\commons-lang3\3.14.0\commons-lang3-3.14.0.jar;C:\Users\DELL\.m2\repository\org\apache\httpcomponents\httpmime\4.4\httpmime-4.4.jar;C:\Users\DELL\.m2\repository\org\postgresql\postgresql\42.7.3\postgresql-42.7.3.jar;C:\Users\DELL\.m2\repository\org\checkerframework\checker-qual\3.42.0\checker-qual-3.42.0.jar;C:\Users\DELL\.m2\repository\org\projectlombok\lombok\1.18.34\lombok-1.18.34.jar;C:\Users\DELL\.m2\repository\org\springframework\boot\spring-boot-starter-test\3.3.2\spring-boot-starter-test-3.3.2.jar;C:\Users\DELL\.m2\repository\org\springframework\boot\spring-boot-test\3.3.2\spring-boot-test-3.3.2.jar;C:\Users\DELL\.m2\repository\org\springframework\boot\spring-boot-test-autoconfigure\3.3.2\spring-boot-test-autoconfigure-3.3.2.jar;C:\Users\DELL\.m2\repository\com\jayway\jsonpath\json-path\2.9.0\json-path-2.9.0.jar;C:\Users\DELL\.m2\repository\jakarta\xml\bind\jakarta.xml.bind-api\4.0.2\jakarta.xml.bind-api-4.0.2.jar;C:\Users\DELL\.m2\repository\net\minidev\json-smart\2.5.1\json-smart-2.5.1.jar;C:\Users\DELL\.m2\repository\net\minidev\accessors-smart\2.5.1\accessors-smart-2.5.1.jar;C:\Users\DELL\.m2\repository\org\ow2\asm\asm\9.6\asm-9.6.jar;C:\Users\DELL\.m2\repository\org\assertj\assertj-core\3.25.3\assertj-core-3.25.3.jar;C:\Users\DELL\.m2\repository\org\awaitility\awaitility\4.2.1\awaitility-4.2.1.jar;C:\Users\DELL\.m2\repository\org\hamcrest\hamcrest\2.2\hamcrest-2.2.jar;C:\Users\DELL\.m2\repository\org\junit\jupiter\junit-jupiter\5.10.3\junit-jupiter-5.10.3.jar;C:\Users\DELL\.m2\repository\org\junit\jupiter\junit-jupiter-api\5.10.3\junit-jupiter-api-5.10.3.jar;C:\Users\DELL\.m2\repository\org\opentest4j\opentest4j\1.3.0\opentest4j-1.3.0.jar;C:\Users\DELL\.m2\repository\org\junit\platform\junit-platform-commons\1.10.3\junit-platform-commons-1.10.3.jar;C:\Users\DELL\.m2\repository\org\apiguardian\apiguardian-api\1.1.2\apiguardian-api-1.1.2.jar;C:\Users\DELL\.m2\repository\org\junit\jupiter\junit-jupiter-params\5.10.3\junit-jupiter-params-5.10.3.jar;C:\Users\DELL\.m2\repository\org\junit\jupiter\junit-jupiter-engine\5.10.3\junit-jupiter-engine-5.10.3.jar;C:\Users\DELL\.m2\repository\org\junit\platform\junit-platform-engine\1.10.3\junit-platform-engine-1.10.3.jar;C:\Users\DELL\.m2\repository\org\mockito\mockito-core\5.11.0\mockito-core-5.11.0.jar;C:\Users\DELL\.m2\repository\net\bytebuddy\byte-buddy-agent\1.14.18\byte-buddy-agent-1.14.18.jar;C:\Users\DELL\.m2\repository\org\objenesis\objenesis\3.3\objenesis-3.3.jar;C:\Users\DELL\.m2\repository\org\mockito\mockito-junit-jupiter\5.11.0\mockito-junit-jupiter-5.11.0.jar;C:\Users\DELL\.m2\repository\org\skyscreamer\jsonassert\1.5.3\jsonassert-1.5.3.jar;C:\Users\DELL\.m2\repository\com\vaadin\external\google\android-json\0.0.20131108.vaadin1\android-json-0.0.20131108.vaadin1.jar;C:\Users\DELL\.m2\repository\org\xmlunit\xmlunit-core\2.9.1\xmlunit-core-2.9.1.jar;C:\Users\DELL\.m2\repository\org\modelmapper\modelmapper\3.1.1\modelmapper-3.1.1.jar;C:\Users\DELL\.m2\repository\com\auth0\java-jwt\4.4.0\java-jwt-4.4.0.jar;C:\Users\DELL\.m2\repository\com\fasterxml\jackson\core\jackson-databind\2.17.2\jackson-databind-2.17.2.jar;C:\Users\DELL\.m2\repository\com\fasterxml\jackson\core\jackson-annotations\2.17.2\jackson-annotations-2.17.2.jar;C:\Users\DELL\.m2\repository\com\fasterxml\jackson\core\jackson-core\2.17.2\jackson-core-2.17.2.jar;C:\Users\DELL\.m2\repository\com\github\java-json-tools\json-patch\1.13\json-patch-1.13.jar;C:\Users\DELL\.m2\repository\com\github\java-json-tools\msg-simple\1.2\msg-simple-1.2.jar;C:\Users\DELL\.m2\repository\com\github\java-json-tools\btf\1.3\btf-1.3.jar;C:\Users\DELL\.m2\repository\com\google\code\findbugs\jsr305\2.0.1\jsr305-2.0.1.jar;C:\Users\DELL\.m2\repository\com\github\java-json-tools\jackson-coreutils\2.0\jackson-coreutils-2.0.jar;C:\Users\DELL\.m2\repository\javax\mail\javax.mail-api\1.6.2\javax.mail-api-1.6.2.jar;C:\Users\DELL\.m2\repository\org\springframework\boot\spring-boot-starter-security\3.3.2\spring-boot-starter-security-3.3.2.jar;C:\Users\DELL\.m2\repository\org\springframework\spring-aop\6.1.11\spring-aop-6.1.11.jar;C:\Users\DELL\.m2\repository\javax\validation\validation-api\2.0.1.Final\validation-api-2.0.1.Final.jar;C:\Users\DELL\.m2\repository\org\mongodb\bson\5.1.1\bson-5.1.1.jar;C:\Users\DELL\.m2\repository\io\github\java-native\jssc\2.9.6\jssc-2.9.6.jar;C:\Users\DELL\.m2\repository\org\scijava\native-lib-loader\2.5.0\native-lib-loader-2.5.0.jar;C:\Users\DELL\.m2\repository\org\apache\httpcomponents\httpcore\4.4.16\httpcore-4.4.16.jar;C:\Users\DELL\.m2\repository\org\apache\httpcomponents\httpclient\4.5.14\httpclient-4.5.14.jar;C:\Users\DELL\.m2\repository\commons-logging\commons-logging\1.2\commons-logging-1.2.jar;C:\Users\DELL\.m2\repository\commons-codec\commons-codec\1.16.1\commons-codec-1.16.1.jar;C:\Users\DELL\.m2\repository\com\google\code\gson\gson\2.10.1\gson-2.10.1.jar;C:\Users\DELL\.m2\repository\junit\junit\4.13.2\junit-4.13.2.jar;C:\Users\DELL\.m2\repository\org\hamcrest\hamcrest-core\2.2\hamcrest-core-2.2.jar;C:\Users\DELL\.m2\repository\org\springframework\security\spring-security-web\6.3.1\spring-security-web-6.3.1.jar;C:\Users\DELL\.m2\repository\org\springframework\spring-beans\6.1.11\spring-beans-6.1.11.jar;C:\Users\DELL\.m2\repository\org\springframework\spring-context\6.1.11\spring-context-6.1.11.jar;C:\Users\DELL\.m2\repository\org\springframework\spring-expression\6.1.11\spring-expression-6.1.11.jar;C:\Users\DELL\.m2\repository\org\springframework\security\spring-security-config\6.3.1\spring-security-config-6.3.1.jar
Launcher Type: SUN_STANDARD

[Global flags]
     intx CICompilerCount                          = 3                                         {product} {ergonomic}
     uint ConcGCThreads                            = 1                                         {product} {ergonomic}
     uint G1ConcRefinementThreads                  = 4                                         {product} {ergonomic}
   size_t G1HeapRegionSize                         = 1048576                                   {product} {ergonomic}
    uintx GCDrainStackTargetSize                   = 64                                        {product} {ergonomic}
   size_t InitialHeapSize                          = 134217728                                 {product} {ergonomic}
   size_t MarkStackSize                            = 4194304                                   {product} {ergonomic}
   size_t MaxHeapSize                              = 2120220672                                {product} {ergonomic}
   size_t MaxNewSize                               = 1271922688                                {product} {ergonomic}
   size_t MinHeapDeltaBytes                        = 1048576                                   {product} {ergonomic}
   size_t MinHeapSize                              = 8388608                                   {product} {ergonomic}
    uintx NonNMethodCodeHeapSize                   = 5832780                                {pd product} {ergonomic}
    uintx NonProfiledCodeHeapSize                  = 122912730                              {pd product} {ergonomic}
    uintx ProfiledCodeHeapSize                     = 122912730                              {pd product} {ergonomic}
    uintx ReservedCodeCacheSize                    = 251658240                              {pd product} {ergonomic}
     bool SegmentedCodeCache                       = true                                      {product} {ergonomic}
   size_t SoftMaxHeapSize                          = 2120220672                             {manageable} {ergonomic}
     bool UseCompressedOops                        = true                           {product lp64_product} {ergonomic}
     bool UseG1GC                                  = true                                      {product} {ergonomic}
     bool UseLargePagesIndividualAllocation        = false                                  {pd product} {ergonomic}

Logging:
Log output configuration:
 #0: stdout all=warning uptime,level,tags foldmultilines=false
 #1: stderr all=off uptime,level,tags foldmultilines=false

Environment Variables:
PATH=C:\Program Files (x86)\Common Files\Oracle\Java\javapath;C:\Program Files\Common Files\Oracle\Java\javapath;C:\Windows\system32;C:\Windows;C:\Windows\System32\Wbem;C:\Windows\System32\WindowsPowerShell\v1.0\;C:\Windows\System32\OpenSSH\;C:\Program Files\Git\cmd;C:\Program Files (x86)\Microsoft SQL Server\150\DTS\Binn\;C:\Program Files\Microsoft SQL Server\Client SDK\ODBC\130\Tools\Binn\;C:\Program Files (x86)\Microsoft SQL Server\140\Tools\Binn\;C:\Program Files\Microsoft SQL Server\140\Tools\Binn\;C:\Program Files\Microsoft SQL Server\140\DTS\Binn\;C:\Program Files\nodejs\;C:\Program Files\Go\bin;C:\Program Files\Docker\Docker\resources\bin;C:\Program Files\PuTTY\;C:\Program Files\MySQL\MySQL Shell 8.0\bin\;C:\Users\DELL\AppData\Local\Programs\Python\Python312\Scripts\;C:\Users\DELL\AppData\Local\Programs\Python\Python312\;C:\Users\DELL\AppData\Local\Microsoft\WindowsApps;;C:\Program Files\JetBrains\IntelliJ IDEA 2023.3.2\bin;;C:\Users\DELL\AppData\Local\Programs\Microsoft VS Code\bin;C:\Users\DELL\AppData\Roaming\npm;C:\Users\DELL\go\bin
USERNAME=DELL
OS=Windows_NT
PROCESSOR_IDENTIFIER=Intel64 Family 6 Model 78 Stepping 3, GenuineIntel
TMP=C:\Users\DELL\AppData\Local\Temp
TEMP=C:\Users\DELL\AppData\Local\Temp




Periodic native trim disabled

---------------  S Y S T E M  ---------------

OS:
 Windows 11 , 64 bit Build 22621 (10.0.22621.3958)
OS uptime: 0 days 0:12 hours
Hyper-V role detected

CPU: total 4 (initial active 4) (2 cores per cpu, 2 threads per core) family 6 model 78 stepping 3 microcode 0xf0, cx8, cmov, fxsr, ht, mmx, 3dnowpref, sse, sse2, sse3, ssse3, sse4.1, sse4.2, popcnt, lzcnt, tsc, tscinvbit, avx, avx2, aes, erms, clmul, bmi1, bmi2, rtm, adx, fma, vzeroupper, clflush, clflushopt, hv, rdtscp, f16c
Processor Information for all 4 processors :
  Max Mhz: 2501, Current Mhz: 2200, Mhz Limit: 2175

Memory: 4k page, system-wide physical 8083M (305M free)
TotalPageFile size 20326M (AvailPageFile size 11428M)
current process WorkingSet (physical memory assigned to process): 214M, peak: 228M
current process commit charge ("private bytes"): 247M, peak: 262M

vm_info: Java HotSpot(TM) 64-Bit Server VM (21.0.1+12-LTS-29) for windows-amd64 JRE (21.0.1+12-LTS-29), built on 2023-10-05T13:27:09Z by "mach5one" with MS VC++ 17.1 (VS2022)

END.
