#
# A fatal error has been detected by the Java Runtime Environment:
#
#  EXCEPTION_ACCESS_VIOLATION (0xc0000005) at pc=0x00007fffcdee444e, pid=7016, tid=12532
#
# JRE version: Java(TM) SE Runtime Environment (21.0.1+12) (build 21.0.1+12-LTS-29)
# Java VM: Java HotSpot(TM) 64-Bit Server VM (21.0.1+12-LTS-29, mixed mode, sharing, tiered, compressed oops, compressed class ptrs, g1 gc, windows-amd64)
# Problematic frame:
# V  [jvm.dll+0x1e444e]
#
# No core dump will be written. Minidumps are not enabled by default on client versions of Windows
#
# If you would like to submit a bug report, please visit:
#   https://bugreport.java.com/bugreport/crash.jsp
#

---------------  S U M M A R Y ------------

Command Line: -ea -Didea.test.cyclic.buffer.size=1048576 -javaagent:C:\Users\DELL\Desktop\IntelliJ IDEA 2024.2\lib\idea_rt.jar=51243:C:\Users\DELL\Desktop\IntelliJ IDEA 2024.2\bin -Dfile.encoding=UTF-8 -Dsun.stdout.encoding=UTF-8 -Dsun.stderr.encoding=UTF-8 com.intellij.rt.junit.JUnitStarter -ideVersion5 -junit5 com.africa.semiclon.capStoneProject.service.AgentServiceImplementationTest,testWasteCanBeCollectedByAgent

Host: Intel(R) Core(TM) i5-6300U CPU @ 2.40GHz, 4 cores, 7G,  Windows 11 , 64 bit Build 22621 (10.0.22621.3958)
Time: Thu Aug 15 16:29:11 2024 W. Central Africa Standard Time elapsed time: 9.326940 seconds (0d 0h 0m 9s)

---------------  T H R E A D  ---------------

Current thread (0x000001f234eba5b0):  JavaThread "C2 CompilerThread0" daemon [_thread_in_native, id=12532, stack(0x000000e4ac200000,0x000000e4ac300000) (1024K)]


Current CompileTask:
C2:   9327 4500 % !   4       com.sun.crypto.provider.PBKDF2KeyImpl::deriveKey @ 198 (302 bytes)

Stack: [0x000000e4ac200000,0x000000e4ac300000],  sp=0x000000e4ac2fcb50,  free space=1010k
Native frames: (J=compiled Java code, j=interpreted, Vv=VM code, C=native code)
V  [jvm.dll+0x1e444e]
V  [jvm.dll+0x1e1ecd]
V  [jvm.dll+0x249c22]
V  [jvm.dll+0x2490b1]
V  [jvm.dll+0x1c9ca1]
V  [jvm.dll+0x2586b9]
V  [jvm.dll+0x256c9a]
V  [jvm.dll+0x3ef1b6]
V  [jvm.dll+0x7fd728]
V  [jvm.dll+0x6c777d]
C  [ucrtbase.dll+0x29333]
C  [KERNEL32.DLL+0x1257d]
C  [ntdll.dll+0x5af28]


siginfo: EXCEPTION_ACCESS_VIOLATION (0xc0000005), reading address 0x000001f295625028


Registers:
RAX=0x0000000000000000, RBX=0x000001f295625010, RCX=0x000000000000000b, RDX=0x00000000000002be
RSP=0x000000e4ac2fcb50, RBP=0x000001f27c2ff088, RSI=0x000000e4ac2fd060, RDI=0xffffffffffffffff
R8 =0x00000000ffffffff, R9 =0x0000000000000001, R10=0x000000000000000a, R11=0x3333333333333333
R12=0x0000000000000001, R13=0x0000000000000001, R14=0x000001f27a0b1030, R15=0x000001f27d8c3aa0
RIP=0x00007fffcdee444e, EFLAGS=0x0000000000010202


Register to memory mapping:

RAX=0x0 is null
RBX=0x000001f295625010 is an unknown value
RCX=0x000000000000000b is an unknown value
RDX=0x00000000000002be is an unknown value
RSP=0x000000e4ac2fcb50 is pointing into the stack for thread: 0x000001f234eba5b0
RBP=0x000001f27c2ff088 points into unknown readable memory: 0x00007fffce74e698 | 98 e6 74 ce ff 7f 00 00
RSI=0x000000e4ac2fd060 is pointing into the stack for thread: 0x000001f234eba5b0
RDI=0xffffffffffffffff is an unknown value
R8 =0x00000000ffffffff is an unallocated location in the heap
R9 =0x0000000000000001 is an unknown value
R10=0x000000000000000a is an unknown value
R11=0x3333333333333333 is an unknown value
R12=0x0000000000000001 is an unknown value
R13=0x0000000000000001 is an unknown value
R14=0x000001f27a0b1030 points into unknown readable memory: 0x00007fffce6907b8 | b8 07 69 ce ff 7f 00 00
R15=0x000001f27d8c3aa0 points into unknown readable memory: 0x000300030ffffcff | ff fc ff 0f 03 00 03 00

Top of Stack: (sp=0x000000e4ac2fcb50)
0x000000e4ac2fcb50:   0000000000000004 000001f27b7b2920
0x000000e4ac2fcb60:   000000e4ac2fd060 000001f27b7b2f80
0x000000e4ac2fcb70:   000004a300000021 00007fff00000003
0x000000e4ac2fcb80:   000001f27b7b2680 0000000000000000
0x000000e4ac2fcb90:   0000000000000000 0000000000000000
0x000000e4ac2fcba0:   00000000002aedb0 000001f27a1e8b50
0x000000e4ac2fcbb0:   000000e4ac2fd140 0000000000000001
0x000000e4ac2fcbc0:   000001f27a1e8b60 0000000000000000
0x000000e4ac2fcbd0:   000001f27a1e8f38 000000e4ac2fccf0
0x000000e4ac2fcbe0:   000000e4ac2fd060 00007fffcdee1ecd
0x000000e4ac2fcbf0:   000000e4ac2fd060 000000e4ac2fd001
0x000000e4ac2fcc00:   000000e4ac2fcc00 00000000ffffffff
0x000000e4ac2fcc10:   000000000000b900 000000000000000e
0x000000e4ac2fcc20:   0000000000000007 000001f27a1e8b50
0x000000e4ac2fcc30:   000001f27c58e030 000001f27c5942b0
0x000000e4ac2fcc40:   000001f27c596018 0000000000ced268
0x000000e4ac2fcc50:   000001f27a1e8b60 00007ff858de1966
0x000000e4ac2fcc60:   0000000000000000 0000000000000000
0x000000e4ac2fcc70:   000001f234e96f40 0000000000000000
0x000000e4ac2fcc80:   000000000000a008 00007fffce6a9680
0x000000e4ac2fcc90:   0000000000000000 0000000000000000
0x000000e4ac2fcca0:   0000000000000000 00007fffce6a9680
0x000000e4ac2fccb0:   000001f234e96f00 00007fffcddc3e7e
0x000000e4ac2fccc0:   000000000000000c 000000e4ac2fe520
0x000000e4ac2fccd0:   000001f27f1be050 000001f234e96f00
0x000000e4ac2fcce0:   000001f27f43c050 000001f200003e72
0x000000e4ac2fccf0:   000000e4ac2fcc20 000001f27a1e8b60
0x000000e4ac2fcd00:   00007fffce6a9650 000000000000000d
0x000000e4ac2fcd10:   000000e4ac2fe520 000000e4ac2fd060
0x000000e4ac2fcd20:   000001f200002e4c 000001f234e96f40
0x000000e4ac2fcd30:   000000000000000a 000000e4ac2fe520
0x000000e4ac2fcd40:   000001f27e0fafb0 0000000000000000 

Instructions: (pc=0x00007fffcdee444e)
0x00007fffcdee434e:   24 30 89 44 24 20 83 7d 28 01 0f 86 7f 05 00 00
0x00007fffcdee435e:   66 90 3b 45 18 73 0c 8b c8 48 8b 45 20 4c 8b 34
0x00007fffcdee436e:   c8 eb 03 45 33 f6 41 8b 46 2c 45 8b e5 24 03 c6
0x00007fffcdee437e:   84 24 b0 00 00 00 00 3c 02 75 17 49 8b 06 49 8b
0x00007fffcdee438e:   ce c6 84 24 b0 00 00 00 01 ff 90 c0 00 00 00 44
0x00007fffcdee439e:   8b e0 48 8b 86 08 01 00 00 49 63 4e 28 8b 14 88
0x00007fffcdee43ae:   48 8b 46 70 48 69 da b0 00 00 00 48 03 58 20 85
0x00007fffcdee43be:   d2 0f 84 7a 02 00 00 49 8b 06 49 8b ce ff 50 28
0x00007fffcdee43ce:   48 8b e8 8b 48 10 83 f9 21 74 11 83 f9 1e 7e 0c
0x00007fffcdee43de:   83 f9 24 7d 07 83 8b a8 00 00 00 02 41 8b 4e 28
0x00007fffcdee43ee:   8b c1 c1 e8 05 3b 46 78 73 56 8b d0 83 e1 1f 48
0x00007fffcdee43fe:   8b 86 80 00 00 00 8b 04 90 0f a3 c8 73 42 44 8b
0x00007fffcdee440e:   83 a8 00 00 00 41 83 c8 20 44 89 83 a8 00 00 00
0x00007fffcdee441e:   41 8b 4e 28 8b c1 c1 e8 05 3b 86 98 00 00 00 73
0x00007fffcdee442e:   1f 8b d0 83 e1 1f 48 8b 86 a0 00 00 00 8b 04 90
0x00007fffcdee443e:   0f a3 c8 73 0b 41 83 c8 40 44 89 83 a8 00 00 00
0x00007fffcdee444e:   48 83 7b 18 00 49 8b c6 49 8b ce 48 0f 45 c7 48
0x00007fffcdee445e:   89 43 18 49 8b 06 ff 50 78 8b 93 90 00 00 00 4c
0x00007fffcdee446e:   8b f8 8b 8b 94 00 00 00 3b d1 77 1d 66 0f 1f 44
0x00007fffcdee447e:   00 00 8b ca ff c2 49 8b 04 cf 48 21 44 cb 38 8b
0x00007fffcdee448e:   8b 94 00 00 00 3b d1 76 e9 41 8b 47 58 39 83 90
0x00007fffcdee449e:   00 00 00 73 06 89 83 90 00 00 00 41 8b 47 5c 3b
0x00007fffcdee44ae:   c8 76 06 89 83 94 00 00 00 49 8b 06 49 8b ce ff
0x00007fffcdee44be:   50 68 8b c8 8b f0 e8 e7 1d 53 00 84 c0 74 07 83
0x00007fffcdee44ce:   8b a8 00 00 00 04 83 fe 0e 75 07 83 8b a8 00 00
0x00007fffcdee44de:   00 08 8b d6 48 8d 4b 38 e8 65 1b 53 00 84 c0 74
0x00007fffcdee44ee:   0a 81 8b a8 00 00 00 80 00 00 00 48 8b 44 24 30
0x00007fffcdee44fe:   f2 0f 10 40 08 66 0f 2f 43 10 76 05 f2 0f 11 43
0x00007fffcdee450e:   10 81 fe e7 03 00 00 0f 87 82 04 00 00 0f 84 e7
0x00007fffcdee451e:   00 00 00 83 fe 0f 0f 87 73 04 00 00 48 8d 3d cf
0x00007fffcdee452e:   ba e1 ff 8b 8c b7 b0 49 1e 00 48 03 cf ff e1 48
0x00007fffcdee453e:   8b b4 24 a0 00 00 00 b8 02 00 00 00 66 89 83 9c 


Stack slot to memory mapping:

stack at sp + 0 slots: 0x0000000000000004 is an unknown value
stack at sp + 1 slots: 0x000001f27b7b2920 points into unknown readable memory: 0x00007fffce694fb0 | b0 4f 69 ce ff 7f 00 00
stack at sp + 2 slots: 0x000000e4ac2fd060 is pointing into the stack for thread: 0x000001f234eba5b0
stack at sp + 3 slots: 0x000001f27b7b2f80 points into unknown readable memory: 0x00007fffce694fb0 | b0 4f 69 ce ff 7f 00 00
stack at sp + 4 slots: 0x000004a300000021 is an unknown value
stack at sp + 5 slots: 0x00007fff00000003 is an unknown value
stack at sp + 6 slots: 0x000001f27b7b2680 points into unknown readable memory: 0x00007fffce694fb0 | b0 4f 69 ce ff 7f 00 00
stack at sp + 7 slots: 0x0 is null


---------------  P R O C E S S  ---------------

Threads class SMR info:
_java_thread_list=0x000001f27c2a6c50, length=15, elements={
0x000001f2186115a0, 0x000001f234ea0600, 0x000001f234ea1420, 0x000001f234eaaa90,
0x000001f234ead500, 0x000001f234eae700, 0x000001f234eb3910, 0x000001f234eba5b0,
0x000001f234ebe270, 0x000001f234e70bf0, 0x000001f27a245bc0, 0x000001f27a246230,
0x000001f27a1efa20, 0x000001f27a6dbad0, 0x000001f27ae6f430
}

Java Threads: ( => current thread )
  0x000001f2186115a0 JavaThread "main"                              [_thread_in_vm, id=1424, stack(0x000000e4ab400000,0x000000e4ab500000) (1024K)]
  0x000001f234ea0600 JavaThread "Reference Handler"          daemon [_thread_blocked, id=4644, stack(0x000000e4abc00000,0x000000e4abd00000) (1024K)]
  0x000001f234ea1420 JavaThread "Finalizer"                  daemon [_thread_blocked, id=13424, stack(0x000000e4abd00000,0x000000e4abe00000) (1024K)]
  0x000001f234eaaa90 JavaThread "Signal Dispatcher"          daemon [_thread_blocked, id=7884, stack(0x000000e4abe00000,0x000000e4abf00000) (1024K)]
  0x000001f234ead500 JavaThread "Attach Listener"            daemon [_thread_blocked, id=10628, stack(0x000000e4abf00000,0x000000e4ac000000) (1024K)]
  0x000001f234eae700 JavaThread "Service Thread"             daemon [_thread_blocked, id=9600, stack(0x000000e4ac000000,0x000000e4ac100000) (1024K)]
  0x000001f234eb3910 JavaThread "Monitor Deflation Thread"   daemon [_thread_blocked, id=9368, stack(0x000000e4ac100000,0x000000e4ac200000) (1024K)]
=>0x000001f234eba5b0 JavaThread "C2 CompilerThread0"         daemon [_thread_in_native, id=12532, stack(0x000000e4ac200000,0x000000e4ac300000) (1024K)]
  0x000001f234ebe270 JavaThread "C1 CompilerThread0"         daemon [_thread_blocked, id=11680, stack(0x000000e4ac300000,0x000000e4ac400000) (1024K)]
  0x000001f234e70bf0 JavaThread "Common-Cleaner"             daemon [_thread_blocked, id=8428, stack(0x000000e4ac400000,0x000000e4ac500000) (1024K)]
  0x000001f27a245bc0 JavaThread "Monitor Ctrl-Break"         daemon [_thread_in_native, id=9548, stack(0x000000e4ac500000,0x000000e4ac600000) (1024K)]
  0x000001f27a246230 JavaThread "Notification Thread"        daemon [_thread_blocked, id=12628, stack(0x000000e4ac600000,0x000000e4ac700000) (1024K)]
  0x000001f27a1efa20 JavaThread "PostgreSQL-JDBC-Cleaner"    daemon [_thread_blocked, id=13496, stack(0x000000e4acb00000,0x000000e4acc00000) (1024K)]
  0x000001f27a6dbad0 JavaThread "HikariPool-1 housekeeper"   daemon [_thread_blocked, id=13756, stack(0x000000e4acc00000,0x000000e4acd00000) (1024K)]
  0x000001f27ae6f430 JavaThread "HikariPool-1 connection adder" daemon [_thread_in_native, id=3460, stack(0x000000e4acd00000,0x000000e4ace00000) (1024K)]
Total: 15

Other Threads:
  0x000001f234e84ed0 VMThread "VM Thread"                           [id=4784, stack(0x000000e4abb00000,0x000000e4abc00000) (1024K)]
  0x000001f234e6f7a0 WatcherThread "VM Periodic Task Thread"        [id=11688, stack(0x000000e4aba00000,0x000000e4abb00000) (1024K)]
  0x000001f218667700 WorkerThread "GC Thread#0"                     [id=13348, stack(0x000000e4ab500000,0x000000e4ab600000) (1024K)]
  0x000001f27a8c0f90 WorkerThread "GC Thread#1"                     [id=9456, stack(0x000000e4ac800000,0x000000e4ac900000) (1024K)]
  0x000001f27a8c1330 WorkerThread "GC Thread#2"                     [id=552, stack(0x000000e4ac900000,0x000000e4aca00000) (1024K)]
  0x000001f27a8d2070 WorkerThread "GC Thread#3"                     [id=14120, stack(0x000000e4aca00000,0x000000e4acb00000) (1024K)]
  0x000001f218678550 ConcurrentGCThread "G1 Main Marker"            [id=2592, stack(0x000000e4ab600000,0x000000e4ab700000) (1024K)]
  0x000001f21867b070 WorkerThread "G1 Conc#0"                       [id=13184, stack(0x000000e4ab700000,0x000000e4ab800000) (1024K)]
  0x000001f21869eb40 ConcurrentGCThread "G1 Refine#0"               [id=2932, stack(0x000000e4ab800000,0x000000e4ab900000) (1024K)]
  0x000001f234d30d20 ConcurrentGCThread "G1 Service"                [id=12736, stack(0x000000e4ab900000,0x000000e4aba00000) (1024K)]
Total: 10

Threads with active compile tasks:
C2 CompilerThread0     9568 4500 % !   4       com.sun.crypto.provider.PBKDF2KeyImpl::deriveKey @ 198 (302 bytes)
Total: 1

VM state: not at safepoint (normal execution)

VM Mutex/Monitor currently owned by a thread: None

Heap address: 0x0000000081a00000, size: 2022 MB, Compressed Oops mode: 32-bit

CDS archive(s) mapped at: [0x000001f235000000-0x000001f235c90000-0x000001f235c90000), size 13172736, SharedBaseAddress: 0x000001f235000000, ArchiveRelocationMode: 1.
Compressed class space mapped at: 0x000001f236000000-0x000001f276000000, reserved size: 1073741824
Narrow klass base: 0x000001f235000000, Narrow klass shift: 0, Narrow klass range: 0x100000000

GC Precious Log:
 CardTable entry size: 512
 Card Set container configuration: InlinePtr #cards 5 size 8 Array Of Cards #cards 12 size 40 Howl #buckets 4 coarsen threshold 1843 Howl Bitmap #cards 512 size 80 coarsen threshold 460 Card regions per heap region 1 cards per card region 2048
 CPUs: 4 total, 4 available
 Memory: 8083M
 Large Page Support: Disabled
 NUMA Support: Disabled
 Compressed Oops: Enabled (32-bit)
 Heap Region Size: 1M
 Heap Min Capacity: 8M
 Heap Initial Capacity: 128M
 Heap Max Capacity: 2022M
 Pre-touch: Disabled
 Parallel Workers: 4
 Concurrent Workers: 1
 Concurrent Refinement Workers: 4
 Periodic GC: Disabled

Heap:
 garbage-first heap   total 58368K, used 30566K [0x0000000081a00000, 0x0000000100000000)
  region size 1024K, 11 young (11264K), 3 survivors (3072K)
 Metaspace       used 44829K, committed 45376K, reserved 1114112K
  class space    used 5971K, committed 6208K, reserved 1048576K

Heap Regions: E=young(eden), S=young(survivor), O=old, HS=humongous(starts), HC=humongous(continues), CS=collection set, F=free, TAMS=top-at-mark-start, PB=parsable bottom
|   0|0x0000000081a00000, 0x0000000081b00000, 0x0000000081b00000|100%|HS|  |TAMS 0x0000000081a00000| PB 0x0000000081a00000| Complete 
|   1|0x0000000081b00000, 0x0000000081c00000, 0x0000000081c00000|100%| O|  |TAMS 0x0000000081b00000| PB 0x0000000081b00000| Untracked 
|   2|0x0000000081c00000, 0x0000000081d00000, 0x0000000081d00000|100%| O|  |TAMS 0x0000000081c00000| PB 0x0000000081c00000| Untracked 
|   3|0x0000000081d00000, 0x0000000081e00000, 0x0000000081e00000|100%| O|  |TAMS 0x0000000081d00000| PB 0x0000000081d00000| Untracked 
|   4|0x0000000081e00000, 0x0000000081f00000, 0x0000000081f00000|100%| O|  |TAMS 0x0000000081e00000| PB 0x0000000081e00000| Untracked 
|   5|0x0000000081f00000, 0x0000000082000000, 0x0000000082000000|100%| O|  |TAMS 0x0000000081f00000| PB 0x0000000081f00000| Untracked 
|   6|0x0000000082000000, 0x0000000082100000, 0x0000000082100000|100%| O|  |TAMS 0x0000000082000000| PB 0x0000000082000000| Untracked 
|   7|0x0000000082100000, 0x0000000082200000, 0x0000000082200000|100%| O|  |TAMS 0x0000000082100000| PB 0x0000000082100000| Untracked 
|   8|0x0000000082200000, 0x0000000082300000, 0x0000000082300000|100%| O|  |TAMS 0x0000000082200000| PB 0x0000000082200000| Untracked 
|   9|0x0000000082300000, 0x0000000082400000, 0x0000000082400000|100%| O|  |TAMS 0x0000000082300000| PB 0x0000000082300000| Untracked 
|  10|0x0000000082400000, 0x0000000082500000, 0x0000000082500000|100%| O|  |TAMS 0x0000000082400000| PB 0x0000000082400000| Untracked 
|  11|0x0000000082500000, 0x0000000082600000, 0x0000000082600000|100%| O|  |TAMS 0x0000000082500000| PB 0x0000000082500000| Untracked 
|  12|0x0000000082600000, 0x0000000082700000, 0x0000000082700000|100%| O|  |TAMS 0x0000000082600000| PB 0x0000000082600000| Untracked 
|  13|0x0000000082700000, 0x0000000082800000, 0x0000000082800000|100%| O|  |TAMS 0x0000000082700000| PB 0x0000000082700000| Untracked 
|  14|0x0000000082800000, 0x0000000082900000, 0x0000000082900000|100%| O|  |TAMS 0x0000000082800000| PB 0x0000000082800000| Untracked 
|  15|0x0000000082900000, 0x0000000082a00000, 0x0000000082a00000|100%| O|  |TAMS 0x0000000082900000| PB 0x0000000082900000| Untracked 
|  16|0x0000000082a00000, 0x0000000082b00000, 0x0000000082b00000|100%| O|  |TAMS 0x0000000082a00000| PB 0x0000000082a00000| Untracked 
|  17|0x0000000082b00000, 0x0000000082c00000, 0x0000000082c00000|100%| O|Cm|TAMS 0x0000000082b00000| PB 0x0000000082b00000| Complete 
|  18|0x0000000082c00000, 0x0000000082d00000, 0x0000000082d00000|100%| O|  |TAMS 0x0000000082c00000| PB 0x0000000082c00000| Untracked 
|  19|0x0000000082d00000, 0x0000000082e00000, 0x0000000082e00000|100%| O|  |TAMS 0x0000000082d00000| PB 0x0000000082d00000| Untracked 
|  20|0x0000000082e00000, 0x0000000082ef2640, 0x0000000082f00000| 94%| O|  |TAMS 0x0000000082e00000| PB 0x0000000082e00000| Untracked 
|  21|0x0000000082f00000, 0x0000000082f00000, 0x0000000083000000|  0%| F|  |TAMS 0x0000000082f00000| PB 0x0000000082f00000| Untracked 
|  22|0x0000000083000000, 0x0000000083000000, 0x0000000083100000|  0%| F|  |TAMS 0x0000000083000000| PB 0x0000000083000000| Untracked 
|  23|0x0000000083100000, 0x0000000083100000, 0x0000000083200000|  0%| F|  |TAMS 0x0000000083100000| PB 0x0000000083100000| Untracked 
|  24|0x0000000083200000, 0x0000000083200000, 0x0000000083300000|  0%| F|  |TAMS 0x0000000083200000| PB 0x0000000083200000| Untracked 
|  25|0x0000000083300000, 0x0000000083300000, 0x0000000083400000|  0%| F|  |TAMS 0x0000000083300000| PB 0x0000000083300000| Untracked 
|  26|0x0000000083400000, 0x00000000834e7288, 0x0000000083500000| 90%| S|CS|TAMS 0x0000000083400000| PB 0x0000000083400000| Complete 
|  27|0x0000000083500000, 0x0000000083600000, 0x0000000083600000|100%| S|CS|TAMS 0x0000000083500000| PB 0x0000000083500000| Complete 
|  28|0x0000000083600000, 0x0000000083700000, 0x0000000083700000|100%| S|CS|TAMS 0x0000000083600000| PB 0x0000000083600000| Complete 
|  29|0x0000000083700000, 0x0000000083700000, 0x0000000083800000|  0%| F|  |TAMS 0x0000000083700000| PB 0x0000000083700000| Untracked 
|  30|0x0000000083800000, 0x0000000083800000, 0x0000000083900000|  0%| F|  |TAMS 0x0000000083800000| PB 0x0000000083800000| Untracked 
|  31|0x0000000083900000, 0x0000000083900000, 0x0000000083a00000|  0%| F|  |TAMS 0x0000000083900000| PB 0x0000000083900000| Untracked 
|  32|0x0000000083a00000, 0x0000000083a00000, 0x0000000083b00000|  0%| F|  |TAMS 0x0000000083a00000| PB 0x0000000083a00000| Untracked 
|  33|0x0000000083b00000, 0x0000000083b00000, 0x0000000083c00000|  0%| F|  |TAMS 0x0000000083b00000| PB 0x0000000083b00000| Untracked 
|  34|0x0000000083c00000, 0x0000000083c00000, 0x0000000083d00000|  0%| F|  |TAMS 0x0000000083c00000| PB 0x0000000083c00000| Untracked 
|  35|0x0000000083d00000, 0x0000000083d00000, 0x0000000083e00000|  0%| F|  |TAMS 0x0000000083d00000| PB 0x0000000083d00000| Untracked 
|  36|0x0000000083e00000, 0x0000000083e00000, 0x0000000083f00000|  0%| F|  |TAMS 0x0000000083e00000| PB 0x0000000083e00000| Untracked 
|  37|0x0000000083f00000, 0x0000000083f00000, 0x0000000084000000|  0%| F|  |TAMS 0x0000000083f00000| PB 0x0000000083f00000| Untracked 
|  38|0x0000000084000000, 0x0000000084000000, 0x0000000084100000|  0%| F|  |TAMS 0x0000000084000000| PB 0x0000000084000000| Untracked 
|  39|0x0000000084100000, 0x0000000084100000, 0x0000000084200000|  0%| F|  |TAMS 0x0000000084100000| PB 0x0000000084100000| Untracked 
|  40|0x0000000084200000, 0x0000000084200000, 0x0000000084300000|  0%| F|  |TAMS 0x0000000084200000| PB 0x0000000084200000| Untracked 
|  41|0x0000000084300000, 0x0000000084300000, 0x0000000084400000|  0%| F|  |TAMS 0x0000000084300000| PB 0x0000000084300000| Untracked 
|  42|0x0000000084400000, 0x0000000084400000, 0x0000000084500000|  0%| F|  |TAMS 0x0000000084400000| PB 0x0000000084400000| Untracked 
|  43|0x0000000084500000, 0x0000000084500000, 0x0000000084600000|  0%| F|  |TAMS 0x0000000084500000| PB 0x0000000084500000| Untracked 
|  44|0x0000000084600000, 0x0000000084600000, 0x0000000084700000|  0%| F|  |TAMS 0x0000000084600000| PB 0x0000000084600000| Untracked 
|  45|0x0000000084700000, 0x0000000084700000, 0x0000000084800000|  0%| F|  |TAMS 0x0000000084700000| PB 0x0000000084700000| Untracked 
|  46|0x0000000084800000, 0x0000000084800000, 0x0000000084900000|  0%| F|  |TAMS 0x0000000084800000| PB 0x0000000084800000| Untracked 
|  47|0x0000000084900000, 0x0000000084900000, 0x0000000084a00000|  0%| F|  |TAMS 0x0000000084900000| PB 0x0000000084900000| Untracked 
|  80|0x0000000086a00000, 0x0000000086a00000, 0x0000000086b00000|  0%| F|  |TAMS 0x0000000086a00000| PB 0x0000000086a00000| Untracked 
|  81|0x0000000086b00000, 0x0000000086ba2010, 0x0000000086c00000| 63%| E|  |TAMS 0x0000000086b00000| PB 0x0000000086b00000| Complete 
|  82|0x0000000086c00000, 0x0000000086d00000, 0x0000000086d00000|100%| E|CS|TAMS 0x0000000086c00000| PB 0x0000000086c00000| Complete 
|  83|0x0000000086d00000, 0x0000000086e00000, 0x0000000086e00000|100%| E|  |TAMS 0x0000000086d00000| PB 0x0000000086d00000| Complete 
|  84|0x0000000086e00000, 0x0000000086f00000, 0x0000000086f00000|100%| E|CS|TAMS 0x0000000086e00000| PB 0x0000000086e00000| Complete 
|  85|0x0000000086f00000, 0x0000000087000000, 0x0000000087000000|100%| E|CS|TAMS 0x0000000086f00000| PB 0x0000000086f00000| Complete 
|  86|0x0000000087000000, 0x0000000087100000, 0x0000000087100000|100%| E|CS|TAMS 0x0000000087000000| PB 0x0000000087000000| Complete 
| 126|0x0000000089800000, 0x0000000089900000, 0x0000000089900000|100%| E|CS|TAMS 0x0000000089800000| PB 0x0000000089800000| Complete 
| 127|0x0000000089900000, 0x0000000089a00000, 0x0000000089a00000|100%| E|CS|TAMS 0x0000000089900000| PB 0x0000000089900000| Complete 

Card table byte_map: [0x000001f230490000,0x000001f230890000] _byte_map_base: 0x000001f230083000

Marking Bits: (CMBitMap*) 0x000001f218667e00
 Bits: [0x000001f230890000, 0x000001f232828000)

Polling page: 0x000001f2186a0000

Metaspace:

Usage:
  Non-class:     37.95 MB used.
      Class:      5.83 MB used.
       Both:     43.78 MB used.

Virtual space:
  Non-class space:       64.00 MB reserved,      38.25 MB ( 60%) committed,  1 nodes.
      Class space:        1.00 GB reserved,       6.06 MB ( <1%) committed,  1 nodes.
             Both:        1.06 GB reserved,      44.31 MB (  4%) committed. 

Chunk freelists:
   Non-Class:  9.59 MB
       Class:  9.86 MB
        Both:  19.45 MB

MaxMetaspaceSize: unlimited
CompressedClassSpaceSize: 1.00 GB
Initial GC threshold: 21.00 MB
Current GC threshold: 59.19 MB
CDS: on
 - commit_granule_bytes: 65536.
 - commit_granule_words: 8192.
 - virtual_space_node_default_size: 8388608.
 - enlarge_chunks_in_place: 1.
 - use_allocation_guard: 0.


Internal statistics:

num_allocs_failed_limit: 6.
num_arena_births: 668.
num_arena_deaths: 0.
num_vsnodes_births: 2.
num_vsnodes_deaths: 0.
num_space_committed: 709.
num_space_uncommitted: 0.
num_chunks_returned_to_freelist: 6.
num_chunks_taken_from_freelist: 2315.
num_chunk_merges: 6.
num_chunk_splits: 1615.
num_chunks_enlarged: 1197.
num_inconsistent_stats: 0.

CodeHeap 'non-profiled nmethods': size=120000Kb used=1839Kb max_used=1839Kb free=118160Kb
 bounds [0x000001f228540000, 0x000001f2287b0000, 0x000001f22fa70000]
CodeHeap 'profiled nmethods': size=120000Kb used=8956Kb max_used=8981Kb free=111043Kb
 bounds [0x000001f220a70000, 0x000001f221340000, 0x000001f227fa0000]
CodeHeap 'non-nmethods': size=5760Kb used=1552Kb max_used=1574Kb free=4207Kb
 bounds [0x000001f227fa0000, 0x000001f228210000, 0x000001f228540000]
 total_blobs=5122 nmethods=4504 adapters=521
 compilation: enabled
              stopped_count=0, restarted_count=0
 full_count=0

Compilation events (20 events):
Event: 9.293 Thread 0x000001f234ebe270 4776       2       java.util.ArrayList::spliterator (12 bytes)
Event: 9.293 Thread 0x000001f234ebe270 nmethod 4776 0x000001f220d93f90 code [0x000001f220d94140, 0x000001f220d94300]
Event: 9.294 Thread 0x000001f234ebe270 4777       2       java.util.ArrayList$ArrayListSpliterator::<init> (26 bytes)
Event: 9.294 Thread 0x000001f234ebe270 nmethod 4777 0x000001f220b3d110 code [0x000001f220b3d2a0, 0x000001f220b3d400]
Event: 9.294 Thread 0x000001f234ebe270 4778       1       org.hibernate.mapping.Property::getPersistentClass (5 bytes)
Event: 9.294 Thread 0x000001f234ebe270 nmethod 4778 0x000001f228706710 code [0x000001f2287068a0, 0x000001f228706968]
Event: 9.296 Thread 0x000001f234ebe270 4779       2       sun.security.provider.MD5::FF (27 bytes)
Event: 9.296 Thread 0x000001f234ebe270 nmethod 4779 0x000001f220b3cd90 code [0x000001f220b3cf20, 0x000001f220b3d040]
Event: 9.297 Thread 0x000001f234ebe270 4780       2       sun.security.provider.MD5::GG (27 bytes)
Event: 9.297 Thread 0x000001f234ebe270 nmethod 4780 0x000001f220b3ca10 code [0x000001f220b3cba0, 0x000001f220b3ccb8]
Event: 9.297 Thread 0x000001f234ebe270 4781       2       sun.security.provider.MD5::HH (23 bytes)
Event: 9.297 Thread 0x000001f234ebe270 nmethod 4781 0x000001f220b3c690 code [0x000001f220b3c820, 0x000001f220b3c938]
Event: 9.298 Thread 0x000001f234ebe270 4783       2       sun.security.provider.MD5::II (25 bytes)
Event: 9.298 Thread 0x000001f234ebe270 nmethod 4783 0x000001f220b3c310 code [0x000001f220b3c4a0, 0x000001f220b3c5b8]
Event: 9.302 Thread 0x000001f234ebe270 4785       2       java.util.Arrays::copyOfRange (25 bytes)
Event: 9.303 Thread 0x000001f234ebe270 nmethod 4785 0x000001f220b3b890 code [0x000001f220b3bac0, 0x000001f220b3c050]
Event: 9.303 Thread 0x000001f234ebe270 4787       2       java.math.BigInteger::bitLengthForInt (8 bytes)
Event: 9.303 Thread 0x000001f234ebe270 nmethod 4787 0x000001f220b3b510 code [0x000001f220b3b6c0, 0x000001f220b3b7c8]
Event: 9.303 Thread 0x000001f234ebe270 4786       2       org.hibernate.boot.model.naming.ImplicitNamingStrategyJpaCompliantImpl::toIdentifier (26 bytes)
Event: 9.304 Thread 0x000001f234ebe270 nmethod 4786 0x000001f220b3aa90 code [0x000001f220b3aca0, 0x000001f220b3b170]

GC Heap History (18 events):
Event: 1.011 GC heap before
{Heap before GC invocations=0 (full 0):
 garbage-first heap   total 131072K, used 13312K [0x0000000081a00000, 0x0000000100000000)
  region size 1024K, 13 young (13312K), 0 survivors (0K)
 Metaspace       used 2619K, committed 2816K, reserved 1114112K
  class space    used 245K, committed 320K, reserved 1048576K
}
Event: 1.017 GC heap after
{Heap after GC invocations=1 (full 0):
 garbage-first heap   total 131072K, used 7442K [0x0000000081a00000, 0x0000000100000000)
  region size 1024K, 2 young (2048K), 2 survivors (2048K)
 Metaspace       used 2619K, committed 2816K, reserved 1114112K
  class space    used 245K, committed 320K, reserved 1048576K
}
Event: 1.571 GC heap before
{Heap before GC invocations=1 (full 0):
 garbage-first heap   total 131072K, used 17682K [0x0000000081a00000, 0x0000000100000000)
  region size 1024K, 12 young (12288K), 2 survivors (2048K)
 Metaspace       used 5145K, committed 5376K, reserved 1114112K
  class space    used 603K, committed 704K, reserved 1048576K
}
Event: 1.576 GC heap after
{Heap after GC invocations=2 (full 0):
 garbage-first heap   total 131072K, used 8922K [0x0000000081a00000, 0x0000000100000000)
  region size 1024K, 2 young (2048K), 2 survivors (2048K)
 Metaspace       used 5145K, committed 5376K, reserved 1114112K
  class space    used 603K, committed 704K, reserved 1048576K
}
Event: 3.099 GC heap before
{Heap before GC invocations=2 (full 0):
 garbage-first heap   total 131072K, used 39642K [0x0000000081a00000, 0x0000000100000000)
  region size 1024K, 33 young (33792K), 2 survivors (2048K)
 Metaspace       used 13186K, committed 13504K, reserved 1114112K
  class space    used 1703K, committed 1856K, reserved 1048576K
}
Event: 3.107 GC heap after
{Heap after GC invocations=3 (full 0):
 garbage-first heap   total 131072K, used 11322K [0x0000000081a00000, 0x0000000100000000)
  region size 1024K, 4 young (4096K), 4 survivors (4096K)
 Metaspace       used 13186K, committed 13504K, reserved 1114112K
  class space    used 1703K, committed 1856K, reserved 1048576K
}
Event: 3.993 GC heap before
{Heap before GC invocations=3 (full 0):
 garbage-first heap   total 131072K, used 48186K [0x0000000081a00000, 0x0000000100000000)
  region size 1024K, 41 young (41984K), 4 survivors (4096K)
 Metaspace       used 21196K, committed 21504K, reserved 1114112K
  class space    used 2701K, committed 2880K, reserved 1048576K
}
Event: 4.004 GC heap after
{Heap after GC invocations=4 (full 0):
 garbage-first heap   total 131072K, used 14733K [0x0000000081a00000, 0x0000000100000000)
  region size 1024K, 7 young (7168K), 7 survivors (7168K)
 Metaspace       used 21196K, committed 21504K, reserved 1114112K
  class space    used 2701K, committed 2880K, reserved 1048576K
}
Event: 4.902 GC heap before
{Heap before GC invocations=5 (full 0):
 garbage-first heap   total 58368K, used 42381K [0x0000000081a00000, 0x0000000100000000)
  region size 1024K, 34 young (34816K), 7 survivors (7168K)
 Metaspace       used 24013K, committed 24384K, reserved 1114112K
  class space    used 3050K, committed 3200K, reserved 1048576K
}
Event: 4.917 GC heap after
{Heap after GC invocations=6 (full 0):
 garbage-first heap   total 58368K, used 17462K [0x0000000081a00000, 0x0000000100000000)
  region size 1024K, 3 young (3072K), 3 survivors (3072K)
 Metaspace       used 24013K, committed 24384K, reserved 1114112K
  class space    used 3050K, committed 3200K, reserved 1048576K
}
Event: 6.068 GC heap before
{Heap before GC invocations=6 (full 0):
 garbage-first heap   total 58368K, used 45110K [0x0000000081a00000, 0x0000000100000000)
  region size 1024K, 30 young (30720K), 3 survivors (3072K)
 Metaspace       used 27968K, committed 28416K, reserved 1114112K
  class space    used 3571K, committed 3776K, reserved 1048576K
}
Event: 6.083 GC heap after
{Heap after GC invocations=7 (full 0):
 garbage-first heap   total 58368K, used 19235K [0x0000000081a00000, 0x0000000100000000)
  region size 1024K, 3 young (3072K), 3 survivors (3072K)
 Metaspace       used 27968K, committed 28416K, reserved 1114112K
  class space    used 3571K, committed 3776K, reserved 1048576K
}
Event: 7.246 GC heap before
{Heap before GC invocations=7 (full 0):
 garbage-first heap   total 58368K, used 44835K [0x0000000081a00000, 0x0000000100000000)
  region size 1024K, 29 young (29696K), 3 survivors (3072K)
 Metaspace       used 32904K, committed 33344K, reserved 1114112K
  class space    used 4276K, committed 4480K, reserved 1048576K
}
Event: 7.257 GC heap after
{Heap after GC invocations=8 (full 0):
 garbage-first heap   total 58368K, used 21281K [0x0000000081a00000, 0x0000000100000000)
  region size 1024K, 4 young (4096K), 4 survivors (4096K)
 Metaspace       used 32904K, committed 33344K, reserved 1114112K
  class space    used 4276K, committed 4480K, reserved 1048576K
}
Event: 7.768 GC heap before
{Heap before GC invocations=8 (full 0):
 garbage-first heap   total 58368K, used 31521K [0x0000000081a00000, 0x0000000100000000)
  region size 1024K, 15 young (15360K), 4 survivors (4096K)
 Metaspace       used 35683K, committed 36096K, reserved 1114112K
  class space    used 4746K, committed 4928K, reserved 1048576K
}
Event: 7.780 GC heap after
{Heap after GC invocations=9 (full 0):
 garbage-first heap   total 58368K, used 22151K [0x0000000081a00000, 0x0000000100000000)
  region size 1024K, 1 young (1024K), 1 survivors (1024K)
 Metaspace       used 35683K, committed 36096K, reserved 1114112K
  class space    used 4746K, committed 4928K, reserved 1048576K
}
Event: 9.214 GC heap before
{Heap before GC invocations=10 (full 0):
 garbage-first heap   total 58368K, used 49799K [0x0000000081a00000, 0x0000000100000000)
  region size 1024K, 28 young (28672K), 1 survivors (1024K)
 Metaspace       used 43310K, committed 43840K, reserved 1114112K
  class space    used 5801K, committed 6016K, reserved 1048576K
}
Event: 9.222 GC heap after
{Heap after GC invocations=11 (full 0):
 garbage-first heap   total 58368K, used 24422K [0x0000000081a00000, 0x0000000100000000)
  region size 1024K, 3 young (3072K), 3 survivors (3072K)
 Metaspace       used 43310K, committed 43840K, reserved 1114112K
  class space    used 5801K, committed 6016K, reserved 1048576K
}

Dll operation events (14 events):
Event: 0.018 Loaded shared library C:\Program Files\Java\jdk-21\bin\java.dll
Event: 0.064 Loaded shared library C:\Program Files\Java\jdk-21\bin\jsvml.dll
Event: 0.365 Loaded shared library C:\Program Files\Java\jdk-21\bin\zip.dll
Event: 0.370 Loaded shared library C:\Program Files\Java\jdk-21\bin\instrument.dll
Event: 0.377 Loaded shared library C:\Program Files\Java\jdk-21\bin\net.dll
Event: 0.380 Loaded shared library C:\Program Files\Java\jdk-21\bin\nio.dll
Event: 0.385 Loaded shared library C:\Program Files\Java\jdk-21\bin\zip.dll
Event: 0.410 Loaded shared library C:\Users\DELL\Desktop\IntelliJ IDEA 2024.2\bin\breakgen64.dll
Event: 0.486 Loaded shared library C:\Program Files\Java\jdk-21\bin\extnet.dll
Event: 0.739 Loaded shared library C:\Program Files\Java\jdk-21\bin\jimage.dll
Event: 0.996 Loaded shared library C:\Program Files\Java\jdk-21\bin\verify.dll
Event: 4.029 Loaded shared library C:\Program Files\Java\jdk-21\bin\sunmscapi.dll
Event: 8.149 Loaded shared library C:\Program Files\Java\jdk-21\bin\management.dll
Event: 8.153 Loaded shared library C:\Program Files\Java\jdk-21\bin\management_ext.dll

Deoptimization events (20 events):
Event: 9.134 Thread 0x000001f2186115a0 Uncommon trap: trap_request=0xffffff45 fr.pc=0x000001f22867b200 relative=0x00000000000008e0
Event: 9.134 Thread 0x000001f2186115a0 Uncommon trap: reason=unstable_if action=reinterpret pc=0x000001f22867b200 method=java.util.HashMap.putVal(ILjava/lang/Object;Ljava/lang/Object;ZZ)Ljava/lang/Object; @ 206 c2
Event: 9.134 Thread 0x000001f2186115a0 DEOPT PACKING pc=0x000001f22867b200 sp=0x000000e4ab4fb7b0
Event: 9.134 Thread 0x000001f2186115a0 DEOPT UNPACKING pc=0x000001f227ff46a2 sp=0x000000e4ab4fb6d8 mode 2
Event: 9.138 Thread 0x000001f2186115a0 Uncommon trap: trap_request=0xffffff45 fr.pc=0x000001f2285cbda8 relative=0x0000000000000248
Event: 9.138 Thread 0x000001f2186115a0 Uncommon trap: reason=unstable_if action=reinterpret pc=0x000001f2285cbda8 method=java.util.HashMap.getNode(Ljava/lang/Object;)Ljava/util/HashMap$Node; @ 131 c2
Event: 9.138 Thread 0x000001f2186115a0 DEOPT PACKING pc=0x000001f2285cbda8 sp=0x000000e4ab4fb780
Event: 9.138 Thread 0x000001f2186115a0 DEOPT UNPACKING pc=0x000001f227ff46a2 sp=0x000000e4ab4fb700 mode 2
Event: 9.273 Thread 0x000001f2186115a0 Uncommon trap: trap_request=0xffffffc6 fr.pc=0x000001f2285d8088 relative=0x0000000000000948
Event: 9.273 Thread 0x000001f2186115a0 Uncommon trap: reason=bimorphic_or_optimized_type_check action=maybe_recompile pc=0x000001f2285d8088 method=sun.security.provider.DigestBase.engineUpdate([BII)V @ 115 c2
Event: 9.273 Thread 0x000001f2186115a0 DEOPT PACKING pc=0x000001f2285d8088 sp=0x000000e4ab4fb2c0
Event: 9.273 Thread 0x000001f2186115a0 DEOPT UNPACKING pc=0x000001f227ff46a2 sp=0x000000e4ab4fb2a8 mode 2
Event: 9.285 Thread 0x000001f2186115a0 Uncommon trap: trap_request=0xffffffc6 fr.pc=0x000001f2285d8088 relative=0x0000000000000948
Event: 9.285 Thread 0x000001f2186115a0 Uncommon trap: reason=bimorphic_or_optimized_type_check action=maybe_recompile pc=0x000001f2285d8088 method=sun.security.provider.DigestBase.engineUpdate([BII)V @ 115 c2
Event: 9.285 Thread 0x000001f2186115a0 DEOPT PACKING pc=0x000001f2285d8088 sp=0x000000e4ab4fb2c0
Event: 9.285 Thread 0x000001f2186115a0 DEOPT UNPACKING pc=0x000001f227ff46a2 sp=0x000000e4ab4fb2a8 mode 2
Event: 9.296 Thread 0x000001f2186115a0 Uncommon trap: trap_request=0xffffff76 fr.pc=0x000001f2285d800c relative=0x00000000000008cc
Event: 9.296 Thread 0x000001f2186115a0 Uncommon trap: reason=predicate action=maybe_recompile pc=0x000001f2285d800c method=sun.security.provider.DigestBase.implCompressMultiBlock0([BII)I @ 2 c2
Event: 9.296 Thread 0x000001f2186115a0 DEOPT PACKING pc=0x000001f2285d800c sp=0x000000e4ab4fb890
Event: 9.296 Thread 0x000001f2186115a0 DEOPT UNPACKING pc=0x000001f227ff46a2 sp=0x000000e4ab4fb770 mode 2

Classes loaded (20 events):
Event: 8.590 Loading class java/util/regex/Pattern$1MatcherIterator
Event: 8.590 Loading class java/util/regex/Pattern$1MatcherIterator done
Event: 8.634 Loading class jdk/internal/reflect/MethodHandleIntegerFieldAccessorImpl
Event: 8.634 Loading class jdk/internal/reflect/MethodHandleIntegerFieldAccessorImpl done
Event: 8.773 Loading class jdk/internal/event/ThreadSleepEvent
Event: 8.774 Loading class jdk/internal/event/ThreadSleepEvent done
Event: 9.001 Loading class jdk/internal/ValueBased
Event: 9.001 Loading class jdk/internal/ValueBased done
Event: 9.058 Loading class sun/reflect/generics/repository/FieldRepository
Event: 9.058 Loading class sun/reflect/generics/repository/FieldRepository done
Event: 9.092 Loading class sun/security/provider/MD5
Event: 9.093 Loading class sun/security/provider/MD5 done
Event: 9.093 Loading class sun/security/provider/ByteArrayAccess$LE
Event: 9.093 Loading class sun/security/provider/ByteArrayAccess$LE done
Event: 9.093 Loading class java/math/MutableBigInteger
Event: 9.095 Loading class java/math/MutableBigInteger done
Event: 9.290 Loading class java/util/stream/ReduceOps$1
Event: 9.290 Loading class java/util/stream/ReduceOps$1 done
Event: 9.290 Loading class java/util/stream/ReduceOps$1ReducingSink
Event: 9.290 Loading class java/util/stream/ReduceOps$1ReducingSink done

Classes unloaded (0 events):
No events

Classes redefined (0 events):
No events

Internal exceptions (20 events):
Event: 6.294 Thread 0x000001f2186115a0 Exception <a 'java/lang/NoSuchMethodError'{0x0000000086ef1b58}: 'void java.lang.invoke.DirectMethodHandle$Holder.invokeVirtual(java.lang.Object, java.lang.Object, int)'> (0x0000000086ef1b58) 
thrown [s\open\src\hotspot\share\interpreter\linkResolver.cpp, line 773]
Event: 6.295 Thread 0x000001f2186115a0 Exception <a 'java/lang/NoSuchMethodError'{0x0000000086ef6260}: 'int java.lang.invoke.DirectMethodHandle$Holder.invokeSpecial(java.lang.Object, java.lang.Object, java.lang.Object, int)'> (0x0000000086ef6260) 
thrown [s\open\src\hotspot\share\interpreter\linkResolver.cpp, line 773]
Event: 6.296 Thread 0x000001f2186115a0 Exception <a 'java/lang/NoSuchMethodError'{0x0000000086d08e78}: 'java.lang.Object java.lang.invoke.DirectMethodHandle$Holder.invokeStatic(java.lang.Object, java.lang.Object, java.lang.Object, java.lang.Object, int)'> (0x0000000086d08e78) 
thrown [s\open\src\hotspot\share\interpreter\linkResolver.cpp, line 773]
Event: 6.298 Thread 0x000001f2186115a0 Exception <a 'java/lang/NoSuchMethodError'{0x0000000086d135f0}: 'void java.lang.invoke.DelegatingMethodHandle$Holder.reinvoke_L(java.lang.Object, java.lang.Object, int)'> (0x0000000086d135f0) 
thrown [s\open\src\hotspot\share\interpreter\linkResolver.cpp, line 773]
Event: 6.478 Thread 0x000001f2186115a0 Exception <a 'java/lang/NoSuchMethodError'{0x0000000084917e68}: 'java.lang.reflect.Field[] java.lang.Class.getDeclaredFields(java.lang.Class)'> (0x0000000084917e68) 
thrown [s\open\src\hotspot\share\interpreter\linkResolver.cpp, line 773]
Event: 6.607 Thread 0x000001f2186115a0 Exception <a 'java/lang/NoSuchMethodError'{0x0000000084555620}: 'java.lang.Object java.lang.invoke.DirectMethodHandle$Holder.newInvokeSpecial(java.lang.Object, java.lang.Object, java.lang.Object, java.lang.Object, java.lang.Object, java.lang.Object, java.lang.Object, java.lang.Object, java.lang.Object, java.lang.Object, java.lang.Object)'> (0x0000000084555620) 
thrown [s\open\src\hotspot\share\interpreter\linkResolver.cpp, line 773]
Event: 6.669 Thread 0x000001f2186115a0 Exception <a 'java/lang/NoSuchMethodError'{0x0000000084483318}: 'java.lang.Object java.lang.invoke.DirectMethodHandle$Holder.invokeVirtual(java.lang.Object, java.lang.Object, java.lang.Object, java.lang.Object, java.lang.Object)'> (0x0000000084483318) 
thrown [s\open\src\hotspot\share\interpreter\linkResolver.cpp, line 773]
Event: 6.802 Thread 0x000001f2186115a0 Exception <a 'java/lang/NoSuchMethodError'{0x00000000841c2a08}: 'void java.lang.invoke.DelegatingMethodHandle$Holder.reinvoke_L(java.lang.Object, java.lang.Object, java.lang.Object, java.lang.Object, int, java.lang.Object, java.lang.Object, java.lang.Object)'> (0x00000000841c2a08) 
thrown [s\open\src\hotspot\share\interpreter\linkResolver.cpp, line 773]
Event: 7.181 Thread 0x000001f2186115a0 Exception <a 'java/lang/NoSuchMethodError'{0x0000000083a93c98}: 'java.lang.Object java.lang.invoke.DirectMethodHandle$Holder.invokeStaticInit(java.lang.Object, int, int, int, int)'> (0x0000000083a93c98) 
thrown [s\open\src\hotspot\share\interpreter\linkResolver.cpp, line 773]
Event: 7.216 Thread 0x000001f2186115a0 Exception <a 'java/lang/NoSuchMethodError'{0x000000008395ca20}: 'java.lang.Object java.lang.invoke.DirectMethodHandle$Holder.invokeStaticInit(java.lang.Object, java.lang.Object, int, int, int, int)'> (0x000000008395ca20) 
thrown [s\open\src\hotspot\share\interpreter\linkResolver.cpp, line 773]
Event: 8.055 Thread 0x000001f2186115a0 Exception <a 'java/lang/NoSuchMethodError'{0x0000000086defe00}: 'int java.lang.invoke.DirectMethodHandle$Holder.invokeStatic(java.lang.Object)'> (0x0000000086defe00) 
thrown [s\open\src\hotspot\share\interpreter\linkResolver.cpp, line 773]
Event: 8.085 Thread 0x000001f2186115a0 Exception <a 'java/lang/NoSuchMethodError'{0x0000000086cb47d8}: method resolution failed> (0x0000000086cb47d8) 
thrown [s\open\src\hotspot\share\prims\methodHandles.cpp, line 1144]
Event: 8.096 Thread 0x000001f2186115a0 Exception <a 'java/lang/NoSuchMethodError'{0x0000000086b02dd8}: 'int java.lang.invoke.DirectMethodHandle$Holder.invokeStaticInit(java.lang.Object, java.lang.Object, java.lang.Object, java.lang.Object)'> (0x0000000086b02dd8) 
thrown [s\open\src\hotspot\share\interpreter\linkResolver.cpp, line 773]
Event: 8.299 Thread 0x000001f2186115a0 Exception <a 'sun/nio/fs/WindowsException'{0x0000000086afe6e0}> (0x0000000086afe6e0) 
thrown [s\open\src\hotspot\share\prims\jni.cpp, line 520]
Event: 8.449 Thread 0x000001f2186115a0 Implicit null exception at 0x000001f228550307 to 0x000001f228550bcc
Event: 8.624 Thread 0x000001f2186115a0 Exception <a 'java/lang/NoSuchMethodError'{0x000000008432c3c0}: 'java.lang.Object java.lang.invoke.DirectMethodHandle$Holder.invokeStaticInit(java.lang.Object, java.lang.Object, java.lang.Object, java.lang.Object)'> (0x000000008432c3c0) 
thrown [s\open\src\hotspot\share\interpreter\linkResolver.cpp, line 773]
Event: 8.634 Thread 0x000001f2186115a0 Exception <a 'java/lang/NoSuchMethodError'{0x00000000843b6cd8}: 'int java.lang.invoke.Invokers$Holder.invokeExact_MT(java.lang.Object, java.lang.Object)'> (0x00000000843b6cd8) 
thrown [s\open\src\hotspot\share\interpreter\linkResolver.cpp, line 773]
Event: 8.928 Thread 0x000001f2186115a0 Exception <a 'java/lang/NoSuchMethodError'{0x0000000083d2c420}: 'java.lang.Object java.lang.invoke.DirectMethodHandle$Holder.newInvokeSpecial(java.lang.Object, java.lang.Object, java.lang.Object, int)'> (0x0000000083d2c420) 
thrown [s\open\src\hotspot\share\interpreter\linkResolver.cpp, line 773]
Event: 8.928 Thread 0x000001f2186115a0 Exception <a 'java/lang/NoSuchMethodError'{0x0000000083d30a20}: 'java.lang.Object java.lang.invoke.DirectMethodHandle$Holder.invokeSpecial(java.lang.Object, java.lang.Object, java.lang.Object, java.lang.Object, int)'> (0x0000000083d30a20) 
thrown [s\open\src\hotspot\share\interpreter\linkResolver.cpp, line 773]
Event: 8.929 Thread 0x000001f2186115a0 Exception <a 'java/lang/NoSuchMethodError'{0x0000000083d346b8}: 'java.lang.Object java.lang.invoke.Invokers$Holder.linkToTargetMethod(java.lang.Object, java.lang.Object, int, java.lang.Object)'> (0x0000000083d346b8) 
thrown [s\open\src\hotspot\share\interpreter\linkResolver.cpp, line 773]

ZGC Phase Switch (0 events):
No events

VM Operations (20 events):
Event: 7.768 Executing VM operation: CollectForMetadataAllocation (Metadata GC Threshold)
Event: 7.780 Executing VM operation: CollectForMetadataAllocation (Metadata GC Threshold) done
Event: 7.787 Executing VM operation: HandshakeAllThreads (Deoptimize)
Event: 7.787 Executing VM operation: HandshakeAllThreads (Deoptimize) done
Event: 7.824 Executing VM operation: G1PauseRemark
Event: 7.832 Executing VM operation: G1PauseRemark done
Event: 7.855 Executing VM operation: G1PauseCleanup
Event: 7.855 Executing VM operation: G1PauseCleanup done
Event: 8.070 Executing VM operation: HandshakeAllThreads (Deoptimize)
Event: 8.070 Executing VM operation: HandshakeAllThreads (Deoptimize) done
Event: 8.302 Executing VM operation: HandshakeAllThreads (Deoptimize)
Event: 8.302 Executing VM operation: HandshakeAllThreads (Deoptimize) done
Event: 8.309 Executing VM operation: HandshakeAllThreads (Deoptimize)
Event: 8.309 Executing VM operation: HandshakeAllThreads (Deoptimize) done
Event: 8.311 Executing VM operation: HandshakeAllThreads (Deoptimize)
Event: 8.311 Executing VM operation: HandshakeAllThreads (Deoptimize) done
Event: 9.181 Executing VM operation: ICBufferFull
Event: 9.181 Executing VM operation: ICBufferFull done
Event: 9.214 Executing VM operation: G1CollectForAllocation (G1 Evacuation Pause)
Event: 9.222 Executing VM operation: G1CollectForAllocation (G1 Evacuation Pause) done

Events (20 events):
Event: 7.831 Thread 0x000001f234e84ed0 flushing nmethod 0x000001f22859cd10
Event: 7.831 Thread 0x000001f234e84ed0 flushing nmethod 0x000001f22859a290
Event: 7.831 Thread 0x000001f234e84ed0 flushing nmethod 0x000001f228596710
Event: 7.831 Thread 0x000001f234e84ed0 flushing nmethod 0x000001f228591990
Event: 7.831 Thread 0x000001f234e84ed0 flushing nmethod 0x000001f22858f490
Event: 7.831 Thread 0x000001f234e84ed0 flushing nmethod 0x000001f22858c110
Event: 7.831 Thread 0x000001f234e84ed0 flushing nmethod 0x000001f228589c90
Event: 7.831 Thread 0x000001f234e84ed0 flushing nmethod 0x000001f22857b210
Event: 7.831 Thread 0x000001f234e84ed0 flushing nmethod 0x000001f228579b90
Event: 7.831 Thread 0x000001f234e84ed0 flushing nmethod 0x000001f228577f90
Event: 7.831 Thread 0x000001f234e84ed0 flushing nmethod 0x000001f228557190
Event: 7.831 Thread 0x000001f234e84ed0 flushing nmethod 0x000001f228560b90
Event: 7.831 Thread 0x000001f234e84ed0 flushing nmethod 0x000001f22855c510
Event: 7.831 Thread 0x000001f234e84ed0 flushing nmethod 0x000001f22855b690
Event: 7.831 Thread 0x000001f234e84ed0 flushing nmethod 0x000001f22854fc90
Event: 7.831 Thread 0x000001f234e84ed0 flushing nmethod 0x000001f22854d290
Event: 7.831 Thread 0x000001f234e84ed0 flushing nmethod 0x000001f228541490
Event: 8.507 Thread 0x000001f27a1efa20 Thread added: 0x000001f27a1efa20
Event: 8.525 Thread 0x000001f27a6dbad0 Thread added: 0x000001f27a6dbad0
Event: 8.638 Thread 0x000001f27ae6f430 Thread added: 0x000001f27ae6f430


Dynamic libraries:
0x00007ff6350c0000 - 0x00007ff6350d0000 	C:\Program Files\Java\jdk-21\bin\java.exe
0x00007ff85b230000 - 0x00007ff85b447000 	C:\Windows\SYSTEM32\ntdll.dll
0x00007ff859170000 - 0x00007ff859234000 	C:\Windows\System32\KERNEL32.DLL
0x00007ff8588b0000 - 0x00007ff858c5d000 	C:\Windows\System32\KERNELBASE.dll
0x00007ff858dd0000 - 0x00007ff858ee1000 	C:\Windows\System32\ucrtbase.dll
0x00007ff852460000 - 0x00007ff852479000 	C:\Program Files\Java\jdk-21\bin\jli.dll
0x00007ff85aa20000 - 0x00007ff85aad2000 	C:\Windows\System32\ADVAPI32.dll
0x00007ff85a090000 - 0x00007ff85a137000 	C:\Windows\System32\msvcrt.dll
0x00007ff859b10000 - 0x00007ff859bb9000 	C:\Windows\System32\sechost.dll
0x00007ff858610000 - 0x00007ff858638000 	C:\Windows\System32\bcrypt.dll
0x00007ff85a140000 - 0x00007ff85a254000 	C:\Windows\System32\RPCRT4.dll
0x00007ff85abc0000 - 0x00007ff85ad6e000 	C:\Windows\System32\USER32.dll
0x00007ff858640000 - 0x00007ff858666000 	C:\Windows\System32\win32u.dll
0x00007ff85a9f0000 - 0x00007ff85aa19000 	C:\Windows\System32\GDI32.dll
0x00007ff858670000 - 0x00007ff858789000 	C:\Windows\System32\gdi32full.dll
0x00007ff858790000 - 0x00007ff85882a000 	C:\Windows\System32\msvcp_win.dll
0x00007ff852570000 - 0x00007ff85258b000 	C:\Program Files\Java\jdk-21\bin\VCRUNTIME140.dll
0x00007ff842490000 - 0x00007ff842723000 	C:\Windows\WinSxS\amd64_microsoft.windows.common-controls_6595b64144ccf1df_6.0.22621.3672_none_2713b9d173822955\COMCTL32.dll
0x00007ff8580b0000 - 0x00007ff8580ba000 	C:\Windows\SYSTEM32\VERSION.dll
0x00007ff859260000 - 0x00007ff859291000 	C:\Windows\System32\IMM32.DLL
0x000000006d3d0000 - 0x000000006d3dc000 	C:\Program Files (x86)\360\Total Security\safemon\SafeWrapper.dll
0x00007ff849170000 - 0x00007ff84921c000 	C:\Program Files (x86)\360\Total Security\safemon\libzdtp64.dll
0x00007ff8592a0000 - 0x00007ff859b07000 	C:\Windows\System32\SHELL32.dll
0x00007ff85a990000 - 0x00007ff85a9ee000 	C:\Windows\System32\SHLWAPI.dll
0x00007ff854d80000 - 0x00007ff854d8c000 	C:\Program Files\Java\jdk-21\bin\vcruntime140_1.dll
0x00007ff8523d0000 - 0x00007ff85245e000 	C:\Program Files\Java\jdk-21\bin\msvcp140.dll
0x00007fffcdd00000 - 0x00007fffcea15000 	C:\Program Files\Java\jdk-21\bin\server\jvm.dll
0x00007ff85a260000 - 0x00007ff85a2d1000 	C:\Windows\System32\WS2_32.dll
0x00007ff858410000 - 0x00007ff85845d000 	C:\Windows\SYSTEM32\POWRPROF.dll
0x00007ff849020000 - 0x00007ff849054000 	C:\Windows\SYSTEM32\WINMM.dll
0x00007ff8582f0000 - 0x00007ff858303000 	C:\Windows\SYSTEM32\UMPDC.dll
0x00007ff8574d0000 - 0x00007ff8574e8000 	C:\Windows\SYSTEM32\kernel.appcore.dll
0x00007ff852560000 - 0x00007ff85256a000 	C:\Program Files\Java\jdk-21\bin\jimage.dll
0x00007ff855f80000 - 0x00007ff8561b2000 	C:\Windows\SYSTEM32\DBGHELP.DLL
0x00007ff85a600000 - 0x00007ff85a98d000 	C:\Windows\System32\combase.dll
0x00007ff858f90000 - 0x00007ff859067000 	C:\Windows\System32\OLEAUT32.dll
0x00007ff854d10000 - 0x00007ff854d42000 	C:\Windows\SYSTEM32\dbgcore.DLL
0x00007ff858830000 - 0x00007ff8588ab000 	C:\Windows\System32\bcryptPrimitives.dll
0x00007ff8523a0000 - 0x00007ff8523af000 	C:\Program Files\Java\jdk-21\bin\instrument.dll
0x00007ff8523b0000 - 0x00007ff8523cf000 	C:\Program Files\Java\jdk-21\bin\java.dll
0x00007ff8563e0000 - 0x00007ff856cde000 	C:\Windows\SYSTEM32\windows.storage.dll
0x00007ff8562a0000 - 0x00007ff8563df000 	C:\Windows\SYSTEM32\wintypes.dll
0x00007ff859ee0000 - 0x00007ff859fd9000 	C:\Windows\System32\SHCORE.dll
0x00007ff858480000 - 0x00007ff8584a1000 	C:\Windows\SYSTEM32\profapi.dll
0x00007ff800b80000 - 0x00007ff800c57000 	C:\Program Files\Java\jdk-21\bin\jsvml.dll
0x00007ff852330000 - 0x00007ff852348000 	C:\Program Files\Java\jdk-21\bin\zip.dll
0x00007ff852390000 - 0x00007ff8523a0000 	C:\Program Files\Java\jdk-21\bin\net.dll
0x00007ff848e30000 - 0x00007ff848f66000 	C:\Windows\SYSTEM32\WINHTTP.dll
0x00007ff857930000 - 0x00007ff857999000 	C:\Windows\system32\mswsock.dll
0x00007ff852370000 - 0x00007ff852386000 	C:\Program Files\Java\jdk-21\bin\nio.dll
0x00007ff84ab30000 - 0x00007ff84ab4a000 	C:\Users\DELL\Desktop\IntelliJ IDEA 2024.2\bin\breakgen64.dll
0x00007ff852360000 - 0x00007ff852367000 	C:\Program Files\Java\jdk-21\bin\extnet.dll
0x00007ff84ab20000 - 0x00007ff84ab30000 	C:\Program Files\Java\jdk-21\bin\verify.dll
0x00007ff817b50000 - 0x00007ff817b5e000 	C:\Program Files\Java\jdk-21\bin\sunmscapi.dll
0x00007ff858c60000 - 0x00007ff858dc7000 	C:\Windows\System32\CRYPT32.dll
0x00007ff857da0000 - 0x00007ff857dce000 	C:\Windows\SYSTEM32\ncrypt.dll
0x00007ff857d60000 - 0x00007ff857d97000 	C:\Windows\SYSTEM32\NTASN1.dll
0x00007ff857c80000 - 0x00007ff857c9b000 	C:\Windows\SYSTEM32\CRYPTSP.dll
0x00007ff857430000 - 0x00007ff857465000 	C:\Windows\system32\rsaenh.dll
0x00007ff8579d0000 - 0x00007ff8579f8000 	C:\Windows\SYSTEM32\USERENV.dll
0x00007ff857c60000 - 0x00007ff857c6c000 	C:\Windows\SYSTEM32\CRYPTBASE.dll
0x00007ff856f40000 - 0x00007ff856f6d000 	C:\Windows\SYSTEM32\IPHLPAPI.DLL
0x00007ff85a2e0000 - 0x00007ff85a2e9000 	C:\Windows\System32\NSI.dll
0x00007ff856fb0000 - 0x00007ff8570a8000 	C:\Windows\SYSTEM32\DNSAPI.dll
0x00007ff848e00000 - 0x00007ff848e0a000 	C:\Windows\System32\rasadhlp.dll
0x00007ff845c00000 - 0x00007ff845c83000 	C:\Windows\System32\fwpuclnt.dll
0x00007ff84ab10000 - 0x00007ff84ab1a000 	C:\Program Files\Java\jdk-21\bin\management.dll
0x00007ff849990000 - 0x00007ff84999b000 	C:\Program Files\Java\jdk-21\bin\management_ext.dll
0x00007ff858f60000 - 0x00007ff858f68000 	C:\Windows\System32\PSAPI.DLL

dbghelp: loaded successfully - version: 4.0.5 - missing functions: none
symbol engine: initialized successfully - sym options: 0x614 - pdb path: .;C:\Program Files\Java\jdk-21\bin;C:\Windows\SYSTEM32;C:\Windows\WinSxS\amd64_microsoft.windows.common-controls_6595b64144ccf1df_6.0.22621.3672_none_2713b9d173822955;C:\Program Files (x86)\360\Total Security\safemon;C:\Program Files\Java\jdk-21\bin\server;C:\Users\DELL\Desktop\IntelliJ IDEA 2024.2\bin

VM Arguments:
jvm_args: -ea -Didea.test.cyclic.buffer.size=1048576 -javaagent:C:\Users\DELL\Desktop\IntelliJ IDEA 2024.2\lib\idea_rt.jar=51243:C:\Users\DELL\Desktop\IntelliJ IDEA 2024.2\bin -Dfile.encoding=UTF-8 -Dsun.stdout.encoding=UTF-8 -Dsun.stderr.encoding=UTF-8 
java_command: com.intellij.rt.junit.JUnitStarter -ideVersion5 -junit5 com.africa.semiclon.capStoneProject.service.AgentServiceImplementationTest,testWasteCanBeCollectedByAgent
java_class_path (initial): C:\Users\DELL\.m2\repository\org\junit\platform\junit-platform-launcher\1.10.3\junit-platform-launcher-1.10.3.jar;C:\Users\DELL\.m2\repository\org\junit\vintage\junit-vintage-engine\5.10.3\junit-vintage-engine-5.10.3.jar;C:\Users\DELL\Desktop\IntelliJ IDEA 2024.2\lib\idea_rt.jar;C:\Users\DELL\Desktop\IntelliJ IDEA 2024.2\plugins\junit\lib\junit5-rt.jar;C:\Users\DELL\Desktop\IntelliJ IDEA 2024.2\plugins\junit\lib\junit-rt.jar;C:\Users\DELL\Desktop\CapStoneProject\target\test-classes;C:\Users\DELL\Desktop\CapStoneProject\target\classes;C:\Users\DELL\.m2\repository\org\springframework\boot\spring-boot-starter-data-jpa\3.3.2\spring-boot-starter-data-jpa-3.3.2.jar;C:\Users\DELL\.m2\repository\org\springframework\boot\spring-boot-starter-aop\3.3.2\spring-boot-starter-aop-3.3.2.jar;C:\Users\DELL\.m2\repository\org\aspectj\aspectjweaver\1.9.22.1\aspectjweaver-1.9.22.1.jar;C:\Users\DELL\.m2\repository\org\springframework\boot\spring-boot-starter-jdbc\3.3.2\spring-boot-starter-jdbc-3.3.2.jar;C:\Users\DELL\.m2\repository\com\zaxxer\HikariCP\5.1.0\HikariCP-5.1.0.jar;C:\Users\DELL\.m2\repository\org\springframework\spring-jdbc\6.1.11\spring-jdbc-6.1.11.jar;C:\Users\DELL\.m2\repository\org\hibernate\orm\hibernate-core\6.5.2.Final\hibernate-core-6.5.2.Final.jar;C:\Users\DELL\.m2\repository\jakarta\persistence\jakarta.persistence-api\3.1.0\jakarta.persistence-api-3.1.0.jar;C:\Users\DELL\.m2\repository\jakarta\transaction\jakarta.transaction-api\2.0.1\jakarta.transaction-api-2.0.1.jar;C:\Users\DELL\.m2\repository\org\jboss\logging\jboss-logging\3.5.3.Final\jboss-logging-3.5.3.Final.jar;C:\Users\DELL\.m2\repository\org\hibernate\common\hibernate-commons-annotations\6.0.6.Final\hibernate-commons-annotations-6.0.6.Final.jar;C:\Users\DELL\.m2\repository\io\smallrye\jandex\3.1.2\jandex-3.1.2.jar;C:\Users\DELL\.m2\repository\com\fasterxml\classmate\1.7.0\classmate-1.7.0.jar;C:\Users\DELL\.m2\repository\net\bytebuddy\byte-buddy\1.14.18\byte-buddy-1.14.18.jar;C:\Users\DELL\.m2\repository\org\glassfish\jaxb\jaxb-runtime\4.0.5\jaxb-runtime-4.0.5.jar;C:\Users\DELL\.m2\repository\org\glassfish\jaxb\jaxb-core\4.0.5\jaxb-core-4.0.5.jar;C:\Users\DELL\.m2\repository\org\glassfish\jaxb\txw2\4.0.5\txw2-4.0.5.jar;C:\Users\DELL\.m2\repository\com\sun\istack\istack-commons-runtime\4.1.2\istack-commons-runtime-4.1.2.jar;C:\Users\DELL\.m2\repository\jakarta\inject\jakarta.inject-api\2.0.1\jakarta.inject-api-2.0.1.jar;C:\Users\DELL\.m2\repository\org\antlr\antlr4-runtime\4.13.0\antlr4-runtime-4.13.0.jar;C:\Users\DELL\.m2\repository\org\springframework\data\spring-data-jpa\3.3.2\spring-data-jpa-3.3.2.jar;C:\Users\DELL\.m2\repository\org\springframework\data\spring-data-commons\3.3.2\spring-data-commons-3.3.2.jar;C:\Users\DELL\.m2\repository\org\springframework\spring-orm\6.1.11\spring-orm-6.1.11.jar;C:\Users\DELL\.m2\repository\org\springframework\spring-tx\6.1.11\spring-tx-6.1.11.jar;C:\Users\DELL\.m2\repository\jakarta\annotation\jakarta.annotation-api\2.1.1\jakarta.annotation-api-2.1.1.jar;C:\Users\DELL\.m2\repository\org\slf4j\slf4j-api\2.0.13\slf4j-api-2.0.13.jar;C:\Users\DELL\.m2\repository\org\springframework\spring-aspects\6.1.11\spring-aspects-6.1.11.jar;C:\Users\DELL\.m2\repository\org\springframework\boot\spring-boot-starter-web\3.3.2\spring-boot-starter-web-3.3.2.jar;C:\Users\DELL\.m2\repository\org\springframework\boot\spring-boot-starter\3.3.2\spring-boot-starter-3.3.2.jar;C:\Users\DELL\.m2\repository\org\springframework\boot\spring-boot\3.3.2\spring-boot-3.3.2.jar;C:\Users\DELL\.m2\repository\org\springframework\boot\spring-boot-autoconfigure\3.3.2\spring-boot-autoconfigure-3.3.2.jar;C:\Users\DELL\.m2\repository\org\springframework\boot\spring-boot-starter-logging\3.3.2\spring-boot-starter-logging-3.3.2.jar;C:\Users\DELL\.m2\repository\ch\qos\logback\logback-classic\1.5.6\logback-classic-1.5.6.jar;C:\Users\DELL\.m2\repository\ch\qos\logback\logback-core\1.5.6\logback-core-1.5.6.jar;C:\Users\DELL\.m2\repository\org\apache\logging\log4j\log4j-to-slf4j\2.23.1\log4j-to-slf4j-2.23.1.jar;C:\Users\DELL\.m2\repository\org\apache\logging\log4j\log4j-api\2.23.1\log4j-api-2.23.1.jar;C:\Users\DELL\.m2\repository\org\slf4j\jul-to-slf4j\2.0.13\jul-to-slf4j-2.0.13.jar;C:\Users\DELL\.m2\repository\org\yaml\snakeyaml\2.2\snakeyaml-2.2.jar;C:\Users\DELL\.m2\repository\org\springframework\boot\spring-boot-starter-json\3.3.2\spring-boot-starter-json-3.3.2.jar;C:\Users\DELL\.m2\repository\com\fasterxml\jackson\datatype\jackson-datatype-jdk8\2.17.2\jackson-datatype-jdk8-2.17.2.jar;C:\Users\DELL\.m2\repository\com\fasterxml\jackson\datatype\jackson-datatype-jsr310\2.17.2\jackson-datatype-jsr310-2.17.2.jar;C:\Users\DELL\.m2\repository\com\fasterxml\jackson\module\jackson-module-parameter-names\2.17.2\jackson-module-parameter-names-2.17.2.jar;C:\Users\DELL\.m2\repository\org\springframework\boot\spring-boot-starter-tomcat\3.3.2\spring-boot-starter-tomcat-3.3.2.jar;C:\Users\DELL\.m2\repository\org\apache\tomcat\embed\tomcat-embed-core\10.1.26\tomcat-embed-core-10.1.26.jar;C:\Users\DELL\.m2\repository\org\apache\tomcat\embed\tomcat-embed-el\10.1.26\tomcat-embed-el-10.1.26.jar;C:\Users\DELL\.m2\repository\org\apache\tomcat\embed\tomcat-embed-websocket\10.1.26\tomcat-embed-websocket-10.1.26.jar;C:\Users\DELL\.m2\repository\org\springframework\spring-web\6.1.11\spring-web-6.1.11.jar;C:\Users\DELL\.m2\repository\io\micrometer\micrometer-observation\1.13.2\micrometer-observation-1.13.2.jar;C:\Users\DELL\.m2\repository\io\micrometer\micrometer-commons\1.13.2\micrometer-commons-1.13.2.jar;C:\Users\DELL\.m2\repository\org\springframework\spring-webmvc\6.1.11\spring-webmvc-6.1.11.jar;C:\Users\DELL\.m2\repository\org\springframework\boot\spring-boot-starter-mail\3.3.2\spring-boot-starter-mail-3.3.2.jar;C:\Users\DELL\.m2\repository\org\springframework\spring-context-support\6.1.11\spring-context-support-6.1.11.jar;C:\Users\DELL\.m2\repository\org\eclipse\angus\jakarta.mail\2.0.3\jakarta.mail-2.0.3.jar;C:\Users\DELL\.m2\repository\jakarta\activation\jakarta.activation-api\2.1.3\jakarta.activation-api-2.1.3.jar;C:\Users\DELL\.m2\repository\org\eclipse\angus\angus-activation\2.0.2\angus-activation-2.0.2.jar;C:\Users\DELL\.m2\repository\org\springframework\boot\spring-boot-starter-websocket\3.3.2\spring-boot-starter-websocket-3.3.2.jar;C:\Users\DELL\.m2\repository\org\springframework\spring-messaging\6.1.11\spring-messaging-6.1.11.jar;C:\Users\DELL\.m2\repository\org\springframework\spring-websocket\6.1.11\spring-websocket-6.1.11.jar;C:\Users\DELL\.m2\repository\org\springframework\security\spring-security-test\6.3.1\spring-security-test-6.3.1.jar;C:\Users\DELL\.m2\repository\org\springframework\security\spring-security-core\6.3.1\spring-security-core-6.3.1.jar;C:\Users\DELL\.m2\repository\org\springframework\security\spring-security-crypto\6.3.1\spring-security-crypto-6.3.1.jar;C:\Users\DELL\.m2\repository\org\springframework\spring-core\6.1.11\spring-core-6.1.11.jar;C:\Users\DELL\.m2\repository\org\springframework\spring-jcl\6.1.11\spring-jcl-6.1.11.jar;C:\Users\DELL\.m2\repository\org\springframework\spring-test\6.1.11\spring-test-6.1.11.jar;C:\Users\DELL\.m2\repository\com\cloudinary\cloudinary-http44\1.32.2\cloudinary-http44-1.32.2.jar;C:\Users\DELL\.m2\repository\com\cloudinary\cloudinary-core\1.32.2\cloudinary-core-1.32.2.jar;C:\Users\DELL\.m2\repository\org\apache\commons\commons-lang3\3.14.0\commons-lang3-3.14.0.jar;C:\Users\DELL\.m2\repository\org\apache\httpcomponents\httpmime\4.4\httpmime-4.4.jar;C:\Users\DELL\.m2\repository\org\postgresql\postgresql\42.7.3\postgresql-42.7.3.jar;C:\Users\DELL\.m2\repository\org\checkerframework\checker-qual\3.42.0\checker-qual-3.42.0.jar;C:\Users\DELL\.m2\repository\org\projectlombok\lombok\1.18.34\lombok-1.18.34.jar;C:\Users\DELL\.m2\repository\org\springframework\boot\spring-boot-starter-test\3.3.2\spring-boot-starter-test-3.3.2.jar;C:\Users\DELL\.m2\repository\org\springframework\boot\spring-boot-test\3.3.2\spring-boot-test-3.3.2.jar;C:\Users\DELL\.m2\repository\org\springframework\boot\spring-boot-test-autoconfigure\3.3.2\spring-boot-test-autoconfigure-3.3.2.jar;C:\Users\DELL\.m2\repository\com\jayway\jsonpath\json-path\2.9.0\json-path-2.9.0.jar;C:\Users\DELL\.m2\repository\jakarta\xml\bind\jakarta.xml.bind-api\4.0.2\jakarta.xml.bind-api-4.0.2.jar;C:\Users\DELL\.m2\repository\net\minidev\json-smart\2.5.1\json-smart-2.5.1.jar;C:\Users\DELL\.m2\repository\net\minidev\accessors-smart\2.5.1\accessors-smart-2.5.1.jar;C:\Users\DELL\.m2\repository\org\ow2\asm\asm\9.6\asm-9.6.jar;C:\Users\DELL\.m2\repository\org\assertj\assertj-core\3.25.3\assertj-core-3.25.3.jar;C:\Users\DELL\.m2\repository\org\awaitility\awaitility\4.2.1\awaitility-4.2.1.jar;C:\Users\DELL\.m2\repository\org\hamcrest\hamcrest\2.2\hamcrest-2.2.jar;C:\Users\DELL\.m2\repository\org\junit\jupiter\junit-jupiter\5.10.3\junit-jupiter-5.10.3.jar;C:\Users\DELL\.m2\repository\org\junit\jupiter\junit-jupiter-api\5.10.3\junit-jupiter-api-5.10.3.jar;C:\Users\DELL\.m2\repository\org\opentest4j\opentest4j\1.3.0\opentest4j-1.3.0.jar;C:\Users\DELL\.m2\repository\org\junit\platform\junit-platform-commons\1.10.3\junit-platform-commons-1.10.3.jar;C:\Users\DELL\.m2\repository\org\apiguardian\apiguardian-api\1.1.2\apiguardian-api-1.1.2.jar;C:\Users\DELL\.m2\repository\org\junit\jupiter\junit-jupiter-params\5.10.3\junit-jupiter-params-5.10.3.jar;C:\Users\DELL\.m2\repository\org\junit\jupiter\junit-jupiter-engine\5.10.3\junit-jupiter-engine-5.10.3.jar;C:\Users\DELL\.m2\repository\org\junit\platform\junit-platform-engine\1.10.3\junit-platform-engine-1.10.3.jar;C:\Users\DELL\.m2\repository\org\mockito\mockito-core\5.11.0\mockito-core-5.11.0.jar;C:\Users\DELL\.m2\repository\net\bytebuddy\byte-buddy-agent\1.14.18\byte-buddy-agent-1.14.18.jar;C:\Users\DELL\.m2\repository\org\objenesis\objenesis\3.3\objenesis-3.3.jar;C:\Users\DELL\.m2\repository\org\mockito\mockito-junit-jupiter\5.11.0\mockito-junit-jupiter-5.11.0.jar;C:\Users\DELL\.m2\repository\org\skyscreamer\jsonassert\1.5.3\jsonassert-1.5.3.jar;C:\Users\DELL\.m2\repository\com\vaadin\external\google\android-json\0.0.20131108.vaadin1\android-json-0.0.20131108.vaadin1.jar;C:\Users\DELL\.m2\repository\org\xmlunit\xmlunit-core\2.9.1\xmlunit-core-2.9.1.jar;C:\Users\DELL\.m2\repository\org\modelmapper\modelmapper\3.1.1\modelmapper-3.1.1.jar;C:\Users\DELL\.m2\repository\com\auth0\java-jwt\4.4.0\java-jwt-4.4.0.jar;C:\Users\DELL\.m2\repository\com\fasterxml\jackson\core\jackson-databind\2.17.2\jackson-databind-2.17.2.jar;C:\Users\DELL\.m2\repository\com\fasterxml\jackson\core\jackson-annotations\2.17.2\jackson-annotations-2.17.2.jar;C:\Users\DELL\.m2\repository\com\fasterxml\jackson\core\jackson-core\2.17.2\jackson-core-2.17.2.jar;C:\Users\DELL\.m2\repository\com\github\java-json-tools\json-patch\1.13\json-patch-1.13.jar;C:\Users\DELL\.m2\repository\com\github\java-json-tools\msg-simple\1.2\msg-simple-1.2.jar;C:\Users\DELL\.m2\repository\com\github\java-json-tools\btf\1.3\btf-1.3.jar;C:\Users\DELL\.m2\repository\com\google\code\findbugs\jsr305\2.0.1\jsr305-2.0.1.jar;C:\Users\DELL\.m2\repository\com\github\java-json-tools\jackson-coreutils\2.0\jackson-coreutils-2.0.jar;C:\Users\DELL\.m2\repository\javax\mail\javax.mail-api\1.6.2\javax.mail-api-1.6.2.jar;C:\Users\DELL\.m2\repository\org\springframework\boot\spring-boot-starter-security\3.3.2\spring-boot-starter-security-3.3.2.jar;C:\Users\DELL\.m2\repository\org\springframework\spring-aop\6.1.11\spring-aop-6.1.11.jar;C:\Users\DELL\.m2\repository\javax\validation\validation-api\2.0.1.Final\validation-api-2.0.1.Final.jar;C:\Users\DELL\.m2\repository\org\mongodb\bson\5.1.1\bson-5.1.1.jar;C:\Users\DELL\.m2\repository\io\github\java-native\jssc\2.9.6\jssc-2.9.6.jar;C:\Users\DELL\.m2\repository\org\scijava\native-lib-loader\2.5.0\native-lib-loader-2.5.0.jar;C:\Users\DELL\.m2\repository\org\apache\httpcomponents\httpcore\4.4.16\httpcore-4.4.16.jar;C:\Users\DELL\.m2\repository\org\apache\httpcomponents\httpclient\4.5.14\httpclient-4.5.14.jar;C:\Users\DELL\.m2\repository\commons-logging\commons-logging\1.2\commons-logging-1.2.jar;C:\Users\DELL\.m2\repository\commons-codec\commons-codec\1.16.1\commons-codec-1.16.1.jar;C:\Users\DELL\.m2\repository\com\google\code\gson\gson\2.10.1\gson-2.10.1.jar;C:\Users\DELL\.m2\repository\junit\junit\4.13.2\junit-4.13.2.jar;C:\Users\DELL\.m2\repository\org\hamcrest\hamcrest-core\2.2\hamcrest-core-2.2.jar;C:\Users\DELL\.m2\repository\org\springframework\security\spring-security-web\6.3.1\spring-security-web-6.3.1.jar;C:\Users\DELL\.m2\repository\org\springframework\spring-beans\6.1.11\spring-beans-6.1.11.jar;C:\Users\DELL\.m2\repository\org\springframework\spring-context\6.1.11\spring-context-6.1.11.jar;C:\Users\DELL\.m2\repository\org\springframework\spring-expression\6.1.11\spring-expression-6.1.11.jar;C:\Users\DELL\.m2\repository\org\springframework\security\spring-security-config\6.3.1\spring-security-config-6.3.1.jar
Launcher Type: SUN_STANDARD

[Global flags]
     intx CICompilerCount                          = 3                                         {product} {ergonomic}
     uint ConcGCThreads                            = 1                                         {product} {ergonomic}
     uint G1ConcRefinementThreads                  = 4                                         {product} {ergonomic}
   size_t G1HeapRegionSize                         = 1048576                                   {product} {ergonomic}
    uintx GCDrainStackTargetSize                   = 64                                        {product} {ergonomic}
   size_t InitialHeapSize                          = 134217728                                 {product} {ergonomic}
   size_t MarkStackSize                            = 4194304                                   {product} {ergonomic}
   size_t MaxHeapSize                              = 2120220672                                {product} {ergonomic}
   size_t MaxNewSize                               = 1271922688                                {product} {ergonomic}
   size_t MinHeapDeltaBytes                        = 1048576                                   {product} {ergonomic}
   size_t MinHeapSize                              = 8388608                                   {product} {ergonomic}
    uintx NonNMethodCodeHeapSize                   = 5832780                                {pd product} {ergonomic}
    uintx NonProfiledCodeHeapSize                  = 122912730                              {pd product} {ergonomic}
    uintx ProfiledCodeHeapSize                     = 122912730                              {pd product} {ergonomic}
    uintx ReservedCodeCacheSize                    = 251658240                              {pd product} {ergonomic}
     bool SegmentedCodeCache                       = true                                      {product} {ergonomic}
   size_t SoftMaxHeapSize                          = 2120220672                             {manageable} {ergonomic}
     bool UseCompressedOops                        = true                           {product lp64_product} {ergonomic}
     bool UseG1GC                                  = true                                      {product} {ergonomic}
     bool UseLargePagesIndividualAllocation        = false                                  {pd product} {ergonomic}

Logging:
Log output configuration:
 #0: stdout all=warning uptime,level,tags foldmultilines=false
 #1: stderr all=off uptime,level,tags foldmultilines=false

Environment Variables:
PATH=C:\Program Files (x86)\Common Files\Oracle\Java\javapath;C:\Program Files\Common Files\Oracle\Java\javapath;C:\Windows\system32;C:\Windows;C:\Windows\System32\Wbem;C:\Windows\System32\WindowsPowerShell\v1.0\;C:\Windows\System32\OpenSSH\;C:\Program Files\Git\cmd;C:\Program Files (x86)\Microsoft SQL Server\150\DTS\Binn\;C:\Program Files\Microsoft SQL Server\Client SDK\ODBC\130\Tools\Binn\;C:\Program Files (x86)\Microsoft SQL Server\140\Tools\Binn\;C:\Program Files\Microsoft SQL Server\140\Tools\Binn\;C:\Program Files\Microsoft SQL Server\140\DTS\Binn\;C:\Program Files\nodejs\;C:\Program Files\Go\bin;C:\Program Files\Docker\Docker\resources\bin;C:\Program Files\PuTTY\;C:\Program Files\MySQL\MySQL Shell 8.0\bin\;C:\Users\DELL\AppData\Local\Programs\Python\Python312\Scripts\;C:\Users\DELL\AppData\Local\Programs\Python\Python312\;C:\Users\DELL\AppData\Local\Microsoft\WindowsApps;;C:\Program Files\JetBrains\IntelliJ IDEA 2023.3.2\bin;;C:\Users\DELL\AppData\Local\Programs\Microsoft VS Code\bin;C:\Users\DELL\AppData\Roaming\npm;C:\Users\DELL\go\bin
USERNAME=DELL
OS=Windows_NT
PROCESSOR_IDENTIFIER=Intel64 Family 6 Model 78 Stepping 3, GenuineIntel
TMP=C:\Users\DELL\AppData\Local\Temp
TEMP=C:\Users\DELL\AppData\Local\Temp




Periodic native trim disabled

---------------  S Y S T E M  ---------------

OS:
 Windows 11 , 64 bit Build 22621 (10.0.22621.3958)
OS uptime: 0 days 0:11 hours
Hyper-V role detected

CPU: total 4 (initial active 4) (2 cores per cpu, 2 threads per core) family 6 model 78 stepping 3 microcode 0xf0, cx8, cmov, fxsr, ht, mmx, 3dnowpref, sse, sse2, sse3, ssse3, sse4.1, sse4.2, popcnt, lzcnt, tsc, tscinvbit, avx, avx2, aes, erms, clmul, bmi1, bmi2, rtm, adx, fma, vzeroupper, clflush, clflushopt, hv, rdtscp, f16c
Processor Information for all 4 processors :
  Max Mhz: 2501, Current Mhz: 2200, Mhz Limit: 2175

Memory: 4k page, system-wide physical 8083M (209M free)
TotalPageFile size 20326M (AvailPageFile size 11435M)
current process WorkingSet (physical memory assigned to process): 213M, peak: 213M
current process commit charge ("private bytes"): 243M, peak: 252M

vm_info: Java HotSpot(TM) 64-Bit Server VM (21.0.1+12-LTS-29) for windows-amd64 JRE (21.0.1+12-LTS-29), built on 2023-10-05T13:27:09Z by "mach5one" with MS VC++ 17.1 (VS2022)

END.
